<?xml version="1.0" encoding="UTF-8"?>
<testsuite xmlns:xsi="http://www.w3.org/2001/XMLSchema-instance" xsi:noNamespaceSchemaLocation="https://maven.apache.org/surefire/maven-surefire-plugin/xsd/surefire-test-report.xsd" name="TestSuite" time="43.849" tests="52" errors="0" skipped="0" failures="52">
  <properties>
    <property name="sun.desktop" value="windows"/>
    <property name="awt.toolkit" value="sun.awt.windows.WToolkit"/>
    <property name="file.encoding.pkg" value="sun.io"/>
    <property name="java.specification.version" value="1.8"/>
    <property name="sun.cpu.isalist" value="amd64"/>
    <property name="sun.jnu.encoding" value="GBK"/>
    <property name="java.class.path" value="C:\Users\qian\Desktop\macaca-crm-autotest\target\test-classes;C:\Users\qian\Desktop\macaca-crm-autotest\target\classes;D:\maven-repository\junit\junit\4.12\junit-4.12.jar;D:\maven-repository\org\hamcrest\hamcrest-core\1.3\hamcrest-core-1.3.jar;D:\maven-repository\macaca\java\biz\1.1.17\biz-1.1.17.jar;D:\maven-repository\macaca\webdriver\client\macacaclient\2.0.24\macacaclient-2.0.24.jar;D:\maven-repository\com\alibaba\fastjson\1.2.15\fastjson-1.2.15.jar;D:\maven-repository\org\apache\httpcomponents\httpclient\4.5.2\httpclient-4.5.2.jar;D:\maven-repository\org\apache\httpcomponents\httpcore\4.4.4\httpcore-4.4.4.jar;D:\maven-repository\commons-logging\commons-logging\1.2\commons-logging-1.2.jar;D:\maven-repository\commons-codec\commons-codec\1.9\commons-codec-1.9.jar;D:\maven-repository\log4j\log4j\1.2.17\log4j-1.2.17.jar;D:\maven-repository\org\hamcrest\hamcrest-library\1.2\hamcrest-library-1.2.jar;D:\maven-repository\org\dbunit\dbunit\2.5.1\dbunit-2.5.1.jar;D:\maven-repository\org\slf4j\slf4j-api\1.7.12\slf4j-api-1.7.12.jar;D:\maven-repository\commons-collections\commons-collections\3.2.1\commons-collections-3.2.1.jar;D:\maven-repository\org\apache\poi\poi-ooxml\3.11\poi-ooxml-3.11.jar;D:\maven-repository\org\apache\poi\poi\3.11\poi-3.11.jar;D:\maven-repository\org\apache\poi\poi-ooxml-schemas\3.11\poi-ooxml-schemas-3.11.jar;D:\maven-repository\org\apache\xmlbeans\xmlbeans\2.6.0\xmlbeans-2.6.0.jar;D:\maven-repository\stax\stax-api\1.0.1\stax-api-1.0.1.jar;D:\maven-repository\mysql\mysql-connector-java\5.1.38\mysql-connector-java-5.1.38.jar;D:\maven-repository\org\bytedeco\javacv-platform\1.4.2\javacv-platform-1.4.2.jar;D:\maven-repository\org\bytedeco\javacv\1.4.2\javacv-1.4.2.jar;D:\maven-repository\org\bytedeco\javacpp\1.4.2\javacpp-1.4.2.jar;D:\maven-repository\org\bytedeco\javacpp-presets\opencv\3.4.2-1.4.2\opencv-3.4.2-1.4.2.jar;D:\maven-repository\org\bytedeco\javacpp-presets\ffmpeg\4.0.1-1.4.2\ffmpeg-4.0.1-1.4.2.jar;D:\maven-repository\org\bytedeco\javacpp-presets\flycapture\2.11.3.121-1.4.2\flycapture-2.11.3.121-1.4.2.jar;D:\maven-repository\org\bytedeco\javacpp-presets\libdc1394\2.2.5-1.4.2\libdc1394-2.2.5-1.4.2.jar;D:\maven-repository\org\bytedeco\javacpp-presets\libfreenect\0.5.3-1.4.2\libfreenect-0.5.3-1.4.2.jar;D:\maven-repository\org\bytedeco\javacpp-presets\libfreenect2\0.2.0-1.4.2\libfreenect2-0.2.0-1.4.2.jar;D:\maven-repository\org\bytedeco\javacpp-presets\librealsense\1.12.1-1.4.2\librealsense-1.12.1-1.4.2.jar;D:\maven-repository\org\bytedeco\javacpp-presets\videoinput\0.200-1.4.2\videoinput-0.200-1.4.2.jar;D:\maven-repository\org\bytedeco\javacpp-presets\artoolkitplus\2.3.1-1.4.2\artoolkitplus-2.3.1-1.4.2.jar;D:\maven-repository\org\bytedeco\javacpp-presets\flandmark\1.07-1.4.2\flandmark-1.07-1.4.2.jar;D:\maven-repository\org\bytedeco\javacpp-presets\leptonica\1.76.0-1.4.2\leptonica-1.76.0-1.4.2.jar;D:\maven-repository\org\bytedeco\javacpp-presets\tesseract\4.0.0-beta.3-1.4.2\tesseract-4.0.0-beta.3-1.4.2.jar;D:\maven-repository\org\bytedeco\javacpp-presets\opencv-platform\3.4.2-1.4.2\opencv-platform-3.4.2-1.4.2.jar;D:\maven-repository\org\bytedeco\javacpp-presets\opencv\3.4.2-1.4.2\opencv-3.4.2-1.4.2-android-arm.jar;D:\maven-repository\org\bytedeco\javacpp-presets\opencv\3.4.2-1.4.2\opencv-3.4.2-1.4.2-android-arm64.jar;D:\maven-repository\org\bytedeco\javacpp-presets\opencv\3.4.2-1.4.2\opencv-3.4.2-1.4.2-android-x86.jar;D:\maven-repository\org\bytedeco\javacpp-presets\opencv\3.4.2-1.4.2\opencv-3.4.2-1.4.2-android-x86_64.jar;D:\maven-repository\org\bytedeco\javacpp-presets\opencv\3.4.2-1.4.2\opencv-3.4.2-1.4.2-ios-arm64.jar;D:\maven-repository\org\bytedeco\javacpp-presets\opencv\3.4.2-1.4.2\opencv-3.4.2-1.4.2-ios-x86_64.jar;D:\maven-repository\org\bytedeco\javacpp-presets\opencv\3.4.2-1.4.2\opencv-3.4.2-1.4.2-linux-x86.jar;D:\maven-repository\org\bytedeco\javacpp-presets\opencv\3.4.2-1.4.2\opencv-3.4.2-1.4.2-linux-x86_64.jar;D:\maven-repository\org\bytedeco\javacpp-presets\opencv\3.4.2-1.4.2\opencv-3.4.2-1.4.2-linux-armhf.jar;D:\maven-repository\org\bytedeco\javacpp-presets\opencv\3.4.2-1.4.2\opencv-3.4.2-1.4.2-linux-ppc64le.jar;D:\maven-repository\org\bytedeco\javacpp-presets\opencv\3.4.2-1.4.2\opencv-3.4.2-1.4.2-macosx-x86_64.jar;D:\maven-repository\org\bytedeco\javacpp-presets\opencv\3.4.2-1.4.2\opencv-3.4.2-1.4.2-windows-x86.jar;D:\maven-repository\org\bytedeco\javacpp-presets\opencv\3.4.2-1.4.2\opencv-3.4.2-1.4.2-windows-x86_64.jar;D:\maven-repository\org\bytedeco\javacpp-presets\ffmpeg-platform\4.0.1-1.4.2\ffmpeg-platform-4.0.1-1.4.2.jar;D:\maven-repository\org\bytedeco\javacpp-presets\ffmpeg\4.0.1-1.4.2\ffmpeg-4.0.1-1.4.2-android-arm.jar;D:\maven-repository\org\bytedeco\javacpp-presets\ffmpeg\4.0.1-1.4.2\ffmpeg-4.0.1-1.4.2-android-arm64.jar;D:\maven-repository\org\bytedeco\javacpp-presets\ffmpeg\4.0.1-1.4.2\ffmpeg-4.0.1-1.4.2-android-x86.jar;D:\maven-repository\org\bytedeco\javacpp-presets\ffmpeg\4.0.1-1.4.2\ffmpeg-4.0.1-1.4.2-android-x86_64.jar;D:\maven-repository\org\bytedeco\javacpp-presets\ffmpeg\4.0.1-1.4.2\ffmpeg-4.0.1-1.4.2-linux-x86.jar;D:\maven-repository\org\bytedeco\javacpp-presets\ffmpeg\4.0.1-1.4.2\ffmpeg-4.0.1-1.4.2-linux-x86_64.jar;D:\maven-repository\org\bytedeco\javacpp-presets\ffmpeg\4.0.1-1.4.2\ffmpeg-4.0.1-1.4.2-linux-armhf.jar;D:\maven-repository\org\bytedeco\javacpp-presets\ffmpeg\4.0.1-1.4.2\ffmpeg-4.0.1-1.4.2-linux-ppc64le.jar;D:\maven-repository\org\bytedeco\javacpp-presets\ffmpeg\4.0.1-1.4.2\ffmpeg-4.0.1-1.4.2-macosx-x86_64.jar;D:\maven-repository\org\bytedeco\javacpp-presets\ffmpeg\4.0.1-1.4.2\ffmpeg-4.0.1-1.4.2-windows-x86.jar;D:\maven-repository\org\bytedeco\javacpp-presets\ffmpeg\4.0.1-1.4.2\ffmpeg-4.0.1-1.4.2-windows-x86_64.jar;D:\maven-repository\org\bytedeco\javacpp-presets\flycapture-platform\2.11.3.121-1.4.2\flycapture-platform-2.11.3.121-1.4.2.jar;D:\maven-repository\org\bytedeco\javacpp-presets\flycapture\2.11.3.121-1.4.2\flycapture-2.11.3.121-1.4.2-linux-x86.jar;D:\maven-repository\org\bytedeco\javacpp-presets\flycapture\2.11.3.121-1.4.2\flycapture-2.11.3.121-1.4.2-linux-x86_64.jar;D:\maven-repository\org\bytedeco\javacpp-presets\flycapture\2.11.3.121-1.4.2\flycapture-2.11.3.121-1.4.2-linux-armhf.jar;D:\maven-repository\org\bytedeco\javacpp-presets\flycapture\2.11.3.121-1.4.2\flycapture-2.11.3.121-1.4.2-windows-x86.jar;D:\maven-repository\org\bytedeco\javacpp-presets\flycapture\2.11.3.121-1.4.2\flycapture-2.11.3.121-1.4.2-windows-x86_64.jar;D:\maven-repository\org\bytedeco\javacpp-presets\libdc1394-platform\2.2.5-1.4.2\libdc1394-platform-2.2.5-1.4.2.jar;D:\maven-repository\org\bytedeco\javacpp-presets\libdc1394\2.2.5-1.4.2\libdc1394-2.2.5-1.4.2-linux-x86.jar;D:\maven-repository\org\bytedeco\javacpp-presets\libdc1394\2.2.5-1.4.2\libdc1394-2.2.5-1.4.2-linux-x86_64.jar;D:\maven-repository\org\bytedeco\javacpp-presets\libdc1394\2.2.5-1.4.2\libdc1394-2.2.5-1.4.2-linux-armhf.jar;D:\maven-repository\org\bytedeco\javacpp-presets\libdc1394\2.2.5-1.4.2\libdc1394-2.2.5-1.4.2-linux-ppc64le.jar;D:\maven-repository\org\bytedeco\javacpp-presets\libdc1394\2.2.5-1.4.2\libdc1394-2.2.5-1.4.2-macosx-x86_64.jar;D:\maven-repository\org\bytedeco\javacpp-presets\libdc1394\2.2.5-1.4.2\libdc1394-2.2.5-1.4.2-windows-x86.jar;D:\maven-repository\org\bytedeco\javacpp-presets\libdc1394\2.2.5-1.4.2\libdc1394-2.2.5-1.4.2-windows-x86_64.jar;D:\maven-repository\org\bytedeco\javacpp-presets\libfreenect-platform\0.5.3-1.4.2\libfreenect-platform-0.5.3-1.4.2.jar;D:\maven-repository\org\bytedeco\javacpp-presets\libfreenect\0.5.3-1.4.2\libfreenect-0.5.3-1.4.2-linux-x86.jar;D:\maven-repository\org\bytedeco\javacpp-presets\libfreenect\0.5.3-1.4.2\libfreenect-0.5.3-1.4.2-linux-x86_64.jar;D:\maven-repository\org\bytedeco\javacpp-presets\libfreenect\0.5.3-1.4.2\libfreenect-0.5.3-1.4.2-linux-armhf.jar;D:\maven-repository\org\bytedeco\javacpp-presets\libfreenect\0.5.3-1.4.2\libfreenect-0.5.3-1.4.2-linux-ppc64le.jar;D:\maven-repository\org\bytedeco\javacpp-presets\libfreenect\0.5.3-1.4.2\libfreenect-0.5.3-1.4.2-macosx-x86_64.jar;D:\maven-repository\org\bytedeco\javacpp-presets\libfreenect\0.5.3-1.4.2\libfreenect-0.5.3-1.4.2-windows-x86.jar;D:\maven-repository\org\bytedeco\javacpp-presets\libfreenect\0.5.3-1.4.2\libfreenect-0.5.3-1.4.2-windows-x86_64.jar;D:\maven-repository\org\bytedeco\javacpp-presets\libfreenect2-platform\0.2.0-1.4.2\libfreenect2-platform-0.2.0-1.4.2.jar;D:\maven-repository\org\bytedeco\javacpp-presets\libfreenect2\0.2.0-1.4.2\libfreenect2-0.2.0-1.4.2-linux-x86.jar;D:\maven-repository\org\bytedeco\javacpp-presets\libfreenect2\0.2.0-1.4.2\libfreenect2-0.2.0-1.4.2-linux-x86_64.jar;D:\maven-repository\org\bytedeco\javacpp-presets\libfreenect2\0.2.0-1.4.2\libfreenect2-0.2.0-1.4.2-macosx-x86_64.jar;D:\maven-repository\org\bytedeco\javacpp-presets\libfreenect2\0.2.0-1.4.2\libfreenect2-0.2.0-1.4.2-windows-x86_64.jar;D:\maven-repository\org\bytedeco\javacpp-presets\librealsense-platform\1.12.1-1.4.2\librealsense-platform-1.12.1-1.4.2.jar;D:\maven-repository\org\bytedeco\javacpp-presets\librealsense\1.12.1-1.4.2\librealsense-1.12.1-1.4.2-linux-x86.jar;D:\maven-repository\org\bytedeco\javacpp-presets\librealsense\1.12.1-1.4.2\librealsense-1.12.1-1.4.2-linux-x86_64.jar;D:\maven-repository\org\bytedeco\javacpp-presets\librealsense\1.12.1-1.4.2\librealsense-1.12.1-1.4.2-macosx-x86_64.jar;D:\maven-repository\org\bytedeco\javacpp-presets\librealsense\1.12.1-1.4.2\librealsense-1.12.1-1.4.2-windows-x86.jar;D:\maven-repository\org\bytedeco\javacpp-presets\librealsense\1.12.1-1.4.2\librealsense-1.12.1-1.4.2-windows-x86_64.jar;D:\maven-repository\org\bytedeco\javacpp-presets\videoinput-platform\0.200-1.4.2\videoinput-platform-0.200-1.4.2.jar;D:\maven-repository\org\bytedeco\javacpp-presets\videoinput\0.200-1.4.2\videoinput-0.200-1.4.2-windows-x86.jar;D:\maven-repository\org\bytedeco\javacpp-presets\videoinput\0.200-1.4.2\videoinput-0.200-1.4.2-windows-x86_64.jar;D:\maven-repository\org\bytedeco\javacpp-presets\artoolkitplus-platform\2.3.1-1.4.2\artoolkitplus-platform-2.3.1-1.4.2.jar;D:\maven-repository\org\bytedeco\javacpp-presets\artoolkitplus\2.3.1-1.4.2\artoolkitplus-2.3.1-1.4.2-android-arm.jar;D:\maven-repository\org\bytedeco\javacpp-presets\artoolkitplus\2.3.1-1.4.2\artoolkitplus-2.3.1-1.4.2-android-arm64.jar;D:\maven-repository\org\bytedeco\javacpp-presets\artoolkitplus\2.3.1-1.4.2\artoolkitplus-2.3.1-1.4.2-android-x86.jar;D:\maven-repository\org\bytedeco\javacpp-presets\artoolkitplus\2.3.1-1.4.2\artoolkitplus-2.3.1-1.4.2-android-x86_64.jar;D:\maven-repository\org\bytedeco\javacpp-presets\artoolkitplus\2.3.1-1.4.2\artoolkitplus-2.3.1-1.4.2-linux-x86.jar;D:\maven-repository\org\bytedeco\javacpp-presets\artoolkitplus\2.3.1-1.4.2\artoolkitplus-2.3.1-1.4.2-linux-x86_64.jar;D:\maven-repository\org\bytedeco\javacpp-presets\artoolkitplus\2.3.1-1.4.2\artoolkitplus-2.3.1-1.4.2-linux-armhf.jar;D:\maven-repository\org\bytedeco\javacpp-presets\artoolkitplus\2.3.1-1.4.2\artoolkitplus-2.3.1-1.4.2-linux-ppc64le.jar;D:\maven-repository\org\bytedeco\javacpp-presets\artoolkitplus\2.3.1-1.4.2\artoolkitplus-2.3.1-1.4.2-macosx-x86_64.jar;D:\maven-repository\org\bytedeco\javacpp-presets\artoolkitplus\2.3.1-1.4.2\artoolkitplus-2.3.1-1.4.2-windows-x86.jar;D:\maven-repository\org\bytedeco\javacpp-presets\artoolkitplus\2.3.1-1.4.2\artoolkitplus-2.3.1-1.4.2-windows-x86_64.jar;D:\maven-repository\org\bytedeco\javacpp-presets\flandmark-platform\1.07-1.4.2\flandmark-platform-1.07-1.4.2.jar;D:\maven-repository\org\bytedeco\javacpp-presets\flandmark\1.07-1.4.2\flandmark-1.07-1.4.2-android-arm.jar;D:\maven-repository\org\bytedeco\javacpp-presets\flandmark\1.07-1.4.2\flandmark-1.07-1.4.2-android-arm64.jar;D:\maven-repository\org\bytedeco\javacpp-presets\flandmark\1.07-1.4.2\flandmark-1.07-1.4.2-android-x86.jar;D:\maven-repository\org\bytedeco\javacpp-presets\flandmark\1.07-1.4.2\flandmark-1.07-1.4.2-android-x86_64.jar;D:\maven-repository\org\bytedeco\javacpp-presets\flandmark\1.07-1.4.2\flandmark-1.07-1.4.2-linux-x86.jar;D:\maven-repository\org\bytedeco\javacpp-presets\flandmark\1.07-1.4.2\flandmark-1.07-1.4.2-linux-x86_64.jar;D:\maven-repository\org\bytedeco\javacpp-presets\flandmark\1.07-1.4.2\flandmark-1.07-1.4.2-linux-armhf.jar;D:\maven-repository\org\bytedeco\javacpp-presets\flandmark\1.07-1.4.2\flandmark-1.07-1.4.2-linux-ppc64le.jar;D:\maven-repository\org\bytedeco\javacpp-presets\flandmark\1.07-1.4.2\flandmark-1.07-1.4.2-macosx-x86_64.jar;D:\maven-repository\org\bytedeco\javacpp-presets\flandmark\1.07-1.4.2\flandmark-1.07-1.4.2-windows-x86.jar;D:\maven-repository\org\bytedeco\javacpp-presets\flandmark\1.07-1.4.2\flandmark-1.07-1.4.2-windows-x86_64.jar;D:\maven-repository\org\bytedeco\javacpp-presets\leptonica-platform\1.76.0-1.4.2\leptonica-platform-1.76.0-1.4.2.jar;D:\maven-repository\org\bytedeco\javacpp-presets\leptonica\1.76.0-1.4.2\leptonica-1.76.0-1.4.2-android-arm.jar;D:\maven-repository\org\bytedeco\javacpp-presets\leptonica\1.76.0-1.4.2\leptonica-1.76.0-1.4.2-android-arm64.jar;D:\maven-repository\org\bytedeco\javacpp-presets\leptonica\1.76.0-1.4.2\leptonica-1.76.0-1.4.2-android-x86.jar;D:\maven-repository\org\bytedeco\javacpp-presets\leptonica\1.76.0-1.4.2\leptonica-1.76.0-1.4.2-android-x86_64.jar;D:\maven-repository\org\bytedeco\javacpp-presets\leptonica\1.76.0-1.4.2\leptonica-1.76.0-1.4.2-linux-x86.jar;D:\maven-repository\org\bytedeco\javacpp-presets\leptonica\1.76.0-1.4.2\leptonica-1.76.0-1.4.2-linux-x86_64.jar;D:\maven-repository\org\bytedeco\javacpp-presets\leptonica\1.76.0-1.4.2\leptonica-1.76.0-1.4.2-linux-armhf.jar;D:\maven-repository\org\bytedeco\javacpp-presets\leptonica\1.76.0-1.4.2\leptonica-1.76.0-1.4.2-linux-ppc64le.jar;D:\maven-repository\org\bytedeco\javacpp-presets\leptonica\1.76.0-1.4.2\leptonica-1.76.0-1.4.2-macosx-x86_64.jar;D:\maven-repository\org\bytedeco\javacpp-presets\leptonica\1.76.0-1.4.2\leptonica-1.76.0-1.4.2-windows-x86.jar;D:\maven-repository\org\bytedeco\javacpp-presets\leptonica\1.76.0-1.4.2\leptonica-1.76.0-1.4.2-windows-x86_64.jar;D:\maven-repository\org\bytedeco\javacpp-presets\tesseract-platform\4.0.0-beta.3-1.4.2\tesseract-platform-4.0.0-beta.3-1.4.2.jar;D:\maven-repository\org\bytedeco\javacpp-presets\tesseract\4.0.0-beta.3-1.4.2\tesseract-4.0.0-beta.3-1.4.2-android-arm.jar;D:\maven-repository\org\bytedeco\javacpp-presets\tesseract\4.0.0-beta.3-1.4.2\tesseract-4.0.0-beta.3-1.4.2-android-arm64.jar;D:\maven-repository\org\bytedeco\javacpp-presets\tesseract\4.0.0-beta.3-1.4.2\tesseract-4.0.0-beta.3-1.4.2-android-x86.jar;D:\maven-repository\org\bytedeco\javacpp-presets\tesseract\4.0.0-beta.3-1.4.2\tesseract-4.0.0-beta.3-1.4.2-android-x86_64.jar;D:\maven-repository\org\bytedeco\javacpp-presets\tesseract\4.0.0-beta.3-1.4.2\tesseract-4.0.0-beta.3-1.4.2-linux-x86.jar;D:\maven-repository\org\bytedeco\javacpp-presets\tesseract\4.0.0-beta.3-1.4.2\tesseract-4.0.0-beta.3-1.4.2-linux-x86_64.jar;D:\maven-repository\org\bytedeco\javacpp-presets\tesseract\4.0.0-beta.3-1.4.2\tesseract-4.0.0-beta.3-1.4.2-linux-armhf.jar;D:\maven-repository\org\bytedeco\javacpp-presets\tesseract\4.0.0-beta.3-1.4.2\tesseract-4.0.0-beta.3-1.4.2-linux-ppc64le.jar;D:\maven-repository\org\bytedeco\javacpp-presets\tesseract\4.0.0-beta.3-1.4.2\tesseract-4.0.0-beta.3-1.4.2-macosx-x86_64.jar;D:\maven-repository\org\bytedeco\javacpp-presets\tesseract\4.0.0-beta.3-1.4.2\tesseract-4.0.0-beta.3-1.4.2-windows-x86.jar;D:\maven-repository\org\bytedeco\javacpp-presets\tesseract\4.0.0-beta.3-1.4.2\tesseract-4.0.0-beta.3-1.4.2-windows-x86_64.jar;D:\maven-repository\org\apache\httpcomponents\httpmime\4.4\httpmime-4.4.jar;D:\maven-repository\org\testng\testng\6.9.10\testng-6.9.10.jar;D:\maven-repository\org\beanshell\bsh\2.0b4\bsh-2.0b4.jar;D:\maven-repository\com\beust\jcommander\1.48\jcommander-1.48.jar;D:\maven-repository\org\mongodb\mongo-java-driver\3.2.2\mongo-java-driver-3.2.2.jar;D:\maven-repository\com\aventstack\extentreports\3.1.2\extentreports-3.1.2.jar;D:\maven-repository\org\freemarker\freemarker\2.3.23\freemarker-2.3.23.jar;D:\maven-repository\org\mongodb\mongodb-driver\3.3.0\mongodb-driver-3.3.0.jar;D:\maven-repository\org\mongodb\bson\3.3.0\bson-3.3.0.jar;D:\maven-repository\org\mongodb\mongodb-driver-core\3.3.0\mongodb-driver-core-3.3.0.jar;D:\maven-repository\org\jsoup\jsoup\1.9.2\jsoup-1.9.2.jar;D:\maven-repository\com\google\code\gson\gson\2.8.0\gson-2.8.0.jar;D:\maven-repository\org\seleniumhq\selenium\selenium-remote-driver\3.4.0\selenium-remote-driver-3.4.0.jar;D:\maven-repository\org\seleniumhq\selenium\selenium-api\3.4.0\selenium-api-3.4.0.jar;D:\maven-repository\cglib\cglib-nodep\3.2.4\cglib-nodep-3.2.4.jar;D:\maven-repository\org\apache\commons\commons-exec\1.3\commons-exec-1.3.jar;D:\maven-repository\com\google\guava\guava\21.0\guava-21.0.jar;D:\maven-repository\net\java\dev\jna\jna\4.1.0\jna-4.1.0.jar;D:\maven-repository\net\java\dev\jna\jna-platform\4.1.0\jna-platform-4.1.0.jar;D:\maven-repository\org\apache\maven\surefire\surefire-testng-utils\2.20.1\surefire-testng-utils-2.20.1.jar;D:\maven-repository\org\apache\maven\surefire\surefire-grouper\2.20.1\surefire-grouper-2.20.1.jar;"/>
    <property name="java.vm.vendor" value="Oracle Corporation"/>
    <property name="sun.arch.data.model" value="64"/>
    <property name="user.variant" value=""/>
    <property name="java.vendor.url" value="http://java.oracle.com/"/>
    <property name="user.timezone" value=""/>
    <property name="java.vm.specification.version" value="1.8"/>
    <property name="os.name" value="Windows 10"/>
    <property name="user.country" value="CN"/>
    <property name="sun.java.launcher" value="SUN_STANDARD"/>
    <property name="sun.boot.library.path" value="D:\ruanjian\jdk\jre\bin"/>
    <property name="sun.java.command" value="C:\Windows\TEMP\surefire1670208441889723860\surefirebooter5047096420958440549.jar C:\Windows\Temp\surefire1670208441889723860 2019-01-02T17-56-34_027-jvmRun1 surefire6726188241148418922tmp surefire_01444336466036988513tmp"/>
    <property name="surefire.test.class.path" value="C:\Users\qian\Desktop\macaca-crm-autotest\target\test-classes;C:\Users\qian\Desktop\macaca-crm-autotest\target\classes;D:\maven-repository\junit\junit\4.12\junit-4.12.jar;D:\maven-repository\org\hamcrest\hamcrest-core\1.3\hamcrest-core-1.3.jar;D:\maven-repository\macaca\java\biz\1.1.17\biz-1.1.17.jar;D:\maven-repository\macaca\webdriver\client\macacaclient\2.0.24\macacaclient-2.0.24.jar;D:\maven-repository\com\alibaba\fastjson\1.2.15\fastjson-1.2.15.jar;D:\maven-repository\org\apache\httpcomponents\httpclient\4.5.2\httpclient-4.5.2.jar;D:\maven-repository\org\apache\httpcomponents\httpcore\4.4.4\httpcore-4.4.4.jar;D:\maven-repository\commons-logging\commons-logging\1.2\commons-logging-1.2.jar;D:\maven-repository\commons-codec\commons-codec\1.9\commons-codec-1.9.jar;D:\maven-repository\log4j\log4j\1.2.17\log4j-1.2.17.jar;D:\maven-repository\org\hamcrest\hamcrest-library\1.2\hamcrest-library-1.2.jar;D:\maven-repository\org\dbunit\dbunit\2.5.1\dbunit-2.5.1.jar;D:\maven-repository\org\slf4j\slf4j-api\1.7.12\slf4j-api-1.7.12.jar;D:\maven-repository\commons-collections\commons-collections\3.2.1\commons-collections-3.2.1.jar;D:\maven-repository\org\apache\poi\poi-ooxml\3.11\poi-ooxml-3.11.jar;D:\maven-repository\org\apache\poi\poi\3.11\poi-3.11.jar;D:\maven-repository\org\apache\poi\poi-ooxml-schemas\3.11\poi-ooxml-schemas-3.11.jar;D:\maven-repository\org\apache\xmlbeans\xmlbeans\2.6.0\xmlbeans-2.6.0.jar;D:\maven-repository\stax\stax-api\1.0.1\stax-api-1.0.1.jar;D:\maven-repository\mysql\mysql-connector-java\5.1.38\mysql-connector-java-5.1.38.jar;D:\maven-repository\org\bytedeco\javacv-platform\1.4.2\javacv-platform-1.4.2.jar;D:\maven-repository\org\bytedeco\javacv\1.4.2\javacv-1.4.2.jar;D:\maven-repository\org\bytedeco\javacpp\1.4.2\javacpp-1.4.2.jar;D:\maven-repository\org\bytedeco\javacpp-presets\opencv\3.4.2-1.4.2\opencv-3.4.2-1.4.2.jar;D:\maven-repository\org\bytedeco\javacpp-presets\ffmpeg\4.0.1-1.4.2\ffmpeg-4.0.1-1.4.2.jar;D:\maven-repository\org\bytedeco\javacpp-presets\flycapture\2.11.3.121-1.4.2\flycapture-2.11.3.121-1.4.2.jar;D:\maven-repository\org\bytedeco\javacpp-presets\libdc1394\2.2.5-1.4.2\libdc1394-2.2.5-1.4.2.jar;D:\maven-repository\org\bytedeco\javacpp-presets\libfreenect\0.5.3-1.4.2\libfreenect-0.5.3-1.4.2.jar;D:\maven-repository\org\bytedeco\javacpp-presets\libfreenect2\0.2.0-1.4.2\libfreenect2-0.2.0-1.4.2.jar;D:\maven-repository\org\bytedeco\javacpp-presets\librealsense\1.12.1-1.4.2\librealsense-1.12.1-1.4.2.jar;D:\maven-repository\org\bytedeco\javacpp-presets\videoinput\0.200-1.4.2\videoinput-0.200-1.4.2.jar;D:\maven-repository\org\bytedeco\javacpp-presets\artoolkitplus\2.3.1-1.4.2\artoolkitplus-2.3.1-1.4.2.jar;D:\maven-repository\org\bytedeco\javacpp-presets\flandmark\1.07-1.4.2\flandmark-1.07-1.4.2.jar;D:\maven-repository\org\bytedeco\javacpp-presets\leptonica\1.76.0-1.4.2\leptonica-1.76.0-1.4.2.jar;D:\maven-repository\org\bytedeco\javacpp-presets\tesseract\4.0.0-beta.3-1.4.2\tesseract-4.0.0-beta.3-1.4.2.jar;D:\maven-repository\org\bytedeco\javacpp-presets\opencv-platform\3.4.2-1.4.2\opencv-platform-3.4.2-1.4.2.jar;D:\maven-repository\org\bytedeco\javacpp-presets\opencv\3.4.2-1.4.2\opencv-3.4.2-1.4.2-android-arm.jar;D:\maven-repository\org\bytedeco\javacpp-presets\opencv\3.4.2-1.4.2\opencv-3.4.2-1.4.2-android-arm64.jar;D:\maven-repository\org\bytedeco\javacpp-presets\opencv\3.4.2-1.4.2\opencv-3.4.2-1.4.2-android-x86.jar;D:\maven-repository\org\bytedeco\javacpp-presets\opencv\3.4.2-1.4.2\opencv-3.4.2-1.4.2-android-x86_64.jar;D:\maven-repository\org\bytedeco\javacpp-presets\opencv\3.4.2-1.4.2\opencv-3.4.2-1.4.2-ios-arm64.jar;D:\maven-repository\org\bytedeco\javacpp-presets\opencv\3.4.2-1.4.2\opencv-3.4.2-1.4.2-ios-x86_64.jar;D:\maven-repository\org\bytedeco\javacpp-presets\opencv\3.4.2-1.4.2\opencv-3.4.2-1.4.2-linux-x86.jar;D:\maven-repository\org\bytedeco\javacpp-presets\opencv\3.4.2-1.4.2\opencv-3.4.2-1.4.2-linux-x86_64.jar;D:\maven-repository\org\bytedeco\javacpp-presets\opencv\3.4.2-1.4.2\opencv-3.4.2-1.4.2-linux-armhf.jar;D:\maven-repository\org\bytedeco\javacpp-presets\opencv\3.4.2-1.4.2\opencv-3.4.2-1.4.2-linux-ppc64le.jar;D:\maven-repository\org\bytedeco\javacpp-presets\opencv\3.4.2-1.4.2\opencv-3.4.2-1.4.2-macosx-x86_64.jar;D:\maven-repository\org\bytedeco\javacpp-presets\opencv\3.4.2-1.4.2\opencv-3.4.2-1.4.2-windows-x86.jar;D:\maven-repository\org\bytedeco\javacpp-presets\opencv\3.4.2-1.4.2\opencv-3.4.2-1.4.2-windows-x86_64.jar;D:\maven-repository\org\bytedeco\javacpp-presets\ffmpeg-platform\4.0.1-1.4.2\ffmpeg-platform-4.0.1-1.4.2.jar;D:\maven-repository\org\bytedeco\javacpp-presets\ffmpeg\4.0.1-1.4.2\ffmpeg-4.0.1-1.4.2-android-arm.jar;D:\maven-repository\org\bytedeco\javacpp-presets\ffmpeg\4.0.1-1.4.2\ffmpeg-4.0.1-1.4.2-android-arm64.jar;D:\maven-repository\org\bytedeco\javacpp-presets\ffmpeg\4.0.1-1.4.2\ffmpeg-4.0.1-1.4.2-android-x86.jar;D:\maven-repository\org\bytedeco\javacpp-presets\ffmpeg\4.0.1-1.4.2\ffmpeg-4.0.1-1.4.2-android-x86_64.jar;D:\maven-repository\org\bytedeco\javacpp-presets\ffmpeg\4.0.1-1.4.2\ffmpeg-4.0.1-1.4.2-linux-x86.jar;D:\maven-repository\org\bytedeco\javacpp-presets\ffmpeg\4.0.1-1.4.2\ffmpeg-4.0.1-1.4.2-linux-x86_64.jar;D:\maven-repository\org\bytedeco\javacpp-presets\ffmpeg\4.0.1-1.4.2\ffmpeg-4.0.1-1.4.2-linux-armhf.jar;D:\maven-repository\org\bytedeco\javacpp-presets\ffmpeg\4.0.1-1.4.2\ffmpeg-4.0.1-1.4.2-linux-ppc64le.jar;D:\maven-repository\org\bytedeco\javacpp-presets\ffmpeg\4.0.1-1.4.2\ffmpeg-4.0.1-1.4.2-macosx-x86_64.jar;D:\maven-repository\org\bytedeco\javacpp-presets\ffmpeg\4.0.1-1.4.2\ffmpeg-4.0.1-1.4.2-windows-x86.jar;D:\maven-repository\org\bytedeco\javacpp-presets\ffmpeg\4.0.1-1.4.2\ffmpeg-4.0.1-1.4.2-windows-x86_64.jar;D:\maven-repository\org\bytedeco\javacpp-presets\flycapture-platform\2.11.3.121-1.4.2\flycapture-platform-2.11.3.121-1.4.2.jar;D:\maven-repository\org\bytedeco\javacpp-presets\flycapture\2.11.3.121-1.4.2\flycapture-2.11.3.121-1.4.2-linux-x86.jar;D:\maven-repository\org\bytedeco\javacpp-presets\flycapture\2.11.3.121-1.4.2\flycapture-2.11.3.121-1.4.2-linux-x86_64.jar;D:\maven-repository\org\bytedeco\javacpp-presets\flycapture\2.11.3.121-1.4.2\flycapture-2.11.3.121-1.4.2-linux-armhf.jar;D:\maven-repository\org\bytedeco\javacpp-presets\flycapture\2.11.3.121-1.4.2\flycapture-2.11.3.121-1.4.2-windows-x86.jar;D:\maven-repository\org\bytedeco\javacpp-presets\flycapture\2.11.3.121-1.4.2\flycapture-2.11.3.121-1.4.2-windows-x86_64.jar;D:\maven-repository\org\bytedeco\javacpp-presets\libdc1394-platform\2.2.5-1.4.2\libdc1394-platform-2.2.5-1.4.2.jar;D:\maven-repository\org\bytedeco\javacpp-presets\libdc1394\2.2.5-1.4.2\libdc1394-2.2.5-1.4.2-linux-x86.jar;D:\maven-repository\org\bytedeco\javacpp-presets\libdc1394\2.2.5-1.4.2\libdc1394-2.2.5-1.4.2-linux-x86_64.jar;D:\maven-repository\org\bytedeco\javacpp-presets\libdc1394\2.2.5-1.4.2\libdc1394-2.2.5-1.4.2-linux-armhf.jar;D:\maven-repository\org\bytedeco\javacpp-presets\libdc1394\2.2.5-1.4.2\libdc1394-2.2.5-1.4.2-linux-ppc64le.jar;D:\maven-repository\org\bytedeco\javacpp-presets\libdc1394\2.2.5-1.4.2\libdc1394-2.2.5-1.4.2-macosx-x86_64.jar;D:\maven-repository\org\bytedeco\javacpp-presets\libdc1394\2.2.5-1.4.2\libdc1394-2.2.5-1.4.2-windows-x86.jar;D:\maven-repository\org\bytedeco\javacpp-presets\libdc1394\2.2.5-1.4.2\libdc1394-2.2.5-1.4.2-windows-x86_64.jar;D:\maven-repository\org\bytedeco\javacpp-presets\libfreenect-platform\0.5.3-1.4.2\libfreenect-platform-0.5.3-1.4.2.jar;D:\maven-repository\org\bytedeco\javacpp-presets\libfreenect\0.5.3-1.4.2\libfreenect-0.5.3-1.4.2-linux-x86.jar;D:\maven-repository\org\bytedeco\javacpp-presets\libfreenect\0.5.3-1.4.2\libfreenect-0.5.3-1.4.2-linux-x86_64.jar;D:\maven-repository\org\bytedeco\javacpp-presets\libfreenect\0.5.3-1.4.2\libfreenect-0.5.3-1.4.2-linux-armhf.jar;D:\maven-repository\org\bytedeco\javacpp-presets\libfreenect\0.5.3-1.4.2\libfreenect-0.5.3-1.4.2-linux-ppc64le.jar;D:\maven-repository\org\bytedeco\javacpp-presets\libfreenect\0.5.3-1.4.2\libfreenect-0.5.3-1.4.2-macosx-x86_64.jar;D:\maven-repository\org\bytedeco\javacpp-presets\libfreenect\0.5.3-1.4.2\libfreenect-0.5.3-1.4.2-windows-x86.jar;D:\maven-repository\org\bytedeco\javacpp-presets\libfreenect\0.5.3-1.4.2\libfreenect-0.5.3-1.4.2-windows-x86_64.jar;D:\maven-repository\org\bytedeco\javacpp-presets\libfreenect2-platform\0.2.0-1.4.2\libfreenect2-platform-0.2.0-1.4.2.jar;D:\maven-repository\org\bytedeco\javacpp-presets\libfreenect2\0.2.0-1.4.2\libfreenect2-0.2.0-1.4.2-linux-x86.jar;D:\maven-repository\org\bytedeco\javacpp-presets\libfreenect2\0.2.0-1.4.2\libfreenect2-0.2.0-1.4.2-linux-x86_64.jar;D:\maven-repository\org\bytedeco\javacpp-presets\libfreenect2\0.2.0-1.4.2\libfreenect2-0.2.0-1.4.2-macosx-x86_64.jar;D:\maven-repository\org\bytedeco\javacpp-presets\libfreenect2\0.2.0-1.4.2\libfreenect2-0.2.0-1.4.2-windows-x86_64.jar;D:\maven-repository\org\bytedeco\javacpp-presets\librealsense-platform\1.12.1-1.4.2\librealsense-platform-1.12.1-1.4.2.jar;D:\maven-repository\org\bytedeco\javacpp-presets\librealsense\1.12.1-1.4.2\librealsense-1.12.1-1.4.2-linux-x86.jar;D:\maven-repository\org\bytedeco\javacpp-presets\librealsense\1.12.1-1.4.2\librealsense-1.12.1-1.4.2-linux-x86_64.jar;D:\maven-repository\org\bytedeco\javacpp-presets\librealsense\1.12.1-1.4.2\librealsense-1.12.1-1.4.2-macosx-x86_64.jar;D:\maven-repository\org\bytedeco\javacpp-presets\librealsense\1.12.1-1.4.2\librealsense-1.12.1-1.4.2-windows-x86.jar;D:\maven-repository\org\bytedeco\javacpp-presets\librealsense\1.12.1-1.4.2\librealsense-1.12.1-1.4.2-windows-x86_64.jar;D:\maven-repository\org\bytedeco\javacpp-presets\videoinput-platform\0.200-1.4.2\videoinput-platform-0.200-1.4.2.jar;D:\maven-repository\org\bytedeco\javacpp-presets\videoinput\0.200-1.4.2\videoinput-0.200-1.4.2-windows-x86.jar;D:\maven-repository\org\bytedeco\javacpp-presets\videoinput\0.200-1.4.2\videoinput-0.200-1.4.2-windows-x86_64.jar;D:\maven-repository\org\bytedeco\javacpp-presets\artoolkitplus-platform\2.3.1-1.4.2\artoolkitplus-platform-2.3.1-1.4.2.jar;D:\maven-repository\org\bytedeco\javacpp-presets\artoolkitplus\2.3.1-1.4.2\artoolkitplus-2.3.1-1.4.2-android-arm.jar;D:\maven-repository\org\bytedeco\javacpp-presets\artoolkitplus\2.3.1-1.4.2\artoolkitplus-2.3.1-1.4.2-android-arm64.jar;D:\maven-repository\org\bytedeco\javacpp-presets\artoolkitplus\2.3.1-1.4.2\artoolkitplus-2.3.1-1.4.2-android-x86.jar;D:\maven-repository\org\bytedeco\javacpp-presets\artoolkitplus\2.3.1-1.4.2\artoolkitplus-2.3.1-1.4.2-android-x86_64.jar;D:\maven-repository\org\bytedeco\javacpp-presets\artoolkitplus\2.3.1-1.4.2\artoolkitplus-2.3.1-1.4.2-linux-x86.jar;D:\maven-repository\org\bytedeco\javacpp-presets\artoolkitplus\2.3.1-1.4.2\artoolkitplus-2.3.1-1.4.2-linux-x86_64.jar;D:\maven-repository\org\bytedeco\javacpp-presets\artoolkitplus\2.3.1-1.4.2\artoolkitplus-2.3.1-1.4.2-linux-armhf.jar;D:\maven-repository\org\bytedeco\javacpp-presets\artoolkitplus\2.3.1-1.4.2\artoolkitplus-2.3.1-1.4.2-linux-ppc64le.jar;D:\maven-repository\org\bytedeco\javacpp-presets\artoolkitplus\2.3.1-1.4.2\artoolkitplus-2.3.1-1.4.2-macosx-x86_64.jar;D:\maven-repository\org\bytedeco\javacpp-presets\artoolkitplus\2.3.1-1.4.2\artoolkitplus-2.3.1-1.4.2-windows-x86.jar;D:\maven-repository\org\bytedeco\javacpp-presets\artoolkitplus\2.3.1-1.4.2\artoolkitplus-2.3.1-1.4.2-windows-x86_64.jar;D:\maven-repository\org\bytedeco\javacpp-presets\flandmark-platform\1.07-1.4.2\flandmark-platform-1.07-1.4.2.jar;D:\maven-repository\org\bytedeco\javacpp-presets\flandmark\1.07-1.4.2\flandmark-1.07-1.4.2-android-arm.jar;D:\maven-repository\org\bytedeco\javacpp-presets\flandmark\1.07-1.4.2\flandmark-1.07-1.4.2-android-arm64.jar;D:\maven-repository\org\bytedeco\javacpp-presets\flandmark\1.07-1.4.2\flandmark-1.07-1.4.2-android-x86.jar;D:\maven-repository\org\bytedeco\javacpp-presets\flandmark\1.07-1.4.2\flandmark-1.07-1.4.2-android-x86_64.jar;D:\maven-repository\org\bytedeco\javacpp-presets\flandmark\1.07-1.4.2\flandmark-1.07-1.4.2-linux-x86.jar;D:\maven-repository\org\bytedeco\javacpp-presets\flandmark\1.07-1.4.2\flandmark-1.07-1.4.2-linux-x86_64.jar;D:\maven-repository\org\bytedeco\javacpp-presets\flandmark\1.07-1.4.2\flandmark-1.07-1.4.2-linux-armhf.jar;D:\maven-repository\org\bytedeco\javacpp-presets\flandmark\1.07-1.4.2\flandmark-1.07-1.4.2-linux-ppc64le.jar;D:\maven-repository\org\bytedeco\javacpp-presets\flandmark\1.07-1.4.2\flandmark-1.07-1.4.2-macosx-x86_64.jar;D:\maven-repository\org\bytedeco\javacpp-presets\flandmark\1.07-1.4.2\flandmark-1.07-1.4.2-windows-x86.jar;D:\maven-repository\org\bytedeco\javacpp-presets\flandmark\1.07-1.4.2\flandmark-1.07-1.4.2-windows-x86_64.jar;D:\maven-repository\org\bytedeco\javacpp-presets\leptonica-platform\1.76.0-1.4.2\leptonica-platform-1.76.0-1.4.2.jar;D:\maven-repository\org\bytedeco\javacpp-presets\leptonica\1.76.0-1.4.2\leptonica-1.76.0-1.4.2-android-arm.jar;D:\maven-repository\org\bytedeco\javacpp-presets\leptonica\1.76.0-1.4.2\leptonica-1.76.0-1.4.2-android-arm64.jar;D:\maven-repository\org\bytedeco\javacpp-presets\leptonica\1.76.0-1.4.2\leptonica-1.76.0-1.4.2-android-x86.jar;D:\maven-repository\org\bytedeco\javacpp-presets\leptonica\1.76.0-1.4.2\leptonica-1.76.0-1.4.2-android-x86_64.jar;D:\maven-repository\org\bytedeco\javacpp-presets\leptonica\1.76.0-1.4.2\leptonica-1.76.0-1.4.2-linux-x86.jar;D:\maven-repository\org\bytedeco\javacpp-presets\leptonica\1.76.0-1.4.2\leptonica-1.76.0-1.4.2-linux-x86_64.jar;D:\maven-repository\org\bytedeco\javacpp-presets\leptonica\1.76.0-1.4.2\leptonica-1.76.0-1.4.2-linux-armhf.jar;D:\maven-repository\org\bytedeco\javacpp-presets\leptonica\1.76.0-1.4.2\leptonica-1.76.0-1.4.2-linux-ppc64le.jar;D:\maven-repository\org\bytedeco\javacpp-presets\leptonica\1.76.0-1.4.2\leptonica-1.76.0-1.4.2-macosx-x86_64.jar;D:\maven-repository\org\bytedeco\javacpp-presets\leptonica\1.76.0-1.4.2\leptonica-1.76.0-1.4.2-windows-x86.jar;D:\maven-repository\org\bytedeco\javacpp-presets\leptonica\1.76.0-1.4.2\leptonica-1.76.0-1.4.2-windows-x86_64.jar;D:\maven-repository\org\bytedeco\javacpp-presets\tesseract-platform\4.0.0-beta.3-1.4.2\tesseract-platform-4.0.0-beta.3-1.4.2.jar;D:\maven-repository\org\bytedeco\javacpp-presets\tesseract\4.0.0-beta.3-1.4.2\tesseract-4.0.0-beta.3-1.4.2-android-arm.jar;D:\maven-repository\org\bytedeco\javacpp-presets\tesseract\4.0.0-beta.3-1.4.2\tesseract-4.0.0-beta.3-1.4.2-android-arm64.jar;D:\maven-repository\org\bytedeco\javacpp-presets\tesseract\4.0.0-beta.3-1.4.2\tesseract-4.0.0-beta.3-1.4.2-android-x86.jar;D:\maven-repository\org\bytedeco\javacpp-presets\tesseract\4.0.0-beta.3-1.4.2\tesseract-4.0.0-beta.3-1.4.2-android-x86_64.jar;D:\maven-repository\org\bytedeco\javacpp-presets\tesseract\4.0.0-beta.3-1.4.2\tesseract-4.0.0-beta.3-1.4.2-linux-x86.jar;D:\maven-repository\org\bytedeco\javacpp-presets\tesseract\4.0.0-beta.3-1.4.2\tesseract-4.0.0-beta.3-1.4.2-linux-x86_64.jar;D:\maven-repository\org\bytedeco\javacpp-presets\tesseract\4.0.0-beta.3-1.4.2\tesseract-4.0.0-beta.3-1.4.2-linux-armhf.jar;D:\maven-repository\org\bytedeco\javacpp-presets\tesseract\4.0.0-beta.3-1.4.2\tesseract-4.0.0-beta.3-1.4.2-linux-ppc64le.jar;D:\maven-repository\org\bytedeco\javacpp-presets\tesseract\4.0.0-beta.3-1.4.2\tesseract-4.0.0-beta.3-1.4.2-macosx-x86_64.jar;D:\maven-repository\org\bytedeco\javacpp-presets\tesseract\4.0.0-beta.3-1.4.2\tesseract-4.0.0-beta.3-1.4.2-windows-x86.jar;D:\maven-repository\org\bytedeco\javacpp-presets\tesseract\4.0.0-beta.3-1.4.2\tesseract-4.0.0-beta.3-1.4.2-windows-x86_64.jar;D:\maven-repository\org\apache\httpcomponents\httpmime\4.4\httpmime-4.4.jar;D:\maven-repository\org\testng\testng\6.9.10\testng-6.9.10.jar;D:\maven-repository\org\beanshell\bsh\2.0b4\bsh-2.0b4.jar;D:\maven-repository\com\beust\jcommander\1.48\jcommander-1.48.jar;D:\maven-repository\org\mongodb\mongo-java-driver\3.2.2\mongo-java-driver-3.2.2.jar;D:\maven-repository\com\aventstack\extentreports\3.1.2\extentreports-3.1.2.jar;D:\maven-repository\org\freemarker\freemarker\2.3.23\freemarker-2.3.23.jar;D:\maven-repository\org\mongodb\mongodb-driver\3.3.0\mongodb-driver-3.3.0.jar;D:\maven-repository\org\mongodb\bson\3.3.0\bson-3.3.0.jar;D:\maven-repository\org\mongodb\mongodb-driver-core\3.3.0\mongodb-driver-core-3.3.0.jar;D:\maven-repository\org\jsoup\jsoup\1.9.2\jsoup-1.9.2.jar;D:\maven-repository\com\google\code\gson\gson\2.8.0\gson-2.8.0.jar;D:\maven-repository\org\seleniumhq\selenium\selenium-remote-driver\3.4.0\selenium-remote-driver-3.4.0.jar;D:\maven-repository\org\seleniumhq\selenium\selenium-api\3.4.0\selenium-api-3.4.0.jar;D:\maven-repository\cglib\cglib-nodep\3.2.4\cglib-nodep-3.2.4.jar;D:\maven-repository\org\apache\commons\commons-exec\1.3\commons-exec-1.3.jar;D:\maven-repository\com\google\guava\guava\21.0\guava-21.0.jar;D:\maven-repository\net\java\dev\jna\jna\4.1.0\jna-4.1.0.jar;D:\maven-repository\net\java\dev\jna\jna-platform\4.1.0\jna-platform-4.1.0.jar;D:\maven-repository\org\apache\maven\surefire\surefire-testng-utils\2.20.1\surefire-testng-utils-2.20.1.jar;D:\maven-repository\org\apache\maven\surefire\surefire-grouper\2.20.1\surefire-grouper-2.20.1.jar;"/>
    <property name="sun.cpu.endian" value="little"/>
    <property name="user.home" value="C:\Windows\system32\config\systemprofile"/>
    <property name="user.language" value="zh"/>
    <property name="java.specification.vendor" value="Oracle Corporation"/>
    <property name="java.home" value="D:\ruanjian\jdk\jre"/>
    <property name="basedir" value="C:\Users\qian\Desktop\macaca-crm-autotest"/>
    <property name="file.separator" value="\"/>
    <property name="line.separator" value="&#10;"/>
    <property name="java.vm.specification.vendor" value="Oracle Corporation"/>
    <property name="java.specification.name" value="Java Platform API Specification"/>
    <property name="java.awt.graphicsenv" value="sun.awt.Win32GraphicsEnvironment"/>
    <property name="surefire.real.class.path" value="C:\Windows\TEMP\surefire1670208441889723860\surefirebooter5047096420958440549.jar"/>
    <property name="sun.boot.class.path" value="D:\ruanjian\jdk\jre\lib\resources.jar;D:\ruanjian\jdk\jre\lib\rt.jar;D:\ruanjian\jdk\jre\lib\sunrsasign.jar;D:\ruanjian\jdk\jre\lib\jsse.jar;D:\ruanjian\jdk\jre\lib\jce.jar;D:\ruanjian\jdk\jre\lib\charsets.jar;D:\ruanjian\jdk\jre\lib\jfr.jar;D:\ruanjian\jdk\jre\classes"/>
    <property name="user.script" value=""/>
    <property name="sun.management.compiler" value="HotSpot 64-Bit Tiered Compilers"/>
    <property name="java.runtime.version" value="1.8.0_191-b12"/>
    <property name="user.name" value="DESKTOP-OV86J25$"/>
    <property name="path.separator" value=";"/>
    <property name="os.version" value="10.0"/>
    <property name="java.endorsed.dirs" value="D:\ruanjian\jdk\jre\lib\endorsed"/>
    <property name="java.runtime.name" value="Java(TM) SE Runtime Environment"/>
    <property name="file.encoding" value="GBK"/>
    <property name="java.vm.name" value="Java HotSpot(TM) 64-Bit Server VM"/>
    <property name="localRepository" value="D:\maven-repository"/>
    <property name="java.vendor.url.bug" value="http://bugreport.sun.com/bugreport/"/>
    <property name="java.io.tmpdir" value="C:\Windows\TEMP\"/>
    <property name="java.version" value="1.8.0_191"/>
    <property name="user.dir" value="C:\Users\qian\Desktop\macaca-crm-autotest"/>
    <property name="os.arch" value="amd64"/>
    <property name="java.vm.specification.name" value="Java Virtual Machine Specification"/>
    <property name="java.awt.printerjob" value="sun.awt.windows.WPrinterJob"/>
    <property name="sun.os.patch.level" value=""/>
    <property name="java.library.path" value="D:\ruanjian\jdk\jre\bin;C:\Windows\Sun\Java\bin;C:\Windows\system32;C:\Windows;D:\apache-maven-3.5.4/bin;D:\ruanjian\jdk/bin;D:\ruanjian\jdk/bin;C:\Program Files (x86)\Common Files\Oracle\Java\javapath;C:\Windows\system32;C:\Windows;C:\Windows\System32\Wbem;C:\Windows\System32\WindowsPowerShell\v1.0\;D:\ruanjian\jdk\bin;D:\ruanjian\jdk\jre\bin;D:\ruanjian\node\;C:\Program Files\Python36\Scripts\;C:\Program Files\Python36\;C:\Program Files\Git\cmd;."/>
    <property name="java.vm.info" value="mixed mode"/>
    <property name="java.vendor" value="Oracle Corporation"/>
    <property name="java.vm.version" value="25.191-b12"/>
    <property name="java.ext.dirs" value="D:\ruanjian\jdk\jre\lib\ext;C:\Windows\Sun\Java\lib\ext"/>
    <property name="sun.io.unicode.encoding" value="UnicodeLittle"/>
    <property name="java.class.version" value="52.0"/>
  </properties>
  <testcase name="order_8" classname="com.javademo.cases.testOrder2" time="2.652">
    <failure message="Invalid key code" type="java.lang.IllegalArgumentException">java.lang.IllegalArgumentException: Invalid key code
	at com.javademo.cases.testOrder2.order_8(testOrder2.java:14)
</failure>
    <system-out><![CDATA[2019-01-02 17:56:37 Request:http://localhost:3456/wd/hub/session:{"desiredCapabilities":{"browserName":"chrome","chromeOptions":{"prefs":{"profile.default_content_setting_values.notifications":2}},"platformName":"desktop"}}
2019-01-02 17:56:40 Response:{"sessionId":"e9cd5435-e219-46d9-aeb8-774d61d661ae","status":0,"value":{"browserName":"chrome","chromeOptions":{"prefs":{"profile.default_content_setting_values.notifications":2}},"platformName":"desktop"}}
2019-01-02 17:56:41 Request:http://localhost:3456/wd/hub/session/e9cd5435-e219-46d9-aeb8-774d61d661ae/window/current/maximize:{}
2019-01-02 17:56:42 Response:{"sessionId":"e9cd5435-e219-46d9-aeb8-774d61d661ae","status":0,"value":{"height":744,"width":1382,"x":-8,"y":-8}}
2019-01-02 17:56:42 Request:http://localhost:3456/wd/hub/session/e9cd5435-e219-46d9-aeb8-774d61d661ae/url:{"url":"https://baiyi.gaodun.com/#/login"}
2019-01-02 17:56:43 Response:{"sessionId":"e9cd5435-e219-46d9-aeb8-774d61d661ae","status":0,"value":null}
2019-01-02 17:56:45 Request:http://localhost:3456/wd/hub/session/e9cd5435-e219-46d9-aeb8-774d61d661ae/elements:{"using":"class name","value":"el-input__inner"}
2019-01-02 17:56:45 Response:{"sessionId":"e9cd5435-e219-46d9-aeb8-774d61d661ae","status":0,"value":[{"ELEMENT":"0.18648222106496548-1"},{"ELEMENT":"0.18648222106496548-2"}]}
2019-01-02 17:56:45 Request:http://localhost:3456/wd/hub/session/e9cd5435-e219-46d9-aeb8-774d61d661ae/element/0.18648222106496548-1/value:{"value":["auto_personal_5@gaodun.com"]}
2019-01-02 17:56:45 Response:{"sessionId":"e9cd5435-e219-46d9-aeb8-774d61d661ae","status":0,"value":null}
2019-01-02 17:56:45 Request:http://localhost:3456/wd/hub/session/e9cd5435-e219-46d9-aeb8-774d61d661ae/elements:{"using":"class name","value":"el-input__inner"}
2019-01-02 17:56:45 Response:{"sessionId":"e9cd5435-e219-46d9-aeb8-774d61d661ae","status":0,"value":[{"ELEMENT":"0.18648222106496548-1"},{"ELEMENT":"0.18648222106496548-2"}]}
2019-01-02 17:56:45 Request:http://localhost:3456/wd/hub/session/e9cd5435-e219-46d9-aeb8-774d61d661ae/element/0.18648222106496548-2/value:{"value":["123456q"]}
2019-01-02 17:56:45 Response:{"sessionId":"e9cd5435-e219-46d9-aeb8-774d61d661ae","status":0,"value":null}
2019-01-02 17:56:45 Request:http://localhost:3456/wd/hub/session/e9cd5435-e219-46d9-aeb8-774d61d661ae/element:{"using":"class name","value":"el-button"}
2019-01-02 17:56:45 Response:{"sessionId":"e9cd5435-e219-46d9-aeb8-774d61d661ae","status":0,"value":{"ELEMENT":"0.18648222106496548-3"}}
2019-01-02 17:56:45 Request:http://localhost:3456/wd/hub/session/e9cd5435-e219-46d9-aeb8-774d61d661ae/element/0.18648222106496548-3/click:{}
2019-01-02 17:56:46 Response:{"sessionId":"e9cd5435-e219-46d9-aeb8-774d61d661ae","status":0,"value":null}
2019-01-02 17:56:47 Request:http://localhost:3456/wd/hub/session/e9cd5435-e219-46d9-aeb8-774d61d661ae/url:{"url":"https://baiyi.gaodun.com/#/index"}
2019-01-02 17:56:47 Response:{"sessionId":"e9cd5435-e219-46d9-aeb8-774d61d661ae","status":0,"value":null}
]]></system-out>
  </testcase>
  <testcase name="order_27" classname="com.javademo.cases.testOrder2" time="0.497">
    <failure message="Invalid key code" type="java.lang.IllegalArgumentException">java.lang.IllegalArgumentException: Invalid key code
	at com.javademo.cases.testOrder2.order_27(testOrder2.java:20)
</failure>
  </testcase>
  <testcase name="order_105" classname="com.javademo.cases.testOrder2" time="0.501">
    <failure message="Invalid key code" type="java.lang.IllegalArgumentException">java.lang.IllegalArgumentException: Invalid key code
	at com.javademo.cases.testOrder2.order_105(testOrder2.java:26)
</failure>
  </testcase>
  <testcase name="order_106" classname="com.javademo.cases.testOrder2" time="0.5">
    <failure message="Invalid key code" type="java.lang.IllegalArgumentException">java.lang.IllegalArgumentException: Invalid key code
	at com.javademo.cases.testOrder2.order_106(testOrder2.java:32)
</failure>
  </testcase>
  <testcase name="order_107" classname="com.javademo.cases.testOrder2" time="0.501">
    <failure message="Invalid key code" type="java.lang.IllegalArgumentException">java.lang.IllegalArgumentException: Invalid key code
	at com.javademo.cases.testOrder2.order_107(testOrder2.java:39)
</failure>
  </testcase>
  <testcase name="order_109" classname="com.javademo.cases.testOrder2" time="0.501">
    <failure message="Invalid key code" type="java.lang.IllegalArgumentException">java.lang.IllegalArgumentException: Invalid key code
	at com.javademo.cases.testOrder2.order_109(testOrder2.java:46)
</failure>
  </testcase>
  <testcase name="order_110" classname="com.javademo.cases.testOrder2" time="0.502">
    <failure message="Invalid key code" type="java.lang.IllegalArgumentException">java.lang.IllegalArgumentException: Invalid key code
	at com.javademo.cases.testOrder2.order_110(testOrder2.java:53)
</failure>
  </testcase>
  <testcase name="order_111" classname="com.javademo.cases.testOrder2" time="0.501">
    <failure message="Invalid key code" type="java.lang.IllegalArgumentException">java.lang.IllegalArgumentException: Invalid key code
	at com.javademo.cases.testOrder2.order_111(testOrder2.java:60)
</failure>
  </testcase>
  <testcase name="order_112" classname="com.javademo.cases.testOrder2" time="0.5">
    <failure message="Invalid key code" type="java.lang.IllegalArgumentException">java.lang.IllegalArgumentException: Invalid key code
	at com.javademo.cases.testOrder2.order_112(testOrder2.java:67)
</failure>
  </testcase>
  <testcase name="order_1" classname="com.javademo.cases.testOrder2" time="2.567">
    <failure message="Invalid key code" type="java.lang.IllegalArgumentException">java.lang.IllegalArgumentException: Invalid key code
	at com.javademo.cases.testOrder2.order_1(testOrder2.java:73)
</failure>
    <system-out><![CDATA[2019-01-02 17:56:53 Request:http://localhost:3456/wd/hub/session/e9cd5435-e219-46d9-aeb8-774d61d661ae/url:{"url":"https://baiyi.gaodun.com/#/index"}
2019-01-02 17:56:53 Response:{"sessionId":"e9cd5435-e219-46d9-aeb8-774d61d661ae","status":0,"value":null}
]]></system-out>
  </testcase>
  <testcase name="order_113" classname="com.javademo.cases.testOrder2" time="0.5">
    <failure message="Invalid key code" type="java.lang.IllegalArgumentException">java.lang.IllegalArgumentException: Invalid key code
	at com.javademo.cases.testOrder2.order_113(testOrder2.java:80)
</failure>
  </testcase>
  <testcase name="order_38_1" classname="com.javademo.cases.testOrder2" time="0.501">
    <failure message="Invalid key code" type="java.lang.IllegalArgumentException">java.lang.IllegalArgumentException: Invalid key code
	at com.javademo.cases.testOrder2.order_38_1(testOrder2.java:86)
</failure>
  </testcase>
  <testcase name="order_114" classname="com.javademo.cases.testOrder2" time="0.5">
    <failure message="Invalid key code" type="java.lang.IllegalArgumentException">java.lang.IllegalArgumentException: Invalid key code
	at com.javademo.cases.testOrder2.order_114(testOrder2.java:93)
</failure>
  </testcase>
  <testcase name="order_115" classname="com.javademo.cases.testOrder2" time="0.5">
    <failure message="Invalid key code" type="java.lang.IllegalArgumentException">java.lang.IllegalArgumentException: Invalid key code
	at com.javademo.cases.testOrder2.order_115(testOrder2.java:100)
</failure>
  </testcase>
  <testcase name="order_38_2" classname="com.javademo.cases.testOrder2" time="0.501">
    <failure message="Invalid key code" type="java.lang.IllegalArgumentException">java.lang.IllegalArgumentException: Invalid key code
	at com.javademo.cases.testOrder2.order_38_2(testOrder2.java:106)
</failure>
  </testcase>
  <testcase name="order_116" classname="com.javademo.cases.testOrder2" time="0.5">
    <failure message="Invalid key code" type="java.lang.IllegalArgumentException">java.lang.IllegalArgumentException: Invalid key code
	at com.javademo.cases.testOrder2.order_116(testOrder2.java:112)
</failure>
  </testcase>
  <testcase name="order_117" classname="com.javademo.cases.testOrder2" time="0.501">
    <failure message="Invalid key code" type="java.lang.IllegalArgumentException">java.lang.IllegalArgumentException: Invalid key code
	at com.javademo.cases.testOrder2.order_117(testOrder2.java:119)
</failure>
  </testcase>
  <testcase name="order_46" classname="com.javademo.cases.testOrder2" time="0.502">
    <failure message="Invalid key code" type="java.lang.IllegalArgumentException">java.lang.IllegalArgumentException: Invalid key code
	at com.javademo.cases.testOrder2.order_46(testOrder2.java:125)
</failure>
  </testcase>
  <testcase name="order_118" classname="com.javademo.cases.testOrder2" time="0.501">
    <failure message="Invalid key code" type="java.lang.IllegalArgumentException">java.lang.IllegalArgumentException: Invalid key code
	at com.javademo.cases.testOrder2.order_118(testOrder2.java:131)
</failure>
  </testcase>
  <testcase name="order_119" classname="com.javademo.cases.testOrder2" time="0.501">
    <failure message="Invalid key code" type="java.lang.IllegalArgumentException">java.lang.IllegalArgumentException: Invalid key code
	at com.javademo.cases.testOrder2.order_119(testOrder2.java:138)
</failure>
  </testcase>
  <testcase name="order_61" classname="com.javademo.cases.testOrder2" time="0.501">
    <failure message="Invalid key code" type="java.lang.IllegalArgumentException">java.lang.IllegalArgumentException: Invalid key code
	at com.javademo.cases.testOrder2.order_61(testOrder2.java:144)
</failure>
  </testcase>
  <testcase name="order_122" classname="com.javademo.cases.testOrder2" time="0.5">
    <failure message="Invalid key code" type="java.lang.IllegalArgumentException">java.lang.IllegalArgumentException: Invalid key code
	at com.javademo.cases.testOrder2.order_122(testOrder2.java:150)
</failure>
  </testcase>
  <testcase name="order_123" classname="com.javademo.cases.testOrder2" time="0.502">
    <failure message="Invalid key code" type="java.lang.IllegalArgumentException">java.lang.IllegalArgumentException: Invalid key code
	at com.javademo.cases.testOrder2.order_123(testOrder2.java:157)
</failure>
  </testcase>
  <testcase name="order_50" classname="com.javademo.cases.testOrder2" time="0.5">
    <failure message="Invalid key code" type="java.lang.IllegalArgumentException">java.lang.IllegalArgumentException: Invalid key code
	at com.javademo.cases.testOrder2.order_50(testOrder2.java:163)
</failure>
  </testcase>
  <testcase name="order_58" classname="com.javademo.cases.testOrder2" time="0.501">
    <failure message="Invalid key code" type="java.lang.IllegalArgumentException">java.lang.IllegalArgumentException: Invalid key code
	at com.javademo.cases.testOrder2.order_58(testOrder2.java:169)
</failure>
  </testcase>
  <testcase name="order_120" classname="com.javademo.cases.testOrder2" time="0.5">
    <failure message="Invalid key code" type="java.lang.IllegalArgumentException">java.lang.IllegalArgumentException: Invalid key code
	at com.javademo.cases.testOrder2.order_120(testOrder2.java:175)
</failure>
  </testcase>
  <testcase name="order_121" classname="com.javademo.cases.testOrder2" time="0.501">
    <failure message="Invalid key code" type="java.lang.IllegalArgumentException">java.lang.IllegalArgumentException: Invalid key code
	at com.javademo.cases.testOrder2.order_121(testOrder2.java:182)
</failure>
  </testcase>
  <testcase name="order_1_1" classname="com.javademo.cases.testOrder2" time="2.549">
    <failure message="Invalid key code" type="java.lang.IllegalArgumentException">java.lang.IllegalArgumentException: Invalid key code
	at com.javademo.cases.testOrder2.order_1_1(testOrder2.java:189)
</failure>
    <system-out><![CDATA[2019-01-02 17:57:04 Request:http://localhost:3456/wd/hub/session/e9cd5435-e219-46d9-aeb8-774d61d661ae/url:{"url":"https://baiyi.gaodun.com/#/index"}
2019-01-02 17:57:05 Response:{"sessionId":"e9cd5435-e219-46d9-aeb8-774d61d661ae","status":0,"value":null}
]]></system-out>
  </testcase>
  <testcase name="order_38_3" classname="com.javademo.cases.testOrder2" time="0.5">
    <failure message="Invalid key code" type="java.lang.IllegalArgumentException">java.lang.IllegalArgumentException: Invalid key code
	at com.javademo.cases.testOrder2.order_38_3(testOrder2.java:195)
</failure>
  </testcase>
  <testcase name="order_46_1" classname="com.javademo.cases.testOrder2" time="0.501">
    <failure message="Invalid key code" type="java.lang.IllegalArgumentException">java.lang.IllegalArgumentException: Invalid key code
	at com.javademo.cases.testOrder2.order_46_1(testOrder2.java:201)
</failure>
  </testcase>
  <testcase name="order_124" classname="com.javademo.cases.testOrder2" time="0.5">
    <failure message="Invalid key code" type="java.lang.IllegalArgumentException">java.lang.IllegalArgumentException: Invalid key code
	at com.javademo.cases.testOrder2.order_124(testOrder2.java:208)
</failure>
  </testcase>
  <testcase name="order_126" classname="com.javademo.cases.testOrder2" time="0.502">
    <failure message="Invalid key code" type="java.lang.IllegalArgumentException">java.lang.IllegalArgumentException: Invalid key code
	at com.javademo.cases.testOrder2.order_126(testOrder2.java:214)
</failure>
  </testcase>
  <testcase name="order_46_2" classname="com.javademo.cases.testOrder2" time="0.5">
    <failure message="Invalid key code" type="java.lang.IllegalArgumentException">java.lang.IllegalArgumentException: Invalid key code
	at com.javademo.cases.testOrder2.order_46_2(testOrder2.java:220)
</failure>
  </testcase>
  <testcase name="order_125" classname="com.javademo.cases.testOrder2" time="0.5">
    <failure message="Invalid key code" type="java.lang.IllegalArgumentException">java.lang.IllegalArgumentException: Invalid key code
	at com.javademo.cases.testOrder2.order_125(testOrder2.java:226)
</failure>
  </testcase>
  <testcase name="order_38_4" classname="com.javademo.cases.testOrder2" time="0.502">
    <failure message="Invalid key code" type="java.lang.IllegalArgumentException">java.lang.IllegalArgumentException: Invalid key code
	at com.javademo.cases.testOrder2.order_38_4(testOrder2.java:232)
</failure>
  </testcase>
  <testcase name="order_46_3" classname="com.javademo.cases.testOrder2" time="0.501">
    <failure message="Invalid key code" type="java.lang.IllegalArgumentException">java.lang.IllegalArgumentException: Invalid key code
	at com.javademo.cases.testOrder2.order_46_3(testOrder2.java:239)
</failure>
  </testcase>
  <testcase name="order_127" classname="com.javademo.cases.testOrder2" time="0.501">
    <failure message="Invalid key code" type="java.lang.IllegalArgumentException">java.lang.IllegalArgumentException: Invalid key code
	at com.javademo.cases.testOrder2.order_127(testOrder2.java:246)
</failure>
  </testcase>
  <testcase name="order_46_4" classname="com.javademo.cases.testOrder2" time="0.501">
    <failure message="Invalid key code" type="java.lang.IllegalArgumentException">java.lang.IllegalArgumentException: Invalid key code
	at com.javademo.cases.testOrder2.order_46_4(testOrder2.java:253)
</failure>
  </testcase>
  <testcase name="order_128" classname="com.javademo.cases.testOrder2" time="0.501">
    <failure message="Invalid key code" type="java.lang.IllegalArgumentException">java.lang.IllegalArgumentException: Invalid key code
	at com.javademo.cases.testOrder2.order_128(testOrder2.java:259)
</failure>
  </testcase>
  <testcase name="order_129" classname="com.javademo.cases.testOrder2" time="0.501">
    <failure message="Invalid key code" type="java.lang.IllegalArgumentException">java.lang.IllegalArgumentException: Invalid key code
	at com.javademo.cases.testOrder2.order_129(testOrder2.java:266)
</failure>
  </testcase>
  <testcase name="order_131" classname="com.javademo.cases.testOrder2" time="0.501">
    <failure message="Invalid key code" type="java.lang.IllegalArgumentException">java.lang.IllegalArgumentException: Invalid key code
	at com.javademo.cases.testOrder2.order_131(testOrder2.java:273)
</failure>
  </testcase>
  <testcase name="order_46_5" classname="com.javademo.cases.testOrder2" time="0.501">
    <failure message="Invalid key code" type="java.lang.IllegalArgumentException">java.lang.IllegalArgumentException: Invalid key code
	at com.javademo.cases.testOrder2.order_46_5(testOrder2.java:280)
</failure>
  </testcase>
  <testcase name="order_58_1" classname="com.javademo.cases.testOrder2" time="0.504">
    <failure message="Invalid key code" type="java.lang.IllegalArgumentException">java.lang.IllegalArgumentException: Invalid key code
	at com.javademo.cases.testOrder2.order_58_1(testOrder2.java:286)
</failure>
  </testcase>
  <testcase name="order_132" classname="com.javademo.cases.testOrder2" time="0.502">
    <failure message="Invalid key code" type="java.lang.IllegalArgumentException">java.lang.IllegalArgumentException: Invalid key code
	at com.javademo.cases.testOrder2.order_132(testOrder2.java:293)
</failure>
  </testcase>
  <testcase name="order_46_6" classname="com.javademo.cases.testOrder2" time="0.501">
    <failure message="Invalid key code" type="java.lang.IllegalArgumentException">java.lang.IllegalArgumentException: Invalid key code
	at com.javademo.cases.testOrder2.order_46_6(testOrder2.java:301)
</failure>
  </testcase>
  <testcase name="order_58_2" classname="com.javademo.cases.testOrder2" time="0.501">
    <failure message="Invalid key code" type="java.lang.IllegalArgumentException">java.lang.IllegalArgumentException: Invalid key code
	at com.javademo.cases.testOrder2.order_58_2(testOrder2.java:307)
</failure>
  </testcase>
  <testcase name="order_133" classname="com.javademo.cases.testOrder2" time="0.5">
    <failure message="Invalid key code" type="java.lang.IllegalArgumentException">java.lang.IllegalArgumentException: Invalid key code
	at com.javademo.cases.testOrder2.order_133(testOrder2.java:313)
</failure>
  </testcase>
  <testcase name="order_58_3" classname="com.javademo.cases.testOrder2" time="0.5">
    <failure message="Invalid key code" type="java.lang.IllegalArgumentException">java.lang.IllegalArgumentException: Invalid key code
	at com.javademo.cases.testOrder2.order_58_3(testOrder2.java:319)
</failure>
  </testcase>
  <testcase name="order_134" classname="com.javademo.cases.testOrder2" time="0.501">
    <failure message="Invalid key code" type="java.lang.IllegalArgumentException">java.lang.IllegalArgumentException: Invalid key code
	at com.javademo.cases.testOrder2.order_134(testOrder2.java:325)
</failure>
  </testcase>
  <testcase name="order_135" classname="com.javademo.cases.testOrder2" time="0.501">
    <failure message="Invalid key code" type="java.lang.IllegalArgumentException">java.lang.IllegalArgumentException: Invalid key code
	at com.javademo.cases.testOrder2.order_135(testOrder2.java:331)
</failure>
  </testcase>
  <testcase name="order_136" classname="com.javademo.cases.testOrder2" time="0.5">
    <failure message="Invalid key code" type="java.lang.IllegalArgumentException">java.lang.IllegalArgumentException: Invalid key code
	at com.javademo.cases.testOrder2.order_136(testOrder2.java:337)
</failure>
  </testcase>
  <testcase name="order_130" classname="com.javademo.cases.testOrder2" time="0.501">
    <failure message="Invalid key code" type="java.lang.IllegalArgumentException">java.lang.IllegalArgumentException: Invalid key code
	at com.javademo.cases.testOrder2.order_130(testOrder2.java:344)
</failure>
  </testcase>
</testsuite>