<?xml version="1.0" encoding="UTF-8"?>
<testsuite xmlns:xsi="http://www.w3.org/2001/XMLSchema-instance" xsi:noNamespaceSchemaLocation="https://maven.apache.org/surefire/maven-surefire-plugin/xsd/surefire-test-report.xsd" name="TestSuite" time="295.663" tests="16" errors="0" skipped="0" failures="12">
  <properties>
    <property name="sun.desktop" value="windows"/>
    <property name="awt.toolkit" value="sun.awt.windows.WToolkit"/>
    <property name="file.encoding.pkg" value="sun.io"/>
    <property name="java.specification.version" value="1.8"/>
    <property name="sun.cpu.isalist" value="amd64"/>
    <property name="sun.jnu.encoding" value="GBK"/>
    <property name="java.class.path" value="C:\Users\Administrator\Desktop\1\macaca-crm-autotest\target\test-classes;C:\Users\Administrator\Desktop\1\macaca-crm-autotest\target\classes;D:\maven-repository\junit\junit\4.12\junit-4.12.jar;D:\maven-repository\org\hamcrest\hamcrest-core\1.3\hamcrest-core-1.3.jar;D:\maven-repository\macaca\java\biz\1.1.17\biz-1.1.17.jar;D:\maven-repository\macaca\webdriver\client\macacaclient\2.0.24\macacaclient-2.0.24.jar;D:\maven-repository\com\alibaba\fastjson\1.2.15\fastjson-1.2.15.jar;D:\maven-repository\org\apache\httpcomponents\httpclient\4.5.2\httpclient-4.5.2.jar;D:\maven-repository\org\apache\httpcomponents\httpcore\4.4.4\httpcore-4.4.4.jar;D:\maven-repository\commons-logging\commons-logging\1.2\commons-logging-1.2.jar;D:\maven-repository\commons-codec\commons-codec\1.9\commons-codec-1.9.jar;D:\maven-repository\log4j\log4j\1.2.17\log4j-1.2.17.jar;D:\maven-repository\org\hamcrest\hamcrest-library\1.2\hamcrest-library-1.2.jar;D:\maven-repository\org\dbunit\dbunit\2.5.1\dbunit-2.5.1.jar;D:\maven-repository\org\slf4j\slf4j-api\1.7.12\slf4j-api-1.7.12.jar;D:\maven-repository\commons-collections\commons-collections\3.2.1\commons-collections-3.2.1.jar;D:\maven-repository\org\apache\poi\poi-ooxml\3.11\poi-ooxml-3.11.jar;D:\maven-repository\org\apache\poi\poi\3.11\poi-3.11.jar;D:\maven-repository\org\apache\poi\poi-ooxml-schemas\3.11\poi-ooxml-schemas-3.11.jar;D:\maven-repository\org\apache\xmlbeans\xmlbeans\2.6.0\xmlbeans-2.6.0.jar;D:\maven-repository\stax\stax-api\1.0.1\stax-api-1.0.1.jar;D:\maven-repository\mysql\mysql-connector-java\5.1.38\mysql-connector-java-5.1.38.jar;D:\maven-repository\org\bytedeco\javacv-platform\1.4.2\javacv-platform-1.4.2.jar;D:\maven-repository\org\bytedeco\javacv\1.4.2\javacv-1.4.2.jar;D:\maven-repository\org\bytedeco\javacpp\1.4.2\javacpp-1.4.2.jar;D:\maven-repository\org\bytedeco\javacpp-presets\opencv\3.4.2-1.4.2\opencv-3.4.2-1.4.2.jar;D:\maven-repository\org\bytedeco\javacpp-presets\ffmpeg\4.0.1-1.4.2\ffmpeg-4.0.1-1.4.2.jar;D:\maven-repository\org\bytedeco\javacpp-presets\flycapture\2.11.3.121-1.4.2\flycapture-2.11.3.121-1.4.2.jar;D:\maven-repository\org\bytedeco\javacpp-presets\libdc1394\2.2.5-1.4.2\libdc1394-2.2.5-1.4.2.jar;D:\maven-repository\org\bytedeco\javacpp-presets\libfreenect\0.5.3-1.4.2\libfreenect-0.5.3-1.4.2.jar;D:\maven-repository\org\bytedeco\javacpp-presets\libfreenect2\0.2.0-1.4.2\libfreenect2-0.2.0-1.4.2.jar;D:\maven-repository\org\bytedeco\javacpp-presets\librealsense\1.12.1-1.4.2\librealsense-1.12.1-1.4.2.jar;D:\maven-repository\org\bytedeco\javacpp-presets\videoinput\0.200-1.4.2\videoinput-0.200-1.4.2.jar;D:\maven-repository\org\bytedeco\javacpp-presets\artoolkitplus\2.3.1-1.4.2\artoolkitplus-2.3.1-1.4.2.jar;D:\maven-repository\org\bytedeco\javacpp-presets\flandmark\1.07-1.4.2\flandmark-1.07-1.4.2.jar;D:\maven-repository\org\bytedeco\javacpp-presets\leptonica\1.76.0-1.4.2\leptonica-1.76.0-1.4.2.jar;D:\maven-repository\org\bytedeco\javacpp-presets\tesseract\4.0.0-beta.3-1.4.2\tesseract-4.0.0-beta.3-1.4.2.jar;D:\maven-repository\org\bytedeco\javacpp-presets\opencv-platform\3.4.2-1.4.2\opencv-platform-3.4.2-1.4.2.jar;D:\maven-repository\org\bytedeco\javacpp-presets\opencv\3.4.2-1.4.2\opencv-3.4.2-1.4.2-android-arm.jar;D:\maven-repository\org\bytedeco\javacpp-presets\opencv\3.4.2-1.4.2\opencv-3.4.2-1.4.2-android-arm64.jar;D:\maven-repository\org\bytedeco\javacpp-presets\opencv\3.4.2-1.4.2\opencv-3.4.2-1.4.2-android-x86.jar;D:\maven-repository\org\bytedeco\javacpp-presets\opencv\3.4.2-1.4.2\opencv-3.4.2-1.4.2-android-x86_64.jar;D:\maven-repository\org\bytedeco\javacpp-presets\opencv\3.4.2-1.4.2\opencv-3.4.2-1.4.2-ios-arm64.jar;D:\maven-repository\org\bytedeco\javacpp-presets\opencv\3.4.2-1.4.2\opencv-3.4.2-1.4.2-ios-x86_64.jar;D:\maven-repository\org\bytedeco\javacpp-presets\opencv\3.4.2-1.4.2\opencv-3.4.2-1.4.2-linux-x86.jar;D:\maven-repository\org\bytedeco\javacpp-presets\opencv\3.4.2-1.4.2\opencv-3.4.2-1.4.2-linux-x86_64.jar;D:\maven-repository\org\bytedeco\javacpp-presets\opencv\3.4.2-1.4.2\opencv-3.4.2-1.4.2-linux-armhf.jar;D:\maven-repository\org\bytedeco\javacpp-presets\opencv\3.4.2-1.4.2\opencv-3.4.2-1.4.2-linux-ppc64le.jar;D:\maven-repository\org\bytedeco\javacpp-presets\opencv\3.4.2-1.4.2\opencv-3.4.2-1.4.2-macosx-x86_64.jar;D:\maven-repository\org\bytedeco\javacpp-presets\opencv\3.4.2-1.4.2\opencv-3.4.2-1.4.2-windows-x86.jar;D:\maven-repository\org\bytedeco\javacpp-presets\opencv\3.4.2-1.4.2\opencv-3.4.2-1.4.2-windows-x86_64.jar;D:\maven-repository\org\bytedeco\javacpp-presets\ffmpeg-platform\4.0.1-1.4.2\ffmpeg-platform-4.0.1-1.4.2.jar;D:\maven-repository\org\bytedeco\javacpp-presets\ffmpeg\4.0.1-1.4.2\ffmpeg-4.0.1-1.4.2-android-arm.jar;D:\maven-repository\org\bytedeco\javacpp-presets\ffmpeg\4.0.1-1.4.2\ffmpeg-4.0.1-1.4.2-android-arm64.jar;D:\maven-repository\org\bytedeco\javacpp-presets\ffmpeg\4.0.1-1.4.2\ffmpeg-4.0.1-1.4.2-android-x86.jar;D:\maven-repository\org\bytedeco\javacpp-presets\ffmpeg\4.0.1-1.4.2\ffmpeg-4.0.1-1.4.2-android-x86_64.jar;D:\maven-repository\org\bytedeco\javacpp-presets\ffmpeg\4.0.1-1.4.2\ffmpeg-4.0.1-1.4.2-linux-x86.jar;D:\maven-repository\org\bytedeco\javacpp-presets\ffmpeg\4.0.1-1.4.2\ffmpeg-4.0.1-1.4.2-linux-x86_64.jar;D:\maven-repository\org\bytedeco\javacpp-presets\ffmpeg\4.0.1-1.4.2\ffmpeg-4.0.1-1.4.2-linux-armhf.jar;D:\maven-repository\org\bytedeco\javacpp-presets\ffmpeg\4.0.1-1.4.2\ffmpeg-4.0.1-1.4.2-linux-ppc64le.jar;D:\maven-repository\org\bytedeco\javacpp-presets\ffmpeg\4.0.1-1.4.2\ffmpeg-4.0.1-1.4.2-macosx-x86_64.jar;D:\maven-repository\org\bytedeco\javacpp-presets\ffmpeg\4.0.1-1.4.2\ffmpeg-4.0.1-1.4.2-windows-x86.jar;D:\maven-repository\org\bytedeco\javacpp-presets\ffmpeg\4.0.1-1.4.2\ffmpeg-4.0.1-1.4.2-windows-x86_64.jar;D:\maven-repository\org\bytedeco\javacpp-presets\flycapture-platform\2.11.3.121-1.4.2\flycapture-platform-2.11.3.121-1.4.2.jar;D:\maven-repository\org\bytedeco\javacpp-presets\flycapture\2.11.3.121-1.4.2\flycapture-2.11.3.121-1.4.2-linux-x86.jar;D:\maven-repository\org\bytedeco\javacpp-presets\flycapture\2.11.3.121-1.4.2\flycapture-2.11.3.121-1.4.2-linux-x86_64.jar;D:\maven-repository\org\bytedeco\javacpp-presets\flycapture\2.11.3.121-1.4.2\flycapture-2.11.3.121-1.4.2-linux-armhf.jar;D:\maven-repository\org\bytedeco\javacpp-presets\flycapture\2.11.3.121-1.4.2\flycapture-2.11.3.121-1.4.2-windows-x86.jar;D:\maven-repository\org\bytedeco\javacpp-presets\flycapture\2.11.3.121-1.4.2\flycapture-2.11.3.121-1.4.2-windows-x86_64.jar;D:\maven-repository\org\bytedeco\javacpp-presets\libdc1394-platform\2.2.5-1.4.2\libdc1394-platform-2.2.5-1.4.2.jar;D:\maven-repository\org\bytedeco\javacpp-presets\libdc1394\2.2.5-1.4.2\libdc1394-2.2.5-1.4.2-linux-x86.jar;D:\maven-repository\org\bytedeco\javacpp-presets\libdc1394\2.2.5-1.4.2\libdc1394-2.2.5-1.4.2-linux-x86_64.jar;D:\maven-repository\org\bytedeco\javacpp-presets\libdc1394\2.2.5-1.4.2\libdc1394-2.2.5-1.4.2-linux-armhf.jar;D:\maven-repository\org\bytedeco\javacpp-presets\libdc1394\2.2.5-1.4.2\libdc1394-2.2.5-1.4.2-linux-ppc64le.jar;D:\maven-repository\org\bytedeco\javacpp-presets\libdc1394\2.2.5-1.4.2\libdc1394-2.2.5-1.4.2-macosx-x86_64.jar;D:\maven-repository\org\bytedeco\javacpp-presets\libdc1394\2.2.5-1.4.2\libdc1394-2.2.5-1.4.2-windows-x86.jar;D:\maven-repository\org\bytedeco\javacpp-presets\libdc1394\2.2.5-1.4.2\libdc1394-2.2.5-1.4.2-windows-x86_64.jar;D:\maven-repository\org\bytedeco\javacpp-presets\libfreenect-platform\0.5.3-1.4.2\libfreenect-platform-0.5.3-1.4.2.jar;D:\maven-repository\org\bytedeco\javacpp-presets\libfreenect\0.5.3-1.4.2\libfreenect-0.5.3-1.4.2-linux-x86.jar;D:\maven-repository\org\bytedeco\javacpp-presets\libfreenect\0.5.3-1.4.2\libfreenect-0.5.3-1.4.2-linux-x86_64.jar;D:\maven-repository\org\bytedeco\javacpp-presets\libfreenect\0.5.3-1.4.2\libfreenect-0.5.3-1.4.2-linux-armhf.jar;D:\maven-repository\org\bytedeco\javacpp-presets\libfreenect\0.5.3-1.4.2\libfreenect-0.5.3-1.4.2-linux-ppc64le.jar;D:\maven-repository\org\bytedeco\javacpp-presets\libfreenect\0.5.3-1.4.2\libfreenect-0.5.3-1.4.2-macosx-x86_64.jar;D:\maven-repository\org\bytedeco\javacpp-presets\libfreenect\0.5.3-1.4.2\libfreenect-0.5.3-1.4.2-windows-x86.jar;D:\maven-repository\org\bytedeco\javacpp-presets\libfreenect\0.5.3-1.4.2\libfreenect-0.5.3-1.4.2-windows-x86_64.jar;D:\maven-repository\org\bytedeco\javacpp-presets\libfreenect2-platform\0.2.0-1.4.2\libfreenect2-platform-0.2.0-1.4.2.jar;D:\maven-repository\org\bytedeco\javacpp-presets\libfreenect2\0.2.0-1.4.2\libfreenect2-0.2.0-1.4.2-linux-x86.jar;D:\maven-repository\org\bytedeco\javacpp-presets\libfreenect2\0.2.0-1.4.2\libfreenect2-0.2.0-1.4.2-linux-x86_64.jar;D:\maven-repository\org\bytedeco\javacpp-presets\libfreenect2\0.2.0-1.4.2\libfreenect2-0.2.0-1.4.2-macosx-x86_64.jar;D:\maven-repository\org\bytedeco\javacpp-presets\libfreenect2\0.2.0-1.4.2\libfreenect2-0.2.0-1.4.2-windows-x86_64.jar;D:\maven-repository\org\bytedeco\javacpp-presets\librealsense-platform\1.12.1-1.4.2\librealsense-platform-1.12.1-1.4.2.jar;D:\maven-repository\org\bytedeco\javacpp-presets\librealsense\1.12.1-1.4.2\librealsense-1.12.1-1.4.2-linux-x86.jar;D:\maven-repository\org\bytedeco\javacpp-presets\librealsense\1.12.1-1.4.2\librealsense-1.12.1-1.4.2-linux-x86_64.jar;D:\maven-repository\org\bytedeco\javacpp-presets\librealsense\1.12.1-1.4.2\librealsense-1.12.1-1.4.2-macosx-x86_64.jar;D:\maven-repository\org\bytedeco\javacpp-presets\librealsense\1.12.1-1.4.2\librealsense-1.12.1-1.4.2-windows-x86.jar;D:\maven-repository\org\bytedeco\javacpp-presets\librealsense\1.12.1-1.4.2\librealsense-1.12.1-1.4.2-windows-x86_64.jar;D:\maven-repository\org\bytedeco\javacpp-presets\videoinput-platform\0.200-1.4.2\videoinput-platform-0.200-1.4.2.jar;D:\maven-repository\org\bytedeco\javacpp-presets\videoinput\0.200-1.4.2\videoinput-0.200-1.4.2-windows-x86.jar;D:\maven-repository\org\bytedeco\javacpp-presets\videoinput\0.200-1.4.2\videoinput-0.200-1.4.2-windows-x86_64.jar;D:\maven-repository\org\bytedeco\javacpp-presets\artoolkitplus-platform\2.3.1-1.4.2\artoolkitplus-platform-2.3.1-1.4.2.jar;D:\maven-repository\org\bytedeco\javacpp-presets\artoolkitplus\2.3.1-1.4.2\artoolkitplus-2.3.1-1.4.2-android-arm.jar;D:\maven-repository\org\bytedeco\javacpp-presets\artoolkitplus\2.3.1-1.4.2\artoolkitplus-2.3.1-1.4.2-android-arm64.jar;D:\maven-repository\org\bytedeco\javacpp-presets\artoolkitplus\2.3.1-1.4.2\artoolkitplus-2.3.1-1.4.2-android-x86.jar;D:\maven-repository\org\bytedeco\javacpp-presets\artoolkitplus\2.3.1-1.4.2\artoolkitplus-2.3.1-1.4.2-android-x86_64.jar;D:\maven-repository\org\bytedeco\javacpp-presets\artoolkitplus\2.3.1-1.4.2\artoolkitplus-2.3.1-1.4.2-linux-x86.jar;D:\maven-repository\org\bytedeco\javacpp-presets\artoolkitplus\2.3.1-1.4.2\artoolkitplus-2.3.1-1.4.2-linux-x86_64.jar;D:\maven-repository\org\bytedeco\javacpp-presets\artoolkitplus\2.3.1-1.4.2\artoolkitplus-2.3.1-1.4.2-linux-armhf.jar;D:\maven-repository\org\bytedeco\javacpp-presets\artoolkitplus\2.3.1-1.4.2\artoolkitplus-2.3.1-1.4.2-linux-ppc64le.jar;D:\maven-repository\org\bytedeco\javacpp-presets\artoolkitplus\2.3.1-1.4.2\artoolkitplus-2.3.1-1.4.2-macosx-x86_64.jar;D:\maven-repository\org\bytedeco\javacpp-presets\artoolkitplus\2.3.1-1.4.2\artoolkitplus-2.3.1-1.4.2-windows-x86.jar;D:\maven-repository\org\bytedeco\javacpp-presets\artoolkitplus\2.3.1-1.4.2\artoolkitplus-2.3.1-1.4.2-windows-x86_64.jar;D:\maven-repository\org\bytedeco\javacpp-presets\flandmark-platform\1.07-1.4.2\flandmark-platform-1.07-1.4.2.jar;D:\maven-repository\org\bytedeco\javacpp-presets\flandmark\1.07-1.4.2\flandmark-1.07-1.4.2-android-arm.jar;D:\maven-repository\org\bytedeco\javacpp-presets\flandmark\1.07-1.4.2\flandmark-1.07-1.4.2-android-arm64.jar;D:\maven-repository\org\bytedeco\javacpp-presets\flandmark\1.07-1.4.2\flandmark-1.07-1.4.2-android-x86.jar;D:\maven-repository\org\bytedeco\javacpp-presets\flandmark\1.07-1.4.2\flandmark-1.07-1.4.2-android-x86_64.jar;D:\maven-repository\org\bytedeco\javacpp-presets\flandmark\1.07-1.4.2\flandmark-1.07-1.4.2-linux-x86.jar;D:\maven-repository\org\bytedeco\javacpp-presets\flandmark\1.07-1.4.2\flandmark-1.07-1.4.2-linux-x86_64.jar;D:\maven-repository\org\bytedeco\javacpp-presets\flandmark\1.07-1.4.2\flandmark-1.07-1.4.2-linux-armhf.jar;D:\maven-repository\org\bytedeco\javacpp-presets\flandmark\1.07-1.4.2\flandmark-1.07-1.4.2-linux-ppc64le.jar;D:\maven-repository\org\bytedeco\javacpp-presets\flandmark\1.07-1.4.2\flandmark-1.07-1.4.2-macosx-x86_64.jar;D:\maven-repository\org\bytedeco\javacpp-presets\flandmark\1.07-1.4.2\flandmark-1.07-1.4.2-windows-x86.jar;D:\maven-repository\org\bytedeco\javacpp-presets\flandmark\1.07-1.4.2\flandmark-1.07-1.4.2-windows-x86_64.jar;D:\maven-repository\org\bytedeco\javacpp-presets\leptonica-platform\1.76.0-1.4.2\leptonica-platform-1.76.0-1.4.2.jar;D:\maven-repository\org\bytedeco\javacpp-presets\leptonica\1.76.0-1.4.2\leptonica-1.76.0-1.4.2-android-arm.jar;D:\maven-repository\org\bytedeco\javacpp-presets\leptonica\1.76.0-1.4.2\leptonica-1.76.0-1.4.2-android-arm64.jar;D:\maven-repository\org\bytedeco\javacpp-presets\leptonica\1.76.0-1.4.2\leptonica-1.76.0-1.4.2-android-x86.jar;D:\maven-repository\org\bytedeco\javacpp-presets\leptonica\1.76.0-1.4.2\leptonica-1.76.0-1.4.2-android-x86_64.jar;D:\maven-repository\org\bytedeco\javacpp-presets\leptonica\1.76.0-1.4.2\leptonica-1.76.0-1.4.2-linux-x86.jar;D:\maven-repository\org\bytedeco\javacpp-presets\leptonica\1.76.0-1.4.2\leptonica-1.76.0-1.4.2-linux-x86_64.jar;D:\maven-repository\org\bytedeco\javacpp-presets\leptonica\1.76.0-1.4.2\leptonica-1.76.0-1.4.2-linux-armhf.jar;D:\maven-repository\org\bytedeco\javacpp-presets\leptonica\1.76.0-1.4.2\leptonica-1.76.0-1.4.2-linux-ppc64le.jar;D:\maven-repository\org\bytedeco\javacpp-presets\leptonica\1.76.0-1.4.2\leptonica-1.76.0-1.4.2-macosx-x86_64.jar;D:\maven-repository\org\bytedeco\javacpp-presets\leptonica\1.76.0-1.4.2\leptonica-1.76.0-1.4.2-windows-x86.jar;D:\maven-repository\org\bytedeco\javacpp-presets\leptonica\1.76.0-1.4.2\leptonica-1.76.0-1.4.2-windows-x86_64.jar;D:\maven-repository\org\bytedeco\javacpp-presets\tesseract-platform\4.0.0-beta.3-1.4.2\tesseract-platform-4.0.0-beta.3-1.4.2.jar;D:\maven-repository\org\bytedeco\javacpp-presets\tesseract\4.0.0-beta.3-1.4.2\tesseract-4.0.0-beta.3-1.4.2-android-arm.jar;D:\maven-repository\org\bytedeco\javacpp-presets\tesseract\4.0.0-beta.3-1.4.2\tesseract-4.0.0-beta.3-1.4.2-android-arm64.jar;D:\maven-repository\org\bytedeco\javacpp-presets\tesseract\4.0.0-beta.3-1.4.2\tesseract-4.0.0-beta.3-1.4.2-android-x86.jar;D:\maven-repository\org\bytedeco\javacpp-presets\tesseract\4.0.0-beta.3-1.4.2\tesseract-4.0.0-beta.3-1.4.2-android-x86_64.jar;D:\maven-repository\org\bytedeco\javacpp-presets\tesseract\4.0.0-beta.3-1.4.2\tesseract-4.0.0-beta.3-1.4.2-linux-x86.jar;D:\maven-repository\org\bytedeco\javacpp-presets\tesseract\4.0.0-beta.3-1.4.2\tesseract-4.0.0-beta.3-1.4.2-linux-x86_64.jar;D:\maven-repository\org\bytedeco\javacpp-presets\tesseract\4.0.0-beta.3-1.4.2\tesseract-4.0.0-beta.3-1.4.2-linux-armhf.jar;D:\maven-repository\org\bytedeco\javacpp-presets\tesseract\4.0.0-beta.3-1.4.2\tesseract-4.0.0-beta.3-1.4.2-linux-ppc64le.jar;D:\maven-repository\org\bytedeco\javacpp-presets\tesseract\4.0.0-beta.3-1.4.2\tesseract-4.0.0-beta.3-1.4.2-macosx-x86_64.jar;D:\maven-repository\org\bytedeco\javacpp-presets\tesseract\4.0.0-beta.3-1.4.2\tesseract-4.0.0-beta.3-1.4.2-windows-x86.jar;D:\maven-repository\org\bytedeco\javacpp-presets\tesseract\4.0.0-beta.3-1.4.2\tesseract-4.0.0-beta.3-1.4.2-windows-x86_64.jar;D:\maven-repository\org\apache\httpcomponents\httpmime\4.4\httpmime-4.4.jar;D:\maven-repository\org\testng\testng\6.9.10\testng-6.9.10.jar;D:\maven-repository\org\beanshell\bsh\2.0b4\bsh-2.0b4.jar;D:\maven-repository\com\beust\jcommander\1.48\jcommander-1.48.jar;D:\maven-repository\org\mongodb\mongo-java-driver\3.2.2\mongo-java-driver-3.2.2.jar;D:\maven-repository\com\aventstack\extentreports\3.1.2\extentreports-3.1.2.jar;D:\maven-repository\org\freemarker\freemarker\2.3.23\freemarker-2.3.23.jar;D:\maven-repository\org\mongodb\mongodb-driver\3.3.0\mongodb-driver-3.3.0.jar;D:\maven-repository\org\mongodb\bson\3.3.0\bson-3.3.0.jar;D:\maven-repository\org\mongodb\mongodb-driver-core\3.3.0\mongodb-driver-core-3.3.0.jar;D:\maven-repository\org\jsoup\jsoup\1.9.2\jsoup-1.9.2.jar;D:\maven-repository\com\google\code\gson\gson\2.8.0\gson-2.8.0.jar;D:\maven-repository\org\seleniumhq\selenium\selenium-remote-driver\3.4.0\selenium-remote-driver-3.4.0.jar;D:\maven-repository\org\seleniumhq\selenium\selenium-api\3.4.0\selenium-api-3.4.0.jar;D:\maven-repository\cglib\cglib-nodep\3.2.4\cglib-nodep-3.2.4.jar;D:\maven-repository\org\apache\commons\commons-exec\1.3\commons-exec-1.3.jar;D:\maven-repository\com\google\guava\guava\21.0\guava-21.0.jar;D:\maven-repository\net\java\dev\jna\jna\4.1.0\jna-4.1.0.jar;D:\maven-repository\net\java\dev\jna\jna-platform\4.1.0\jna-platform-4.1.0.jar;D:\maven-repository\org\apache\maven\surefire\surefire-testng-utils\2.20.1\surefire-testng-utils-2.20.1.jar;D:\maven-repository\org\apache\maven\surefire\surefire-grouper\2.20.1\surefire-grouper-2.20.1.jar;"/>
    <property name="java.vm.vendor" value="Oracle Corporation"/>
    <property name="sun.arch.data.model" value="64"/>
    <property name="user.variant" value=""/>
    <property name="java.vendor.url" value="http://java.oracle.com/"/>
    <property name="user.timezone" value=""/>
    <property name="java.vm.specification.version" value="1.8"/>
    <property name="os.name" value="Windows 10"/>
    <property name="user.country" value="CN"/>
    <property name="sun.java.launcher" value="SUN_STANDARD"/>
    <property name="sun.boot.library.path" value="C:\Program Files\Java\jdk1.8.0_172\jre\bin"/>
    <property name="sun.java.command" value="C:\Windows\TEMP\surefire1851674174108293518\surefirebooter3603129571778324098.jar C:\Windows\Temp\surefire1851674174108293518 2019-01-04T09-30-58_525-jvmRun1 surefire5588363439133238015tmp surefire_02617142636591188417tmp"/>
    <property name="surefire.test.class.path" value="C:\Users\Administrator\Desktop\1\macaca-crm-autotest\target\test-classes;C:\Users\Administrator\Desktop\1\macaca-crm-autotest\target\classes;D:\maven-repository\junit\junit\4.12\junit-4.12.jar;D:\maven-repository\org\hamcrest\hamcrest-core\1.3\hamcrest-core-1.3.jar;D:\maven-repository\macaca\java\biz\1.1.17\biz-1.1.17.jar;D:\maven-repository\macaca\webdriver\client\macacaclient\2.0.24\macacaclient-2.0.24.jar;D:\maven-repository\com\alibaba\fastjson\1.2.15\fastjson-1.2.15.jar;D:\maven-repository\org\apache\httpcomponents\httpclient\4.5.2\httpclient-4.5.2.jar;D:\maven-repository\org\apache\httpcomponents\httpcore\4.4.4\httpcore-4.4.4.jar;D:\maven-repository\commons-logging\commons-logging\1.2\commons-logging-1.2.jar;D:\maven-repository\commons-codec\commons-codec\1.9\commons-codec-1.9.jar;D:\maven-repository\log4j\log4j\1.2.17\log4j-1.2.17.jar;D:\maven-repository\org\hamcrest\hamcrest-library\1.2\hamcrest-library-1.2.jar;D:\maven-repository\org\dbunit\dbunit\2.5.1\dbunit-2.5.1.jar;D:\maven-repository\org\slf4j\slf4j-api\1.7.12\slf4j-api-1.7.12.jar;D:\maven-repository\commons-collections\commons-collections\3.2.1\commons-collections-3.2.1.jar;D:\maven-repository\org\apache\poi\poi-ooxml\3.11\poi-ooxml-3.11.jar;D:\maven-repository\org\apache\poi\poi\3.11\poi-3.11.jar;D:\maven-repository\org\apache\poi\poi-ooxml-schemas\3.11\poi-ooxml-schemas-3.11.jar;D:\maven-repository\org\apache\xmlbeans\xmlbeans\2.6.0\xmlbeans-2.6.0.jar;D:\maven-repository\stax\stax-api\1.0.1\stax-api-1.0.1.jar;D:\maven-repository\mysql\mysql-connector-java\5.1.38\mysql-connector-java-5.1.38.jar;D:\maven-repository\org\bytedeco\javacv-platform\1.4.2\javacv-platform-1.4.2.jar;D:\maven-repository\org\bytedeco\javacv\1.4.2\javacv-1.4.2.jar;D:\maven-repository\org\bytedeco\javacpp\1.4.2\javacpp-1.4.2.jar;D:\maven-repository\org\bytedeco\javacpp-presets\opencv\3.4.2-1.4.2\opencv-3.4.2-1.4.2.jar;D:\maven-repository\org\bytedeco\javacpp-presets\ffmpeg\4.0.1-1.4.2\ffmpeg-4.0.1-1.4.2.jar;D:\maven-repository\org\bytedeco\javacpp-presets\flycapture\2.11.3.121-1.4.2\flycapture-2.11.3.121-1.4.2.jar;D:\maven-repository\org\bytedeco\javacpp-presets\libdc1394\2.2.5-1.4.2\libdc1394-2.2.5-1.4.2.jar;D:\maven-repository\org\bytedeco\javacpp-presets\libfreenect\0.5.3-1.4.2\libfreenect-0.5.3-1.4.2.jar;D:\maven-repository\org\bytedeco\javacpp-presets\libfreenect2\0.2.0-1.4.2\libfreenect2-0.2.0-1.4.2.jar;D:\maven-repository\org\bytedeco\javacpp-presets\librealsense\1.12.1-1.4.2\librealsense-1.12.1-1.4.2.jar;D:\maven-repository\org\bytedeco\javacpp-presets\videoinput\0.200-1.4.2\videoinput-0.200-1.4.2.jar;D:\maven-repository\org\bytedeco\javacpp-presets\artoolkitplus\2.3.1-1.4.2\artoolkitplus-2.3.1-1.4.2.jar;D:\maven-repository\org\bytedeco\javacpp-presets\flandmark\1.07-1.4.2\flandmark-1.07-1.4.2.jar;D:\maven-repository\org\bytedeco\javacpp-presets\leptonica\1.76.0-1.4.2\leptonica-1.76.0-1.4.2.jar;D:\maven-repository\org\bytedeco\javacpp-presets\tesseract\4.0.0-beta.3-1.4.2\tesseract-4.0.0-beta.3-1.4.2.jar;D:\maven-repository\org\bytedeco\javacpp-presets\opencv-platform\3.4.2-1.4.2\opencv-platform-3.4.2-1.4.2.jar;D:\maven-repository\org\bytedeco\javacpp-presets\opencv\3.4.2-1.4.2\opencv-3.4.2-1.4.2-android-arm.jar;D:\maven-repository\org\bytedeco\javacpp-presets\opencv\3.4.2-1.4.2\opencv-3.4.2-1.4.2-android-arm64.jar;D:\maven-repository\org\bytedeco\javacpp-presets\opencv\3.4.2-1.4.2\opencv-3.4.2-1.4.2-android-x86.jar;D:\maven-repository\org\bytedeco\javacpp-presets\opencv\3.4.2-1.4.2\opencv-3.4.2-1.4.2-android-x86_64.jar;D:\maven-repository\org\bytedeco\javacpp-presets\opencv\3.4.2-1.4.2\opencv-3.4.2-1.4.2-ios-arm64.jar;D:\maven-repository\org\bytedeco\javacpp-presets\opencv\3.4.2-1.4.2\opencv-3.4.2-1.4.2-ios-x86_64.jar;D:\maven-repository\org\bytedeco\javacpp-presets\opencv\3.4.2-1.4.2\opencv-3.4.2-1.4.2-linux-x86.jar;D:\maven-repository\org\bytedeco\javacpp-presets\opencv\3.4.2-1.4.2\opencv-3.4.2-1.4.2-linux-x86_64.jar;D:\maven-repository\org\bytedeco\javacpp-presets\opencv\3.4.2-1.4.2\opencv-3.4.2-1.4.2-linux-armhf.jar;D:\maven-repository\org\bytedeco\javacpp-presets\opencv\3.4.2-1.4.2\opencv-3.4.2-1.4.2-linux-ppc64le.jar;D:\maven-repository\org\bytedeco\javacpp-presets\opencv\3.4.2-1.4.2\opencv-3.4.2-1.4.2-macosx-x86_64.jar;D:\maven-repository\org\bytedeco\javacpp-presets\opencv\3.4.2-1.4.2\opencv-3.4.2-1.4.2-windows-x86.jar;D:\maven-repository\org\bytedeco\javacpp-presets\opencv\3.4.2-1.4.2\opencv-3.4.2-1.4.2-windows-x86_64.jar;D:\maven-repository\org\bytedeco\javacpp-presets\ffmpeg-platform\4.0.1-1.4.2\ffmpeg-platform-4.0.1-1.4.2.jar;D:\maven-repository\org\bytedeco\javacpp-presets\ffmpeg\4.0.1-1.4.2\ffmpeg-4.0.1-1.4.2-android-arm.jar;D:\maven-repository\org\bytedeco\javacpp-presets\ffmpeg\4.0.1-1.4.2\ffmpeg-4.0.1-1.4.2-android-arm64.jar;D:\maven-repository\org\bytedeco\javacpp-presets\ffmpeg\4.0.1-1.4.2\ffmpeg-4.0.1-1.4.2-android-x86.jar;D:\maven-repository\org\bytedeco\javacpp-presets\ffmpeg\4.0.1-1.4.2\ffmpeg-4.0.1-1.4.2-android-x86_64.jar;D:\maven-repository\org\bytedeco\javacpp-presets\ffmpeg\4.0.1-1.4.2\ffmpeg-4.0.1-1.4.2-linux-x86.jar;D:\maven-repository\org\bytedeco\javacpp-presets\ffmpeg\4.0.1-1.4.2\ffmpeg-4.0.1-1.4.2-linux-x86_64.jar;D:\maven-repository\org\bytedeco\javacpp-presets\ffmpeg\4.0.1-1.4.2\ffmpeg-4.0.1-1.4.2-linux-armhf.jar;D:\maven-repository\org\bytedeco\javacpp-presets\ffmpeg\4.0.1-1.4.2\ffmpeg-4.0.1-1.4.2-linux-ppc64le.jar;D:\maven-repository\org\bytedeco\javacpp-presets\ffmpeg\4.0.1-1.4.2\ffmpeg-4.0.1-1.4.2-macosx-x86_64.jar;D:\maven-repository\org\bytedeco\javacpp-presets\ffmpeg\4.0.1-1.4.2\ffmpeg-4.0.1-1.4.2-windows-x86.jar;D:\maven-repository\org\bytedeco\javacpp-presets\ffmpeg\4.0.1-1.4.2\ffmpeg-4.0.1-1.4.2-windows-x86_64.jar;D:\maven-repository\org\bytedeco\javacpp-presets\flycapture-platform\2.11.3.121-1.4.2\flycapture-platform-2.11.3.121-1.4.2.jar;D:\maven-repository\org\bytedeco\javacpp-presets\flycapture\2.11.3.121-1.4.2\flycapture-2.11.3.121-1.4.2-linux-x86.jar;D:\maven-repository\org\bytedeco\javacpp-presets\flycapture\2.11.3.121-1.4.2\flycapture-2.11.3.121-1.4.2-linux-x86_64.jar;D:\maven-repository\org\bytedeco\javacpp-presets\flycapture\2.11.3.121-1.4.2\flycapture-2.11.3.121-1.4.2-linux-armhf.jar;D:\maven-repository\org\bytedeco\javacpp-presets\flycapture\2.11.3.121-1.4.2\flycapture-2.11.3.121-1.4.2-windows-x86.jar;D:\maven-repository\org\bytedeco\javacpp-presets\flycapture\2.11.3.121-1.4.2\flycapture-2.11.3.121-1.4.2-windows-x86_64.jar;D:\maven-repository\org\bytedeco\javacpp-presets\libdc1394-platform\2.2.5-1.4.2\libdc1394-platform-2.2.5-1.4.2.jar;D:\maven-repository\org\bytedeco\javacpp-presets\libdc1394\2.2.5-1.4.2\libdc1394-2.2.5-1.4.2-linux-x86.jar;D:\maven-repository\org\bytedeco\javacpp-presets\libdc1394\2.2.5-1.4.2\libdc1394-2.2.5-1.4.2-linux-x86_64.jar;D:\maven-repository\org\bytedeco\javacpp-presets\libdc1394\2.2.5-1.4.2\libdc1394-2.2.5-1.4.2-linux-armhf.jar;D:\maven-repository\org\bytedeco\javacpp-presets\libdc1394\2.2.5-1.4.2\libdc1394-2.2.5-1.4.2-linux-ppc64le.jar;D:\maven-repository\org\bytedeco\javacpp-presets\libdc1394\2.2.5-1.4.2\libdc1394-2.2.5-1.4.2-macosx-x86_64.jar;D:\maven-repository\org\bytedeco\javacpp-presets\libdc1394\2.2.5-1.4.2\libdc1394-2.2.5-1.4.2-windows-x86.jar;D:\maven-repository\org\bytedeco\javacpp-presets\libdc1394\2.2.5-1.4.2\libdc1394-2.2.5-1.4.2-windows-x86_64.jar;D:\maven-repository\org\bytedeco\javacpp-presets\libfreenect-platform\0.5.3-1.4.2\libfreenect-platform-0.5.3-1.4.2.jar;D:\maven-repository\org\bytedeco\javacpp-presets\libfreenect\0.5.3-1.4.2\libfreenect-0.5.3-1.4.2-linux-x86.jar;D:\maven-repository\org\bytedeco\javacpp-presets\libfreenect\0.5.3-1.4.2\libfreenect-0.5.3-1.4.2-linux-x86_64.jar;D:\maven-repository\org\bytedeco\javacpp-presets\libfreenect\0.5.3-1.4.2\libfreenect-0.5.3-1.4.2-linux-armhf.jar;D:\maven-repository\org\bytedeco\javacpp-presets\libfreenect\0.5.3-1.4.2\libfreenect-0.5.3-1.4.2-linux-ppc64le.jar;D:\maven-repository\org\bytedeco\javacpp-presets\libfreenect\0.5.3-1.4.2\libfreenect-0.5.3-1.4.2-macosx-x86_64.jar;D:\maven-repository\org\bytedeco\javacpp-presets\libfreenect\0.5.3-1.4.2\libfreenect-0.5.3-1.4.2-windows-x86.jar;D:\maven-repository\org\bytedeco\javacpp-presets\libfreenect\0.5.3-1.4.2\libfreenect-0.5.3-1.4.2-windows-x86_64.jar;D:\maven-repository\org\bytedeco\javacpp-presets\libfreenect2-platform\0.2.0-1.4.2\libfreenect2-platform-0.2.0-1.4.2.jar;D:\maven-repository\org\bytedeco\javacpp-presets\libfreenect2\0.2.0-1.4.2\libfreenect2-0.2.0-1.4.2-linux-x86.jar;D:\maven-repository\org\bytedeco\javacpp-presets\libfreenect2\0.2.0-1.4.2\libfreenect2-0.2.0-1.4.2-linux-x86_64.jar;D:\maven-repository\org\bytedeco\javacpp-presets\libfreenect2\0.2.0-1.4.2\libfreenect2-0.2.0-1.4.2-macosx-x86_64.jar;D:\maven-repository\org\bytedeco\javacpp-presets\libfreenect2\0.2.0-1.4.2\libfreenect2-0.2.0-1.4.2-windows-x86_64.jar;D:\maven-repository\org\bytedeco\javacpp-presets\librealsense-platform\1.12.1-1.4.2\librealsense-platform-1.12.1-1.4.2.jar;D:\maven-repository\org\bytedeco\javacpp-presets\librealsense\1.12.1-1.4.2\librealsense-1.12.1-1.4.2-linux-x86.jar;D:\maven-repository\org\bytedeco\javacpp-presets\librealsense\1.12.1-1.4.2\librealsense-1.12.1-1.4.2-linux-x86_64.jar;D:\maven-repository\org\bytedeco\javacpp-presets\librealsense\1.12.1-1.4.2\librealsense-1.12.1-1.4.2-macosx-x86_64.jar;D:\maven-repository\org\bytedeco\javacpp-presets\librealsense\1.12.1-1.4.2\librealsense-1.12.1-1.4.2-windows-x86.jar;D:\maven-repository\org\bytedeco\javacpp-presets\librealsense\1.12.1-1.4.2\librealsense-1.12.1-1.4.2-windows-x86_64.jar;D:\maven-repository\org\bytedeco\javacpp-presets\videoinput-platform\0.200-1.4.2\videoinput-platform-0.200-1.4.2.jar;D:\maven-repository\org\bytedeco\javacpp-presets\videoinput\0.200-1.4.2\videoinput-0.200-1.4.2-windows-x86.jar;D:\maven-repository\org\bytedeco\javacpp-presets\videoinput\0.200-1.4.2\videoinput-0.200-1.4.2-windows-x86_64.jar;D:\maven-repository\org\bytedeco\javacpp-presets\artoolkitplus-platform\2.3.1-1.4.2\artoolkitplus-platform-2.3.1-1.4.2.jar;D:\maven-repository\org\bytedeco\javacpp-presets\artoolkitplus\2.3.1-1.4.2\artoolkitplus-2.3.1-1.4.2-android-arm.jar;D:\maven-repository\org\bytedeco\javacpp-presets\artoolkitplus\2.3.1-1.4.2\artoolkitplus-2.3.1-1.4.2-android-arm64.jar;D:\maven-repository\org\bytedeco\javacpp-presets\artoolkitplus\2.3.1-1.4.2\artoolkitplus-2.3.1-1.4.2-android-x86.jar;D:\maven-repository\org\bytedeco\javacpp-presets\artoolkitplus\2.3.1-1.4.2\artoolkitplus-2.3.1-1.4.2-android-x86_64.jar;D:\maven-repository\org\bytedeco\javacpp-presets\artoolkitplus\2.3.1-1.4.2\artoolkitplus-2.3.1-1.4.2-linux-x86.jar;D:\maven-repository\org\bytedeco\javacpp-presets\artoolkitplus\2.3.1-1.4.2\artoolkitplus-2.3.1-1.4.2-linux-x86_64.jar;D:\maven-repository\org\bytedeco\javacpp-presets\artoolkitplus\2.3.1-1.4.2\artoolkitplus-2.3.1-1.4.2-linux-armhf.jar;D:\maven-repository\org\bytedeco\javacpp-presets\artoolkitplus\2.3.1-1.4.2\artoolkitplus-2.3.1-1.4.2-linux-ppc64le.jar;D:\maven-repository\org\bytedeco\javacpp-presets\artoolkitplus\2.3.1-1.4.2\artoolkitplus-2.3.1-1.4.2-macosx-x86_64.jar;D:\maven-repository\org\bytedeco\javacpp-presets\artoolkitplus\2.3.1-1.4.2\artoolkitplus-2.3.1-1.4.2-windows-x86.jar;D:\maven-repository\org\bytedeco\javacpp-presets\artoolkitplus\2.3.1-1.4.2\artoolkitplus-2.3.1-1.4.2-windows-x86_64.jar;D:\maven-repository\org\bytedeco\javacpp-presets\flandmark-platform\1.07-1.4.2\flandmark-platform-1.07-1.4.2.jar;D:\maven-repository\org\bytedeco\javacpp-presets\flandmark\1.07-1.4.2\flandmark-1.07-1.4.2-android-arm.jar;D:\maven-repository\org\bytedeco\javacpp-presets\flandmark\1.07-1.4.2\flandmark-1.07-1.4.2-android-arm64.jar;D:\maven-repository\org\bytedeco\javacpp-presets\flandmark\1.07-1.4.2\flandmark-1.07-1.4.2-android-x86.jar;D:\maven-repository\org\bytedeco\javacpp-presets\flandmark\1.07-1.4.2\flandmark-1.07-1.4.2-android-x86_64.jar;D:\maven-repository\org\bytedeco\javacpp-presets\flandmark\1.07-1.4.2\flandmark-1.07-1.4.2-linux-x86.jar;D:\maven-repository\org\bytedeco\javacpp-presets\flandmark\1.07-1.4.2\flandmark-1.07-1.4.2-linux-x86_64.jar;D:\maven-repository\org\bytedeco\javacpp-presets\flandmark\1.07-1.4.2\flandmark-1.07-1.4.2-linux-armhf.jar;D:\maven-repository\org\bytedeco\javacpp-presets\flandmark\1.07-1.4.2\flandmark-1.07-1.4.2-linux-ppc64le.jar;D:\maven-repository\org\bytedeco\javacpp-presets\flandmark\1.07-1.4.2\flandmark-1.07-1.4.2-macosx-x86_64.jar;D:\maven-repository\org\bytedeco\javacpp-presets\flandmark\1.07-1.4.2\flandmark-1.07-1.4.2-windows-x86.jar;D:\maven-repository\org\bytedeco\javacpp-presets\flandmark\1.07-1.4.2\flandmark-1.07-1.4.2-windows-x86_64.jar;D:\maven-repository\org\bytedeco\javacpp-presets\leptonica-platform\1.76.0-1.4.2\leptonica-platform-1.76.0-1.4.2.jar;D:\maven-repository\org\bytedeco\javacpp-presets\leptonica\1.76.0-1.4.2\leptonica-1.76.0-1.4.2-android-arm.jar;D:\maven-repository\org\bytedeco\javacpp-presets\leptonica\1.76.0-1.4.2\leptonica-1.76.0-1.4.2-android-arm64.jar;D:\maven-repository\org\bytedeco\javacpp-presets\leptonica\1.76.0-1.4.2\leptonica-1.76.0-1.4.2-android-x86.jar;D:\maven-repository\org\bytedeco\javacpp-presets\leptonica\1.76.0-1.4.2\leptonica-1.76.0-1.4.2-android-x86_64.jar;D:\maven-repository\org\bytedeco\javacpp-presets\leptonica\1.76.0-1.4.2\leptonica-1.76.0-1.4.2-linux-x86.jar;D:\maven-repository\org\bytedeco\javacpp-presets\leptonica\1.76.0-1.4.2\leptonica-1.76.0-1.4.2-linux-x86_64.jar;D:\maven-repository\org\bytedeco\javacpp-presets\leptonica\1.76.0-1.4.2\leptonica-1.76.0-1.4.2-linux-armhf.jar;D:\maven-repository\org\bytedeco\javacpp-presets\leptonica\1.76.0-1.4.2\leptonica-1.76.0-1.4.2-linux-ppc64le.jar;D:\maven-repository\org\bytedeco\javacpp-presets\leptonica\1.76.0-1.4.2\leptonica-1.76.0-1.4.2-macosx-x86_64.jar;D:\maven-repository\org\bytedeco\javacpp-presets\leptonica\1.76.0-1.4.2\leptonica-1.76.0-1.4.2-windows-x86.jar;D:\maven-repository\org\bytedeco\javacpp-presets\leptonica\1.76.0-1.4.2\leptonica-1.76.0-1.4.2-windows-x86_64.jar;D:\maven-repository\org\bytedeco\javacpp-presets\tesseract-platform\4.0.0-beta.3-1.4.2\tesseract-platform-4.0.0-beta.3-1.4.2.jar;D:\maven-repository\org\bytedeco\javacpp-presets\tesseract\4.0.0-beta.3-1.4.2\tesseract-4.0.0-beta.3-1.4.2-android-arm.jar;D:\maven-repository\org\bytedeco\javacpp-presets\tesseract\4.0.0-beta.3-1.4.2\tesseract-4.0.0-beta.3-1.4.2-android-arm64.jar;D:\maven-repository\org\bytedeco\javacpp-presets\tesseract\4.0.0-beta.3-1.4.2\tesseract-4.0.0-beta.3-1.4.2-android-x86.jar;D:\maven-repository\org\bytedeco\javacpp-presets\tesseract\4.0.0-beta.3-1.4.2\tesseract-4.0.0-beta.3-1.4.2-android-x86_64.jar;D:\maven-repository\org\bytedeco\javacpp-presets\tesseract\4.0.0-beta.3-1.4.2\tesseract-4.0.0-beta.3-1.4.2-linux-x86.jar;D:\maven-repository\org\bytedeco\javacpp-presets\tesseract\4.0.0-beta.3-1.4.2\tesseract-4.0.0-beta.3-1.4.2-linux-x86_64.jar;D:\maven-repository\org\bytedeco\javacpp-presets\tesseract\4.0.0-beta.3-1.4.2\tesseract-4.0.0-beta.3-1.4.2-linux-armhf.jar;D:\maven-repository\org\bytedeco\javacpp-presets\tesseract\4.0.0-beta.3-1.4.2\tesseract-4.0.0-beta.3-1.4.2-linux-ppc64le.jar;D:\maven-repository\org\bytedeco\javacpp-presets\tesseract\4.0.0-beta.3-1.4.2\tesseract-4.0.0-beta.3-1.4.2-macosx-x86_64.jar;D:\maven-repository\org\bytedeco\javacpp-presets\tesseract\4.0.0-beta.3-1.4.2\tesseract-4.0.0-beta.3-1.4.2-windows-x86.jar;D:\maven-repository\org\bytedeco\javacpp-presets\tesseract\4.0.0-beta.3-1.4.2\tesseract-4.0.0-beta.3-1.4.2-windows-x86_64.jar;D:\maven-repository\org\apache\httpcomponents\httpmime\4.4\httpmime-4.4.jar;D:\maven-repository\org\testng\testng\6.9.10\testng-6.9.10.jar;D:\maven-repository\org\beanshell\bsh\2.0b4\bsh-2.0b4.jar;D:\maven-repository\com\beust\jcommander\1.48\jcommander-1.48.jar;D:\maven-repository\org\mongodb\mongo-java-driver\3.2.2\mongo-java-driver-3.2.2.jar;D:\maven-repository\com\aventstack\extentreports\3.1.2\extentreports-3.1.2.jar;D:\maven-repository\org\freemarker\freemarker\2.3.23\freemarker-2.3.23.jar;D:\maven-repository\org\mongodb\mongodb-driver\3.3.0\mongodb-driver-3.3.0.jar;D:\maven-repository\org\mongodb\bson\3.3.0\bson-3.3.0.jar;D:\maven-repository\org\mongodb\mongodb-driver-core\3.3.0\mongodb-driver-core-3.3.0.jar;D:\maven-repository\org\jsoup\jsoup\1.9.2\jsoup-1.9.2.jar;D:\maven-repository\com\google\code\gson\gson\2.8.0\gson-2.8.0.jar;D:\maven-repository\org\seleniumhq\selenium\selenium-remote-driver\3.4.0\selenium-remote-driver-3.4.0.jar;D:\maven-repository\org\seleniumhq\selenium\selenium-api\3.4.0\selenium-api-3.4.0.jar;D:\maven-repository\cglib\cglib-nodep\3.2.4\cglib-nodep-3.2.4.jar;D:\maven-repository\org\apache\commons\commons-exec\1.3\commons-exec-1.3.jar;D:\maven-repository\com\google\guava\guava\21.0\guava-21.0.jar;D:\maven-repository\net\java\dev\jna\jna\4.1.0\jna-4.1.0.jar;D:\maven-repository\net\java\dev\jna\jna-platform\4.1.0\jna-platform-4.1.0.jar;D:\maven-repository\org\apache\maven\surefire\surefire-testng-utils\2.20.1\surefire-testng-utils-2.20.1.jar;D:\maven-repository\org\apache\maven\surefire\surefire-grouper\2.20.1\surefire-grouper-2.20.1.jar;"/>
    <property name="sun.cpu.endian" value="little"/>
    <property name="user.home" value="C:\Windows\system32\config\systemprofile"/>
    <property name="user.language" value="zh"/>
    <property name="java.specification.vendor" value="Oracle Corporation"/>
    <property name="java.home" value="C:\Program Files\Java\jdk1.8.0_172\jre"/>
    <property name="basedir" value="C:\Users\Administrator\Desktop\1\macaca-crm-autotest"/>
    <property name="file.separator" value="\"/>
    <property name="line.separator" value="&#10;"/>
    <property name="java.vm.specification.vendor" value="Oracle Corporation"/>
    <property name="java.specification.name" value="Java Platform API Specification"/>
    <property name="java.awt.graphicsenv" value="sun.awt.Win32GraphicsEnvironment"/>
    <property name="surefire.real.class.path" value="C:\Windows\TEMP\surefire1851674174108293518\surefirebooter3603129571778324098.jar"/>
    <property name="sun.boot.class.path" value="C:\Program Files\Java\jdk1.8.0_172\jre\lib\resources.jar;C:\Program Files\Java\jdk1.8.0_172\jre\lib\rt.jar;C:\Program Files\Java\jdk1.8.0_172\jre\lib\sunrsasign.jar;C:\Program Files\Java\jdk1.8.0_172\jre\lib\jsse.jar;C:\Program Files\Java\jdk1.8.0_172\jre\lib\jce.jar;C:\Program Files\Java\jdk1.8.0_172\jre\lib\charsets.jar;C:\Program Files\Java\jdk1.8.0_172\jre\lib\jfr.jar;C:\Program Files\Java\jdk1.8.0_172\jre\classes"/>
    <property name="user.script" value=""/>
    <property name="sun.management.compiler" value="HotSpot 64-Bit Tiered Compilers"/>
    <property name="java.runtime.version" value="1.8.0_172-b11"/>
    <property name="user.name" value="KL66JS811UD6CKZ$"/>
    <property name="path.separator" value=";"/>
    <property name="os.version" value="10.0"/>
    <property name="java.endorsed.dirs" value="C:\Program Files\Java\jdk1.8.0_172\jre\lib\endorsed"/>
    <property name="java.runtime.name" value="Java(TM) SE Runtime Environment"/>
    <property name="file.encoding" value="GBK"/>
    <property name="java.vm.name" value="Java HotSpot(TM) 64-Bit Server VM"/>
    <property name="localRepository" value="D:\maven-repository"/>
    <property name="java.vendor.url.bug" value="http://bugreport.sun.com/bugreport/"/>
    <property name="java.io.tmpdir" value="C:\Windows\TEMP\"/>
    <property name="java.version" value="1.8.0_172"/>
    <property name="user.dir" value="C:\Users\Administrator\Desktop\1\macaca-crm-autotest"/>
    <property name="os.arch" value="amd64"/>
    <property name="java.vm.specification.name" value="Java Virtual Machine Specification"/>
    <property name="java.awt.printerjob" value="sun.awt.windows.WPrinterJob"/>
    <property name="sun.os.patch.level" value=""/>
    <property name="java.library.path" value="C:\Program Files\Java\jdk1.8.0_172\jre\bin;C:\Windows\Sun\Java\bin;C:\Windows\system32;C:\Windows;D:\apache-maven-3.5.4/bin;C:\Program Files\Java\jdk1.8.0_172/bin;C:\Program Files\Java\jdk1.8.0_172/bin;C:\Program Files (x86)\Common Files\Oracle\Java\javapath;C:\Windows\system32;C:\Windows;C:\Windows\System32\Wbem;C:\Windows\System32\WindowsPowerShell\v1.0\;D:\gradle-4.4-all\gradle-4.4\bin;D:\apache-ant-1.9.13\bin;D:\nodejs\;C:\Program Files\Java\jdk1.8.0_172\bin;C:\Program Files\Java\jdk1.8.0_172\jre\bin;c:\android-sdk\tools;c:\android-sdk\platform-tools;D:\apache-maven-3.5.4\bin;C:\Program Files\Git\cmd;C:\Windows\system32\config\systemprofile\AppData\Local\Microsoft\WindowsApps;."/>
    <property name="java.vm.info" value="mixed mode"/>
    <property name="java.vendor" value="Oracle Corporation"/>
    <property name="java.vm.version" value="25.172-b11"/>
    <property name="java.ext.dirs" value="C:\Program Files\Java\jdk1.8.0_172\jre\lib\ext;C:\Windows\Sun\Java\lib\ext"/>
    <property name="sun.io.unicode.encoding" value="UnicodeLittle"/>
    <property name="java.class.version" value="52.0"/>
  </properties>
  <testcase name="cluesearch_1" classname="com.javademo.cases.testClueSearch" time="57.797"/>
  <testcase name="cluesearch_2" classname="com.javademo.cases.testClueSearch" time="8.818">
    <failure message="An element command could not be completed because the element is not visible on the page." type="java.lang.Exception">java.lang.Exception: An element command could not be completed because the element is not visible on the page.
	at com.javademo.cases.testClueSearch.cluesearch_2(testClueSearch.java:20)
</failure>
    <system-out><![CDATA[2019-01-04 09:32:16 Request:http://localhost:3456/wd/hub/session/01f13ab2-558c-4e9d-8a0e-894e1d6864ed/url:{"url":"https://baiyi.gaodun.com/#/cluesIndex"}
2019-01-04 09:32:16 Response:{"sessionId":"01f13ab2-558c-4e9d-8a0e-894e1d6864ed","status":0,"value":null}
attempt to search the element for 0 times
2019-01-04 09:32:22 Request:http://localhost:3456/wd/hub/session/01f13ab2-558c-4e9d-8a0e-894e1d6864ed/element:{"using":"xpath","value":"(.//*[normalize-space(text()) and normalize-space(.)='批量处理'])[1]/following::span[1]"}
2019-01-04 09:32:22 Response:{"sessionId":"01f13ab2-558c-4e9d-8a0e-894e1d6864ed","status":0,"value":{"ELEMENT":"0.17147959159921355-4"}}
2019-01-04 09:32:22 Request:http://localhost:3456/wd/hub/session/01f13ab2-558c-4e9d-8a0e-894e1d6864ed/element:{"using":"xpath","value":"(.//*[normalize-space(text()) and normalize-space(.)='批量处理'])[1]/following::span[1]"}
2019-01-04 09:32:22 Response:{"sessionId":"01f13ab2-558c-4e9d-8a0e-894e1d6864ed","status":0,"value":{"ELEMENT":"0.17147959159921355-4"}}
2019-01-04 09:32:22 Request:http://localhost:3456/wd/hub/session/01f13ab2-558c-4e9d-8a0e-894e1d6864ed/element/0.17147959159921355-4/click:{}
2019-01-04 09:32:23 Response:{"sessionId":"01f13ab2-558c-4e9d-8a0e-894e1d6864ed","status":0,"value":null}
attempt to search the element for 0 times
2019-01-04 09:32:25 Request:http://localhost:3456/wd/hub/session/01f13ab2-558c-4e9d-8a0e-894e1d6864ed/element:{"using":"xpath","value":"(.//*[normalize-space(text()) and normalize-space(.)='线索创建时间:'])[1]/following::input[1]"}
2019-01-04 09:32:25 Response:{"sessionId":"01f13ab2-558c-4e9d-8a0e-894e1d6864ed","status":0,"value":{"ELEMENT":"0.17147959159921355-5"}}
2019-01-04 09:32:25 Request:http://localhost:3456/wd/hub/session/01f13ab2-558c-4e9d-8a0e-894e1d6864ed/element:{"using":"xpath","value":"(.//*[normalize-space(text()) and normalize-space(.)='线索创建时间:'])[1]/following::input[1]"}
2019-01-04 09:32:25 Response:{"sessionId":"01f13ab2-558c-4e9d-8a0e-894e1d6864ed","status":0,"value":{"ELEMENT":"0.17147959159921355-5"}}
2019-01-04 09:32:25 Request:http://localhost:3456/wd/hub/session/01f13ab2-558c-4e9d-8a0e-894e1d6864ed/element/0.17147959159921355-5/click:{}
2019-01-04 09:32:25 Response:{"sessionId":"01f13ab2-558c-4e9d-8a0e-894e1d6864ed","status":11,"value":{"message":"element not interactable\n  (Session info: chrome=71.0.3578.98)\n  (Driver info: chromedriver=2.43.600210 (68dcf5eebde37173d4027fa8635e332711d2874a),platform=Windows NT 10.0.14393 x86_64)"}}
]]></system-out>
  </testcase>
  <testcase name="cluesearch_3" classname="com.javademo.cases.testClueSearch" time="25.453">
    <failure message="expected [true] but found [false]" type="java.lang.AssertionError">java.lang.AssertionError: expected [true] but found [false]
	at com.javademo.cases.testClueSearch.cluesearch_3(testClueSearch.java:27)
</failure>
    <system-out><![CDATA[2019-01-04 09:32:25 Request:http://localhost:3456/wd/hub/session/01f13ab2-558c-4e9d-8a0e-894e1d6864ed/url:{"url":"https://baiyi.gaodun.com/#/cluesIndex"}
2019-01-04 09:32:25 Response:{"sessionId":"01f13ab2-558c-4e9d-8a0e-894e1d6864ed","status":0,"value":null}
attempt to search the element for 0 times
2019-01-04 09:32:31 Request:http://localhost:3456/wd/hub/session/01f13ab2-558c-4e9d-8a0e-894e1d6864ed/element:{"using":"xpath","value":"(.//*[normalize-space(text()) and normalize-space(.)='批量处理'])[1]/following::span[1]"}
2019-01-04 09:32:31 Response:{"sessionId":"01f13ab2-558c-4e9d-8a0e-894e1d6864ed","status":0,"value":{"ELEMENT":"0.17147959159921355-4"}}
2019-01-04 09:32:31 Request:http://localhost:3456/wd/hub/session/01f13ab2-558c-4e9d-8a0e-894e1d6864ed/element:{"using":"xpath","value":"(.//*[normalize-space(text()) and normalize-space(.)='批量处理'])[1]/following::span[1]"}
2019-01-04 09:32:31 Response:{"sessionId":"01f13ab2-558c-4e9d-8a0e-894e1d6864ed","status":0,"value":{"ELEMENT":"0.17147959159921355-4"}}
2019-01-04 09:32:31 Request:http://localhost:3456/wd/hub/session/01f13ab2-558c-4e9d-8a0e-894e1d6864ed/element/0.17147959159921355-4/click:{}
2019-01-04 09:32:32 Response:{"sessionId":"01f13ab2-558c-4e9d-8a0e-894e1d6864ed","status":0,"value":null}
attempt to search the element for 0 times
2019-01-04 09:32:34 Request:http://localhost:3456/wd/hub/session/01f13ab2-558c-4e9d-8a0e-894e1d6864ed/element:{"using":"xpath","value":"(.//*[normalize-space(text()) and normalize-space(.)='线索创建时间:'])[1]/following::input[1]"}
2019-01-04 09:32:34 Response:{"sessionId":"01f13ab2-558c-4e9d-8a0e-894e1d6864ed","status":0,"value":{"ELEMENT":"0.17147959159921355-5"}}
2019-01-04 09:32:34 Request:http://localhost:3456/wd/hub/session/01f13ab2-558c-4e9d-8a0e-894e1d6864ed/element:{"using":"xpath","value":"(.//*[normalize-space(text()) and normalize-space(.)='线索创建时间:'])[1]/following::input[1]"}
2019-01-04 09:32:34 Response:{"sessionId":"01f13ab2-558c-4e9d-8a0e-894e1d6864ed","status":0,"value":{"ELEMENT":"0.17147959159921355-5"}}
2019-01-04 09:32:34 Request:http://localhost:3456/wd/hub/session/01f13ab2-558c-4e9d-8a0e-894e1d6864ed/element/0.17147959159921355-5/click:{}
2019-01-04 09:32:34 Response:{"sessionId":"01f13ab2-558c-4e9d-8a0e-894e1d6864ed","status":0,"value":null}
attempt to search the element for 0 times
2019-01-04 09:32:35 Request:http://localhost:3456/wd/hub/session/01f13ab2-558c-4e9d-8a0e-894e1d6864ed/element:{"using":"xpath","value":"(.//*[normalize-space(text()) and normalize-space(.)='当月'])[1]/following::button[1]"}
2019-01-04 09:32:35 Response:{"sessionId":"01f13ab2-558c-4e9d-8a0e-894e1d6864ed","status":0,"value":{"ELEMENT":"0.17147959159921355-6"}}
2019-01-04 09:32:35 Request:http://localhost:3456/wd/hub/session/01f13ab2-558c-4e9d-8a0e-894e1d6864ed/element:{"using":"xpath","value":"(.//*[normalize-space(text()) and normalize-space(.)='当月'])[1]/following::button[1]"}
2019-01-04 09:32:35 Response:{"sessionId":"01f13ab2-558c-4e9d-8a0e-894e1d6864ed","status":0,"value":{"ELEMENT":"0.17147959159921355-6"}}
2019-01-04 09:32:35 Request:http://localhost:3456/wd/hub/session/01f13ab2-558c-4e9d-8a0e-894e1d6864ed/element/0.17147959159921355-6/click:{}
2019-01-04 09:32:35 Response:{"sessionId":"01f13ab2-558c-4e9d-8a0e-894e1d6864ed","status":0,"value":null}
attempt to search the element for 0 times
2019-01-04 09:32:35 Request:http://localhost:3456/wd/hub/session/01f13ab2-558c-4e9d-8a0e-894e1d6864ed/element:{"using":"xpath","value":"(.//*[normalize-space(text()) and normalize-space(.)='线索所属人:'])[1]/following::input[1]"}
2019-01-04 09:32:35 Response:{"sessionId":"01f13ab2-558c-4e9d-8a0e-894e1d6864ed","status":0,"value":{"ELEMENT":"0.17147959159921355-8"}}
2019-01-04 09:32:35 Request:http://localhost:3456/wd/hub/session/01f13ab2-558c-4e9d-8a0e-894e1d6864ed/element:{"using":"xpath","value":"(.//*[normalize-space(text()) and normalize-space(.)='线索所属人:'])[1]/following::input[1]"}
2019-01-04 09:32:35 Response:{"sessionId":"01f13ab2-558c-4e9d-8a0e-894e1d6864ed","status":0,"value":{"ELEMENT":"0.17147959159921355-8"}}
2019-01-04 09:32:35 Request:http://localhost:3456/wd/hub/session/01f13ab2-558c-4e9d-8a0e-894e1d6864ed/element/0.17147959159921355-8/click:{}
2019-01-04 09:32:35 Response:{"sessionId":"01f13ab2-558c-4e9d-8a0e-894e1d6864ed","status":0,"value":null}
attempt to search the element for 0 times
2019-01-04 09:32:35 Request:http://localhost:3456/wd/hub/session/01f13ab2-558c-4e9d-8a0e-894e1d6864ed/element:{"using":"xpath","value":"(.//*[normalize-space(text()) and normalize-space(.)='线索所属人:'])[1]/following::span[6]"}
2019-01-04 09:32:36 Response:{"sessionId":"01f13ab2-558c-4e9d-8a0e-894e1d6864ed","status":0,"value":{"ELEMENT":"0.17147959159921355-9"}}
2019-01-04 09:32:36 Request:http://localhost:3456/wd/hub/session/01f13ab2-558c-4e9d-8a0e-894e1d6864ed/element:{"using":"xpath","value":"(.//*[normalize-space(text()) and normalize-space(.)='线索所属人:'])[1]/following::span[6]"}
2019-01-04 09:32:36 Response:{"sessionId":"01f13ab2-558c-4e9d-8a0e-894e1d6864ed","status":0,"value":{"ELEMENT":"0.17147959159921355-9"}}
2019-01-04 09:32:36 Request:http://localhost:3456/wd/hub/session/01f13ab2-558c-4e9d-8a0e-894e1d6864ed/element/0.17147959159921355-9/click:{}
2019-01-04 09:32:36 Response:{"sessionId":"01f13ab2-558c-4e9d-8a0e-894e1d6864ed","status":0,"value":null}
attempt to search the element for 0 times
2019-01-04 09:32:36 Request:http://localhost:3456/wd/hub/session/01f13ab2-558c-4e9d-8a0e-894e1d6864ed/element:{"using":"xpath","value":"(.//*[normalize-space(text()) and normalize-space(.)='下次沟通时间:'])[1]/following::input[1]"}
2019-01-04 09:32:36 Response:{"sessionId":"01f13ab2-558c-4e9d-8a0e-894e1d6864ed","status":0,"value":{"ELEMENT":"0.17147959159921355-10"}}
2019-01-04 09:32:36 Request:http://localhost:3456/wd/hub/session/01f13ab2-558c-4e9d-8a0e-894e1d6864ed/element:{"using":"xpath","value":"(.//*[normalize-space(text()) and normalize-space(.)='下次沟通时间:'])[1]/following::input[1]"}
2019-01-04 09:32:36 Response:{"sessionId":"01f13ab2-558c-4e9d-8a0e-894e1d6864ed","status":0,"value":{"ELEMENT":"0.17147959159921355-10"}}
2019-01-04 09:32:36 Request:http://localhost:3456/wd/hub/session/01f13ab2-558c-4e9d-8a0e-894e1d6864ed/element/0.17147959159921355-10/click:{}
2019-01-04 09:32:36 Response:{"sessionId":"01f13ab2-558c-4e9d-8a0e-894e1d6864ed","status":0,"value":null}
2019-01-04 09:32:39 Request:http://localhost:3456/wd/hub/session/01f13ab2-558c-4e9d-8a0e-894e1d6864ed/elements:{"using":"class name","value":"el-picker-panel__shortcut"}
2019-01-04 09:32:39 Response:{"sessionId":"01f13ab2-558c-4e9d-8a0e-894e1d6864ed","status":0,"value":[{"ELEMENT":"0.17147959159921355-11"},{"ELEMENT":"0.17147959159921355-12"},{"ELEMENT":"0.17147959159921355-13"},{"ELEMENT":"0.17147959159921355-6"},{"ELEMENT":"0.17147959159921355-14"},{"ELEMENT":"0.17147959159921355-15"},{"ELEMENT":"0.17147959159921355-16"},{"ELEMENT":"0.17147959159921355-17"},{"ELEMENT":"0.17147959159921355-18"},{"ELEMENT":"0.17147959159921355-19"}]}
2019-01-04 09:32:39 Request:http://localhost:3456/wd/hub/session/01f13ab2-558c-4e9d-8a0e-894e1d6864ed/element/0.17147959159921355-17/click:{}
2019-01-04 09:32:40 Response:{"sessionId":"01f13ab2-558c-4e9d-8a0e-894e1d6864ed","status":0,"value":null}
attempt to search the element for 0 times
2019-01-04 09:32:47 Request:http://localhost:3456/wd/hub/session/01f13ab2-558c-4e9d-8a0e-894e1d6864ed/element:{"using":"xpath","value":"(.//*[normalize-space(text()) and normalize-space(.)='清除条件'])[1]/preceding::button[1]"}
2019-01-04 09:32:47 Response:{"sessionId":"01f13ab2-558c-4e9d-8a0e-894e1d6864ed","status":0,"value":{"ELEMENT":"0.17147959159921355-7"}}
2019-01-04 09:32:47 Request:http://localhost:3456/wd/hub/session/01f13ab2-558c-4e9d-8a0e-894e1d6864ed/element:{"using":"xpath","value":"(.//*[normalize-space(text()) and normalize-space(.)='清除条件'])[1]/preceding::button[1]"}
2019-01-04 09:32:47 Response:{"sessionId":"01f13ab2-558c-4e9d-8a0e-894e1d6864ed","status":0,"value":{"ELEMENT":"0.17147959159921355-7"}}
2019-01-04 09:32:47 Request:http://localhost:3456/wd/hub/session/01f13ab2-558c-4e9d-8a0e-894e1d6864ed/element/0.17147959159921355-7/click:{}
2019-01-04 09:32:47 Response:{"sessionId":"01f13ab2-558c-4e9d-8a0e-894e1d6864ed","status":0,"value":null}
2019-01-04 09:32:50 Request:http://localhost:3456/wd/hub/session/01f13ab2-558c-4e9d-8a0e-894e1d6864ed/execute:{"args":[],"script":"var x = document.getElementsByClassName('clue-id-text');var arrayObj = new Array();for(var i=0;i<x.length;i++){arrayObj.push(x[i].innerText)};console.log(arrayObj);return arrayObj;"}
2019-01-04 09:32:50 Response:{"sessionId":"01f13ab2-558c-4e9d-8a0e-894e1d6864ed","status":0,"value":[]}
----->1. 进入 getConnection <----------
[]===============================["GF20181224187113112","GF20181224605313110","GF20181224218311610","GF20181224157310693","GF20181224810709797","GF20181224306207285","GF20181224624506608","GF20181224305805737","GF20181224115603392","GF20181221186404818","GF20181220839805275","GF20181220791004989"]===============================]]></system-out>
  </testcase>
  <testcase name="cluesearch_4" classname="com.javademo.cases.testClueSearch" time="8.944">
    <failure message="An element command could not be completed because the element is not visible on the page." type="java.lang.Exception">java.lang.Exception: An element command could not be completed because the element is not visible on the page.
	at com.javademo.cases.testClueSearch.cluesearch_4(testClueSearch.java:32)
</failure>
    <system-out><![CDATA[2019-01-04 09:32:50 Request:http://localhost:3456/wd/hub/session/01f13ab2-558c-4e9d-8a0e-894e1d6864ed/url:{"url":"https://baiyi.gaodun.com/#/cluesIndex"}
2019-01-04 09:32:50 Response:{"sessionId":"01f13ab2-558c-4e9d-8a0e-894e1d6864ed","status":0,"value":null}
attempt to search the element for 0 times
2019-01-04 09:32:57 Request:http://localhost:3456/wd/hub/session/01f13ab2-558c-4e9d-8a0e-894e1d6864ed/element:{"using":"xpath","value":"(.//*[normalize-space(text()) and normalize-space(.)='批量处理'])[1]/following::span[1]"}
2019-01-04 09:32:57 Response:{"sessionId":"01f13ab2-558c-4e9d-8a0e-894e1d6864ed","status":0,"value":{"ELEMENT":"0.17147959159921355-4"}}
2019-01-04 09:32:57 Request:http://localhost:3456/wd/hub/session/01f13ab2-558c-4e9d-8a0e-894e1d6864ed/element:{"using":"xpath","value":"(.//*[normalize-space(text()) and normalize-space(.)='批量处理'])[1]/following::span[1]"}
2019-01-04 09:32:57 Response:{"sessionId":"01f13ab2-558c-4e9d-8a0e-894e1d6864ed","status":0,"value":{"ELEMENT":"0.17147959159921355-4"}}
2019-01-04 09:32:57 Request:http://localhost:3456/wd/hub/session/01f13ab2-558c-4e9d-8a0e-894e1d6864ed/element/0.17147959159921355-4/click:{}
2019-01-04 09:32:57 Response:{"sessionId":"01f13ab2-558c-4e9d-8a0e-894e1d6864ed","status":0,"value":null}
attempt to search the element for 0 times
2019-01-04 09:32:59 Request:http://localhost:3456/wd/hub/session/01f13ab2-558c-4e9d-8a0e-894e1d6864ed/element:{"using":"xpath","value":"(.//*[normalize-space(text()) and normalize-space(.)='线索创建时间:'])[1]/following::input[1]"}
2019-01-04 09:32:59 Response:{"sessionId":"01f13ab2-558c-4e9d-8a0e-894e1d6864ed","status":0,"value":{"ELEMENT":"0.17147959159921355-5"}}
2019-01-04 09:32:59 Request:http://localhost:3456/wd/hub/session/01f13ab2-558c-4e9d-8a0e-894e1d6864ed/element:{"using":"xpath","value":"(.//*[normalize-space(text()) and normalize-space(.)='线索创建时间:'])[1]/following::input[1]"}
2019-01-04 09:32:59 Response:{"sessionId":"01f13ab2-558c-4e9d-8a0e-894e1d6864ed","status":0,"value":{"ELEMENT":"0.17147959159921355-5"}}
2019-01-04 09:32:59 Request:http://localhost:3456/wd/hub/session/01f13ab2-558c-4e9d-8a0e-894e1d6864ed/element/0.17147959159921355-5/click:{}
2019-01-04 09:32:59 Response:{"sessionId":"01f13ab2-558c-4e9d-8a0e-894e1d6864ed","status":11,"value":{"message":"element not interactable\n  (Session info: chrome=71.0.3578.98)\n  (Driver info: chromedriver=2.43.600210 (68dcf5eebde37173d4027fa8635e332711d2874a),platform=Windows NT 10.0.14393 x86_64)"}}
]]></system-out>
  </testcase>
  <testcase name="cluesearch_5" classname="com.javademo.cases.testClueSearch" time="11.048">
    <failure message="An element command could not be completed because the element is not visible on the page." type="java.lang.Exception">java.lang.Exception: An element command could not be completed because the element is not visible on the page.
	at com.javademo.cases.testClueSearch.cluesearch_5(testClueSearch.java:38)
</failure>
    <system-out><![CDATA[2019-01-04 09:32:59 Request:http://localhost:3456/wd/hub/session/01f13ab2-558c-4e9d-8a0e-894e1d6864ed/url:{"url":"https://baiyi.gaodun.com/#/cluesIndex"}
2019-01-04 09:32:59 Response:{"sessionId":"01f13ab2-558c-4e9d-8a0e-894e1d6864ed","status":0,"value":null}
attempt to search the element for 0 times
2019-01-04 09:33:06 Request:http://localhost:3456/wd/hub/session/01f13ab2-558c-4e9d-8a0e-894e1d6864ed/element:{"using":"xpath","value":"(.//*[normalize-space(text()) and normalize-space(.)='批量处理'])[1]/following::span[1]"}
2019-01-04 09:33:06 Response:{"sessionId":"01f13ab2-558c-4e9d-8a0e-894e1d6864ed","status":0,"value":{"ELEMENT":"0.17147959159921355-4"}}
2019-01-04 09:33:06 Request:http://localhost:3456/wd/hub/session/01f13ab2-558c-4e9d-8a0e-894e1d6864ed/element:{"using":"xpath","value":"(.//*[normalize-space(text()) and normalize-space(.)='批量处理'])[1]/following::span[1]"}
2019-01-04 09:33:06 Response:{"sessionId":"01f13ab2-558c-4e9d-8a0e-894e1d6864ed","status":0,"value":{"ELEMENT":"0.17147959159921355-4"}}
2019-01-04 09:33:06 Request:http://localhost:3456/wd/hub/session/01f13ab2-558c-4e9d-8a0e-894e1d6864ed/element/0.17147959159921355-4/click:{}
2019-01-04 09:33:06 Response:{"sessionId":"01f13ab2-558c-4e9d-8a0e-894e1d6864ed","status":0,"value":null}
attempt to search the element for 0 times
2019-01-04 09:33:08 Request:http://localhost:3456/wd/hub/session/01f13ab2-558c-4e9d-8a0e-894e1d6864ed/element:{"using":"xpath","value":"(.//*[normalize-space(text()) and normalize-space(.)='下次沟通时间:'])[1]/following::input[1]"}
2019-01-04 09:33:08 Response:{"sessionId":"01f13ab2-558c-4e9d-8a0e-894e1d6864ed","status":0,"value":{"ELEMENT":"0.17147959159921355-10"}}
2019-01-04 09:33:08 Request:http://localhost:3456/wd/hub/session/01f13ab2-558c-4e9d-8a0e-894e1d6864ed/element:{"using":"xpath","value":"(.//*[normalize-space(text()) and normalize-space(.)='下次沟通时间:'])[1]/following::input[1]"}
2019-01-04 09:33:08 Response:{"sessionId":"01f13ab2-558c-4e9d-8a0e-894e1d6864ed","status":0,"value":{"ELEMENT":"0.17147959159921355-10"}}
2019-01-04 09:33:08 Request:http://localhost:3456/wd/hub/session/01f13ab2-558c-4e9d-8a0e-894e1d6864ed/element/0.17147959159921355-10/click:{}
2019-01-04 09:33:08 Response:{"sessionId":"01f13ab2-558c-4e9d-8a0e-894e1d6864ed","status":0,"value":null}
attempt to search the element for 0 times
2019-01-04 09:33:10 Request:http://localhost:3456/wd/hub/session/01f13ab2-558c-4e9d-8a0e-894e1d6864ed/element:{"using":"xpath","value":"(.//*[normalize-space(text()) and normalize-space(.)='昨天'])[1]/following::button[1]"}
2019-01-04 09:33:10 Response:{"sessionId":"01f13ab2-558c-4e9d-8a0e-894e1d6864ed","status":0,"value":{"ELEMENT":"0.17147959159921355-13"}}
2019-01-04 09:33:10 Request:http://localhost:3456/wd/hub/session/01f13ab2-558c-4e9d-8a0e-894e1d6864ed/element:{"using":"xpath","value":"(.//*[normalize-space(text()) and normalize-space(.)='昨天'])[1]/following::button[1]"}
2019-01-04 09:33:10 Response:{"sessionId":"01f13ab2-558c-4e9d-8a0e-894e1d6864ed","status":0,"value":{"ELEMENT":"0.17147959159921355-13"}}
2019-01-04 09:33:10 Request:http://localhost:3456/wd/hub/session/01f13ab2-558c-4e9d-8a0e-894e1d6864ed/element/0.17147959159921355-13/click:{}
2019-01-04 09:33:10 Response:{"sessionId":"01f13ab2-558c-4e9d-8a0e-894e1d6864ed","status":11,"value":{"message":"element not interactable\n  (Session info: chrome=71.0.3578.98)\n  (Driver info: chromedriver=2.43.600210 (68dcf5eebde37173d4027fa8635e332711d2874a),platform=Windows NT 10.0.14393 x86_64)"}}
]]></system-out>
  </testcase>
  <testcase name="cluesearch_6" classname="com.javademo.cases.testClueSearch" time="8.821">
    <failure message="An element command could not be completed because the element is not visible on the page." type="java.lang.Exception">java.lang.Exception: An element command could not be completed because the element is not visible on the page.
	at com.javademo.cases.testClueSearch.cluesearch_6(testClueSearch.java:44)
</failure>
    <system-out><![CDATA[2019-01-04 09:33:10 Request:http://localhost:3456/wd/hub/session/01f13ab2-558c-4e9d-8a0e-894e1d6864ed/url:{"url":"https://baiyi.gaodun.com/#/cluesIndex"}
2019-01-04 09:33:11 Response:{"sessionId":"01f13ab2-558c-4e9d-8a0e-894e1d6864ed","status":0,"value":null}
attempt to search the element for 0 times
2019-01-04 09:33:17 Request:http://localhost:3456/wd/hub/session/01f13ab2-558c-4e9d-8a0e-894e1d6864ed/element:{"using":"xpath","value":"(.//*[normalize-space(text()) and normalize-space(.)='批量处理'])[1]/following::span[1]"}
2019-01-04 09:33:17 Response:{"sessionId":"01f13ab2-558c-4e9d-8a0e-894e1d6864ed","status":0,"value":{"ELEMENT":"0.17147959159921355-4"}}
2019-01-04 09:33:17 Request:http://localhost:3456/wd/hub/session/01f13ab2-558c-4e9d-8a0e-894e1d6864ed/element:{"using":"xpath","value":"(.//*[normalize-space(text()) and normalize-space(.)='批量处理'])[1]/following::span[1]"}
2019-01-04 09:33:17 Response:{"sessionId":"01f13ab2-558c-4e9d-8a0e-894e1d6864ed","status":0,"value":{"ELEMENT":"0.17147959159921355-4"}}
2019-01-04 09:33:17 Request:http://localhost:3456/wd/hub/session/01f13ab2-558c-4e9d-8a0e-894e1d6864ed/element/0.17147959159921355-4/click:{}
2019-01-04 09:33:17 Response:{"sessionId":"01f13ab2-558c-4e9d-8a0e-894e1d6864ed","status":0,"value":null}
attempt to search the element for 0 times
2019-01-04 09:33:19 Request:http://localhost:3456/wd/hub/session/01f13ab2-558c-4e9d-8a0e-894e1d6864ed/element:{"using":"xpath","value":"(.//*[normalize-space(text()) and normalize-space(.)='下次沟通时间:'])[1]/following::input[1]"}
2019-01-04 09:33:19 Response:{"sessionId":"01f13ab2-558c-4e9d-8a0e-894e1d6864ed","status":0,"value":{"ELEMENT":"0.17147959159921355-10"}}
2019-01-04 09:33:19 Request:http://localhost:3456/wd/hub/session/01f13ab2-558c-4e9d-8a0e-894e1d6864ed/element:{"using":"xpath","value":"(.//*[normalize-space(text()) and normalize-space(.)='下次沟通时间:'])[1]/following::input[1]"}
2019-01-04 09:33:19 Response:{"sessionId":"01f13ab2-558c-4e9d-8a0e-894e1d6864ed","status":0,"value":{"ELEMENT":"0.17147959159921355-10"}}
2019-01-04 09:33:19 Request:http://localhost:3456/wd/hub/session/01f13ab2-558c-4e9d-8a0e-894e1d6864ed/element/0.17147959159921355-10/click:{}
2019-01-04 09:33:19 Response:{"sessionId":"01f13ab2-558c-4e9d-8a0e-894e1d6864ed","status":11,"value":{"message":"element not interactable\n  (Session info: chrome=71.0.3578.98)\n  (Driver info: chromedriver=2.43.600210 (68dcf5eebde37173d4027fa8635e332711d2874a),platform=Windows NT 10.0.14393 x86_64)"}}
]]></system-out>
  </testcase>
  <testcase name="cluesearch_7" classname="com.javademo.cases.testClueSearch" time="13.686">
    <failure message="An element command could not be completed because the element is not visible on the page." type="java.lang.Exception">java.lang.Exception: An element command could not be completed because the element is not visible on the page.
	at com.javademo.cases.testClueSearch.cluesearch_7(testClueSearch.java:50)
</failure>
    <system-out><![CDATA[2019-01-04 09:33:19 Request:http://localhost:3456/wd/hub/session/01f13ab2-558c-4e9d-8a0e-894e1d6864ed/url:{"url":"https://baiyi.gaodun.com/#/cluesIndex"}
2019-01-04 09:33:19 Response:{"sessionId":"01f13ab2-558c-4e9d-8a0e-894e1d6864ed","status":0,"value":null}
attempt to search the element for 0 times
2019-01-04 09:33:25 Request:http://localhost:3456/wd/hub/session/01f13ab2-558c-4e9d-8a0e-894e1d6864ed/element:{"using":"xpath","value":"(.//*[normalize-space(text()) and normalize-space(.)='批量处理'])[1]/following::span[1]"}
2019-01-04 09:33:26 Response:{"sessionId":"01f13ab2-558c-4e9d-8a0e-894e1d6864ed","status":0,"value":{"ELEMENT":"0.17147959159921355-4"}}
2019-01-04 09:33:26 Request:http://localhost:3456/wd/hub/session/01f13ab2-558c-4e9d-8a0e-894e1d6864ed/element:{"using":"xpath","value":"(.//*[normalize-space(text()) and normalize-space(.)='批量处理'])[1]/following::span[1]"}
2019-01-04 09:33:26 Response:{"sessionId":"01f13ab2-558c-4e9d-8a0e-894e1d6864ed","status":0,"value":{"ELEMENT":"0.17147959159921355-4"}}
2019-01-04 09:33:26 Request:http://localhost:3456/wd/hub/session/01f13ab2-558c-4e9d-8a0e-894e1d6864ed/element/0.17147959159921355-4/click:{}
2019-01-04 09:33:26 Response:{"sessionId":"01f13ab2-558c-4e9d-8a0e-894e1d6864ed","status":0,"value":null}
2019-01-04 09:33:29 Request:http://localhost:3456/wd/hub/session/01f13ab2-558c-4e9d-8a0e-894e1d6864ed/element:{"using":"xpath","value":"(.//*[normalize-space(text()) and normalize-space(.)='重复咨询人:'])[1]/following::input[1]"}
2019-01-04 09:33:29 Response:{"sessionId":"01f13ab2-558c-4e9d-8a0e-894e1d6864ed","status":0,"value":{"ELEMENT":"0.17147959159921355-20"}}
2019-01-04 09:33:29 Request:http://localhost:3456/wd/hub/session/01f13ab2-558c-4e9d-8a0e-894e1d6864ed/element/0.17147959159921355-20/click:{}
2019-01-04 09:33:29 Response:{"sessionId":"01f13ab2-558c-4e9d-8a0e-894e1d6864ed","status":0,"value":null}
attempt to search the element for 0 times
2019-01-04 09:33:29 Request:http://localhost:3456/wd/hub/session/01f13ab2-558c-4e9d-8a0e-894e1d6864ed/element:{"using":"xpath","value":"(.//*[normalize-space(text()) and normalize-space(.)='重复咨询人:'])[1]/following::span[6]"}
2019-01-04 09:33:29 Response:{"sessionId":"01f13ab2-558c-4e9d-8a0e-894e1d6864ed","status":0,"value":{"ELEMENT":"0.17147959159921355-21"}}
2019-01-04 09:33:29 Request:http://localhost:3456/wd/hub/session/01f13ab2-558c-4e9d-8a0e-894e1d6864ed/element:{"using":"xpath","value":"(.//*[normalize-space(text()) and normalize-space(.)='重复咨询人:'])[1]/following::span[6]"}
2019-01-04 09:33:29 Response:{"sessionId":"01f13ab2-558c-4e9d-8a0e-894e1d6864ed","status":0,"value":{"ELEMENT":"0.17147959159921355-21"}}
2019-01-04 09:33:29 Request:http://localhost:3456/wd/hub/session/01f13ab2-558c-4e9d-8a0e-894e1d6864ed/element/0.17147959159921355-21/click:{}
2019-01-04 09:33:29 Response:{"sessionId":"01f13ab2-558c-4e9d-8a0e-894e1d6864ed","status":0,"value":null}
attempt to search the element for 0 times
2019-01-04 09:33:30 Request:http://localhost:3456/wd/hub/session/01f13ab2-558c-4e9d-8a0e-894e1d6864ed/element:{"using":"xpath","value":"(.//*[normalize-space(text()) and normalize-space(.)='重复咨询时间:'])[1]/following::input[1]"}
2019-01-04 09:33:30 Response:{"sessionId":"01f13ab2-558c-4e9d-8a0e-894e1d6864ed","status":0,"value":{"ELEMENT":"0.17147959159921355-22"}}
2019-01-04 09:33:30 Request:http://localhost:3456/wd/hub/session/01f13ab2-558c-4e9d-8a0e-894e1d6864ed/element:{"using":"xpath","value":"(.//*[normalize-space(text()) and normalize-space(.)='重复咨询时间:'])[1]/following::input[1]"}
2019-01-04 09:33:31 Response:{"sessionId":"01f13ab2-558c-4e9d-8a0e-894e1d6864ed","status":0,"value":{"ELEMENT":"0.17147959159921355-22"}}
2019-01-04 09:33:31 Request:http://localhost:3456/wd/hub/session/01f13ab2-558c-4e9d-8a0e-894e1d6864ed/element/0.17147959159921355-22/click:{}
2019-01-04 09:33:31 Response:{"sessionId":"01f13ab2-558c-4e9d-8a0e-894e1d6864ed","status":0,"value":null}
2019-01-04 09:33:33 Request:http://localhost:3456/wd/hub/session/01f13ab2-558c-4e9d-8a0e-894e1d6864ed/elements:{"using":"class name","value":"el-picker-panel__shortcut"}
2019-01-04 09:33:33 Response:{"sessionId":"01f13ab2-558c-4e9d-8a0e-894e1d6864ed","status":0,"value":[{"ELEMENT":"0.17147959159921355-11"},{"ELEMENT":"0.17147959159921355-12"},{"ELEMENT":"0.17147959159921355-13"},{"ELEMENT":"0.17147959159921355-6"},{"ELEMENT":"0.17147959159921355-14"},{"ELEMENT":"0.17147959159921355-15"},{"ELEMENT":"0.17147959159921355-16"},{"ELEMENT":"0.17147959159921355-17"},{"ELEMENT":"0.17147959159921355-18"},{"ELEMENT":"0.17147959159921355-19"},{"ELEMENT":"0.17147959159921355-23"},{"ELEMENT":"0.17147959159921355-24"},{"ELEMENT":"0.17147959159921355-25"},{"ELEMENT":"0.17147959159921355-26"},{"ELEMENT":"0.17147959159921355-27"}]}
2019-01-04 09:33:33 Request:http://localhost:3456/wd/hub/session/01f13ab2-558c-4e9d-8a0e-894e1d6864ed/element/0.17147959159921355-12/click:{}
2019-01-04 09:33:33 Response:{"sessionId":"01f13ab2-558c-4e9d-8a0e-894e1d6864ed","status":11,"value":{"message":"element not interactable\n  (Session info: chrome=71.0.3578.98)\n  (Driver info: chromedriver=2.43.600210 (68dcf5eebde37173d4027fa8635e332711d2874a),platform=Windows NT 10.0.14393 x86_64)"}}
]]></system-out>
  </testcase>
  <testcase name="cluesearch_8" classname="com.javademo.cases.testClueSearch" time="6.632">
    <failure message="An element command could not be completed because the element is not visible on the page." type="java.lang.Exception">java.lang.Exception: An element command could not be completed because the element is not visible on the page.
	at com.javademo.cases.testClueSearch.cluesearch_8(testClueSearch.java:56)
</failure>
    <system-out><![CDATA[2019-01-04 09:33:33 Request:http://localhost:3456/wd/hub/session/01f13ab2-558c-4e9d-8a0e-894e1d6864ed/url:{"url":"https://baiyi.gaodun.com/#/cluesIndex"}
2019-01-04 09:33:33 Response:{"sessionId":"01f13ab2-558c-4e9d-8a0e-894e1d6864ed","status":0,"value":null}
attempt to search the element for 0 times
2019-01-04 09:33:39 Request:http://localhost:3456/wd/hub/session/01f13ab2-558c-4e9d-8a0e-894e1d6864ed/element:{"using":"xpath","value":"(.//*[normalize-space(text()) and normalize-space(.)='批量处理'])[1]/following::span[1]"}
2019-01-04 09:33:39 Response:{"sessionId":"01f13ab2-558c-4e9d-8a0e-894e1d6864ed","status":0,"value":{"ELEMENT":"0.17147959159921355-4"}}
2019-01-04 09:33:39 Request:http://localhost:3456/wd/hub/session/01f13ab2-558c-4e9d-8a0e-894e1d6864ed/element:{"using":"xpath","value":"(.//*[normalize-space(text()) and normalize-space(.)='批量处理'])[1]/following::span[1]"}
2019-01-04 09:33:39 Response:{"sessionId":"01f13ab2-558c-4e9d-8a0e-894e1d6864ed","status":0,"value":{"ELEMENT":"0.17147959159921355-4"}}
2019-01-04 09:33:39 Request:http://localhost:3456/wd/hub/session/01f13ab2-558c-4e9d-8a0e-894e1d6864ed/element/0.17147959159921355-4/click:{}
2019-01-04 09:33:39 Response:{"sessionId":"01f13ab2-558c-4e9d-8a0e-894e1d6864ed","status":0,"value":null}
attempt to search the element for 0 times
2019-01-04 09:33:39 Request:http://localhost:3456/wd/hub/session/01f13ab2-558c-4e9d-8a0e-894e1d6864ed/element:{"using":"xpath","value":"(.//*[normalize-space(text()) and normalize-space(.)='重复咨询时间:'])[1]/following::input[1]"}
2019-01-04 09:33:40 Response:{"sessionId":"01f13ab2-558c-4e9d-8a0e-894e1d6864ed","status":0,"value":{"ELEMENT":"0.17147959159921355-22"}}
2019-01-04 09:33:40 Request:http://localhost:3456/wd/hub/session/01f13ab2-558c-4e9d-8a0e-894e1d6864ed/element:{"using":"xpath","value":"(.//*[normalize-space(text()) and normalize-space(.)='重复咨询时间:'])[1]/following::input[1]"}
2019-01-04 09:33:40 Response:{"sessionId":"01f13ab2-558c-4e9d-8a0e-894e1d6864ed","status":0,"value":{"ELEMENT":"0.17147959159921355-22"}}
2019-01-04 09:33:40 Request:http://localhost:3456/wd/hub/session/01f13ab2-558c-4e9d-8a0e-894e1d6864ed/element/0.17147959159921355-22/click:{}
2019-01-04 09:33:40 Response:{"sessionId":"01f13ab2-558c-4e9d-8a0e-894e1d6864ed","status":11,"value":{"message":"element not interactable\n  (Session info: chrome=71.0.3578.98)\n  (Driver info: chromedriver=2.43.600210 (68dcf5eebde37173d4027fa8635e332711d2874a),platform=Windows NT 10.0.14393 x86_64)"}}
]]></system-out>
  </testcase>
  <testcase name="cluesearch_9" classname="com.javademo.cases.testClueSearch" time="23.923"/>
  <testcase name="cluesearch_10" classname="com.javademo.cases.testClueSearch" time="12.976">
    <failure message="An element command could not be completed because the element is not visible on the page." type="java.lang.Exception">java.lang.Exception: An element command could not be completed because the element is not visible on the page.
	at com.javademo.cases.testClueSearch.cluesearch_10(testClueSearch.java:69)
</failure>
    <system-out><![CDATA[2019-01-04 09:34:04 Request:http://localhost:3456/wd/hub/session/01f13ab2-558c-4e9d-8a0e-894e1d6864ed/url:{"url":"https://baiyi.gaodun.com/#/cluesIndex"}
2019-01-04 09:34:04 Response:{"sessionId":"01f13ab2-558c-4e9d-8a0e-894e1d6864ed","status":0,"value":null}
attempt to search the element for 0 times
2019-01-04 09:34:10 Request:http://localhost:3456/wd/hub/session/01f13ab2-558c-4e9d-8a0e-894e1d6864ed/element:{"using":"xpath","value":"(.//*[normalize-space(text()) and normalize-space(.)='批量处理'])[1]/following::span[1]"}
2019-01-04 09:34:10 Response:{"sessionId":"01f13ab2-558c-4e9d-8a0e-894e1d6864ed","status":0,"value":{"ELEMENT":"0.17147959159921355-4"}}
2019-01-04 09:34:10 Request:http://localhost:3456/wd/hub/session/01f13ab2-558c-4e9d-8a0e-894e1d6864ed/element:{"using":"xpath","value":"(.//*[normalize-space(text()) and normalize-space(.)='批量处理'])[1]/following::span[1]"}
2019-01-04 09:34:10 Response:{"sessionId":"01f13ab2-558c-4e9d-8a0e-894e1d6864ed","status":0,"value":{"ELEMENT":"0.17147959159921355-4"}}
2019-01-04 09:34:10 Request:http://localhost:3456/wd/hub/session/01f13ab2-558c-4e9d-8a0e-894e1d6864ed/element/0.17147959159921355-4/click:{}
2019-01-04 09:34:10 Response:{"sessionId":"01f13ab2-558c-4e9d-8a0e-894e1d6864ed","status":0,"value":null}
attempt to search the element for 0 times
2019-01-04 09:34:16 Request:http://localhost:3456/wd/hub/session/01f13ab2-558c-4e9d-8a0e-894e1d6864ed/element:{"using":"xpath","value":"(.//*[normalize-space(text()) and normalize-space(.)='感兴趣的项目:'])[1]/following::input[2]"}
2019-01-04 09:34:16 Response:{"sessionId":"01f13ab2-558c-4e9d-8a0e-894e1d6864ed","status":0,"value":{"ELEMENT":"0.17147959159921355-32"}}
2019-01-04 09:34:16 Request:http://localhost:3456/wd/hub/session/01f13ab2-558c-4e9d-8a0e-894e1d6864ed/element:{"using":"xpath","value":"(.//*[normalize-space(text()) and normalize-space(.)='感兴趣的项目:'])[1]/following::input[2]"}
2019-01-04 09:34:16 Response:{"sessionId":"01f13ab2-558c-4e9d-8a0e-894e1d6864ed","status":0,"value":{"ELEMENT":"0.17147959159921355-32"}}
2019-01-04 09:34:16 Request:http://localhost:3456/wd/hub/session/01f13ab2-558c-4e9d-8a0e-894e1d6864ed/element/0.17147959159921355-32/value:{"value":["毕马威"]}
2019-01-04 09:34:17 Response:{"sessionId":"01f13ab2-558c-4e9d-8a0e-894e1d6864ed","status":11,"value":{"message":"element not interactable\n  (Session info: chrome=71.0.3578.98)\n  (Driver info: chromedriver=2.43.600210 (68dcf5eebde37173d4027fa8635e332711d2874a),platform=Windows NT 10.0.14393 x86_64)"}}
]]></system-out>
  </testcase>
  <testcase name="cluesearch_11" classname="com.javademo.cases.testClueSearch" time="18.833">
    <failure message="expected [true] but found [false]" type="java.lang.AssertionError">java.lang.AssertionError: expected [true] but found [false]
	at com.javademo.cases.testClueSearch.cluesearch_11(testClueSearch.java:77)
</failure>
    <system-out><![CDATA[2019-01-04 09:34:17 Request:http://localhost:3456/wd/hub/session/01f13ab2-558c-4e9d-8a0e-894e1d6864ed/url:{"url":"https://baiyi.gaodun.com/#/cluesIndex"}
2019-01-04 09:34:17 Response:{"sessionId":"01f13ab2-558c-4e9d-8a0e-894e1d6864ed","status":0,"value":null}
attempt to search the element for 0 times
2019-01-04 09:34:23 Request:http://localhost:3456/wd/hub/session/01f13ab2-558c-4e9d-8a0e-894e1d6864ed/element:{"using":"xpath","value":"(.//*[normalize-space(text()) and normalize-space(.)='批量处理'])[1]/following::span[1]"}
2019-01-04 09:34:23 Response:{"sessionId":"01f13ab2-558c-4e9d-8a0e-894e1d6864ed","status":0,"value":{"ELEMENT":"0.17147959159921355-4"}}
2019-01-04 09:34:23 Request:http://localhost:3456/wd/hub/session/01f13ab2-558c-4e9d-8a0e-894e1d6864ed/element:{"using":"xpath","value":"(.//*[normalize-space(text()) and normalize-space(.)='批量处理'])[1]/following::span[1]"}
2019-01-04 09:34:23 Response:{"sessionId":"01f13ab2-558c-4e9d-8a0e-894e1d6864ed","status":0,"value":{"ELEMENT":"0.17147959159921355-4"}}
2019-01-04 09:34:23 Request:http://localhost:3456/wd/hub/session/01f13ab2-558c-4e9d-8a0e-894e1d6864ed/element/0.17147959159921355-4/click:{}
2019-01-04 09:34:23 Response:{"sessionId":"01f13ab2-558c-4e9d-8a0e-894e1d6864ed","status":0,"value":null}
attempt to search the element for 0 times
2019-01-04 09:34:29 Request:http://localhost:3456/wd/hub/session/01f13ab2-558c-4e9d-8a0e-894e1d6864ed/element:{"using":"xpath","value":"(.//*[normalize-space(text()) and normalize-space(.)='否'])[5]/following::i[1]"}
2019-01-04 09:34:29 Response:{"sessionId":"01f13ab2-558c-4e9d-8a0e-894e1d6864ed","status":0,"value":{"ELEMENT":"0.17147959159921355-34"}}
2019-01-04 09:34:29 Request:http://localhost:3456/wd/hub/session/01f13ab2-558c-4e9d-8a0e-894e1d6864ed/element:{"using":"xpath","value":"(.//*[normalize-space(text()) and normalize-space(.)='否'])[5]/following::i[1]"}
2019-01-04 09:34:29 Response:{"sessionId":"01f13ab2-558c-4e9d-8a0e-894e1d6864ed","status":0,"value":{"ELEMENT":"0.17147959159921355-34"}}
2019-01-04 09:34:29 Request:http://localhost:3456/wd/hub/session/01f13ab2-558c-4e9d-8a0e-894e1d6864ed/element/0.17147959159921355-34/click:{}
2019-01-04 09:34:30 Response:{"sessionId":"01f13ab2-558c-4e9d-8a0e-894e1d6864ed","status":0,"value":null}
attempt to search the element for 0 times
2019-01-04 09:34:30 Request:http://localhost:3456/wd/hub/session/01f13ab2-558c-4e9d-8a0e-894e1d6864ed/element:{"using":"xpath","value":"(.//*[normalize-space(text()) and normalize-space(.)='首次客户来源:'])[1]/following::input[1]"}
2019-01-04 09:34:30 Response:{"sessionId":"01f13ab2-558c-4e9d-8a0e-894e1d6864ed","status":0,"value":{"ELEMENT":"0.17147959159921355-35"}}
2019-01-04 09:34:30 Request:http://localhost:3456/wd/hub/session/01f13ab2-558c-4e9d-8a0e-894e1d6864ed/element:{"using":"xpath","value":"(.//*[normalize-space(text()) and normalize-space(.)='首次客户来源:'])[1]/following::input[1]"}
2019-01-04 09:34:30 Response:{"sessionId":"01f13ab2-558c-4e9d-8a0e-894e1d6864ed","status":0,"value":{"ELEMENT":"0.17147959159921355-35"}}
2019-01-04 09:34:30 Request:http://localhost:3456/wd/hub/session/01f13ab2-558c-4e9d-8a0e-894e1d6864ed/element/0.17147959159921355-35/click:{}
2019-01-04 09:34:30 Response:{"sessionId":"01f13ab2-558c-4e9d-8a0e-894e1d6864ed","status":0,"value":null}
attempt to search the element for 0 times
2019-01-04 09:34:30 Request:http://localhost:3456/wd/hub/session/01f13ab2-558c-4e9d-8a0e-894e1d6864ed/element:{"using":"xpath","value":"(.//*[normalize-space(text()) and normalize-space(.)='首次客户来源:'])[1]/following::span[2]"}
2019-01-04 09:34:30 Response:{"sessionId":"01f13ab2-558c-4e9d-8a0e-894e1d6864ed","status":0,"value":{"ELEMENT":"0.17147959159921355-36"}}
2019-01-04 09:34:30 Request:http://localhost:3456/wd/hub/session/01f13ab2-558c-4e9d-8a0e-894e1d6864ed/element:{"using":"xpath","value":"(.//*[normalize-space(text()) and normalize-space(.)='首次客户来源:'])[1]/following::span[2]"}
2019-01-04 09:34:30 Response:{"sessionId":"01f13ab2-558c-4e9d-8a0e-894e1d6864ed","status":0,"value":{"ELEMENT":"0.17147959159921355-36"}}
2019-01-04 09:34:30 Request:http://localhost:3456/wd/hub/session/01f13ab2-558c-4e9d-8a0e-894e1d6864ed/element/0.17147959159921355-36/click:{}
2019-01-04 09:34:30 Response:{"sessionId":"01f13ab2-558c-4e9d-8a0e-894e1d6864ed","status":0,"value":null}
attempt to search the element for 0 times
2019-01-04 09:34:30 Request:http://localhost:3456/wd/hub/session/01f13ab2-558c-4e9d-8a0e-894e1d6864ed/element:{"using":"xpath","value":"(.//*[normalize-space(text()) and normalize-space(.)='面访'])[2]/following::span[2]"}
2019-01-04 09:34:30 Response:{"sessionId":"01f13ab2-558c-4e9d-8a0e-894e1d6864ed","status":0,"value":{"ELEMENT":"0.17147959159921355-37"}}
2019-01-04 09:34:30 Request:http://localhost:3456/wd/hub/session/01f13ab2-558c-4e9d-8a0e-894e1d6864ed/element:{"using":"xpath","value":"(.//*[normalize-space(text()) and normalize-space(.)='面访'])[2]/following::span[2]"}
2019-01-04 09:34:30 Response:{"sessionId":"01f13ab2-558c-4e9d-8a0e-894e1d6864ed","status":0,"value":{"ELEMENT":"0.17147959159921355-37"}}
2019-01-04 09:34:30 Request:http://localhost:3456/wd/hub/session/01f13ab2-558c-4e9d-8a0e-894e1d6864ed/element/0.17147959159921355-37/click:{}
2019-01-04 09:34:31 Response:{"sessionId":"01f13ab2-558c-4e9d-8a0e-894e1d6864ed","status":0,"value":null}
attempt to search the element for 0 times
2019-01-04 09:34:31 Request:http://localhost:3456/wd/hub/session/01f13ab2-558c-4e9d-8a0e-894e1d6864ed/element:{"using":"xpath","value":"(.//*[normalize-space(text()) and normalize-space(.)='来电'])[2]/following::span[2]"}
2019-01-04 09:34:31 Response:{"sessionId":"01f13ab2-558c-4e9d-8a0e-894e1d6864ed","status":0,"value":{"ELEMENT":"0.17147959159921355-38"}}
2019-01-04 09:34:31 Request:http://localhost:3456/wd/hub/session/01f13ab2-558c-4e9d-8a0e-894e1d6864ed/element:{"using":"xpath","value":"(.//*[normalize-space(text()) and normalize-space(.)='来电'])[2]/following::span[2]"}
2019-01-04 09:34:31 Response:{"sessionId":"01f13ab2-558c-4e9d-8a0e-894e1d6864ed","status":0,"value":{"ELEMENT":"0.17147959159921355-38"}}
2019-01-04 09:34:31 Request:http://localhost:3456/wd/hub/session/01f13ab2-558c-4e9d-8a0e-894e1d6864ed/element/0.17147959159921355-38/click:{}
2019-01-04 09:34:31 Response:{"sessionId":"01f13ab2-558c-4e9d-8a0e-894e1d6864ed","status":0,"value":null}
attempt to search the element for 0 times
2019-01-04 09:34:31 Request:http://localhost:3456/wd/hub/session/01f13ab2-558c-4e9d-8a0e-894e1d6864ed/element:{"using":"xpath","value":"(.//*[normalize-space(text()) and normalize-space(.)='末次客户来源:'])[1]/following::input[1]"}
2019-01-04 09:34:31 Response:{"sessionId":"01f13ab2-558c-4e9d-8a0e-894e1d6864ed","status":0,"value":{"ELEMENT":"0.17147959159921355-39"}}
2019-01-04 09:34:31 Request:http://localhost:3456/wd/hub/session/01f13ab2-558c-4e9d-8a0e-894e1d6864ed/element:{"using":"xpath","value":"(.//*[normalize-space(text()) and normalize-space(.)='末次客户来源:'])[1]/following::input[1]"}
2019-01-04 09:34:31 Response:{"sessionId":"01f13ab2-558c-4e9d-8a0e-894e1d6864ed","status":0,"value":{"ELEMENT":"0.17147959159921355-39"}}
2019-01-04 09:34:31 Request:http://localhost:3456/wd/hub/session/01f13ab2-558c-4e9d-8a0e-894e1d6864ed/element/0.17147959159921355-39/click:{}
2019-01-04 09:34:31 Response:{"sessionId":"01f13ab2-558c-4e9d-8a0e-894e1d6864ed","status":0,"value":null}
attempt to search the element for 0 times
2019-01-04 09:34:31 Request:http://localhost:3456/wd/hub/session/01f13ab2-558c-4e9d-8a0e-894e1d6864ed/element:{"using":"xpath","value":"(.//*[normalize-space(text()) and normalize-space(.)='末次客户来源:'])[1]/following::span[2]"}
2019-01-04 09:34:31 Response:{"sessionId":"01f13ab2-558c-4e9d-8a0e-894e1d6864ed","status":0,"value":{"ELEMENT":"0.17147959159921355-40"}}
2019-01-04 09:34:31 Request:http://localhost:3456/wd/hub/session/01f13ab2-558c-4e9d-8a0e-894e1d6864ed/element:{"using":"xpath","value":"(.//*[normalize-space(text()) and normalize-space(.)='末次客户来源:'])[1]/following::span[2]"}
2019-01-04 09:34:31 Response:{"sessionId":"01f13ab2-558c-4e9d-8a0e-894e1d6864ed","status":0,"value":{"ELEMENT":"0.17147959159921355-40"}}
2019-01-04 09:34:31 Request:http://localhost:3456/wd/hub/session/01f13ab2-558c-4e9d-8a0e-894e1d6864ed/element/0.17147959159921355-40/click:{}
2019-01-04 09:34:32 Response:{"sessionId":"01f13ab2-558c-4e9d-8a0e-894e1d6864ed","status":0,"value":null}
attempt to search the element for 0 times
2019-01-04 09:34:32 Request:http://localhost:3456/wd/hub/session/01f13ab2-558c-4e9d-8a0e-894e1d6864ed/element:{"using":"xpath","value":"(.//*[normalize-space(text()) and normalize-space(.)='面访'])[3]/following::span[2]"}
2019-01-04 09:34:32 Response:{"sessionId":"01f13ab2-558c-4e9d-8a0e-894e1d6864ed","status":0,"value":{"ELEMENT":"0.17147959159921355-41"}}
2019-01-04 09:34:32 Request:http://localhost:3456/wd/hub/session/01f13ab2-558c-4e9d-8a0e-894e1d6864ed/element:{"using":"xpath","value":"(.//*[normalize-space(text()) and normalize-space(.)='面访'])[3]/following::span[2]"}
2019-01-04 09:34:32 Response:{"sessionId":"01f13ab2-558c-4e9d-8a0e-894e1d6864ed","status":0,"value":{"ELEMENT":"0.17147959159921355-41"}}
2019-01-04 09:34:32 Request:http://localhost:3456/wd/hub/session/01f13ab2-558c-4e9d-8a0e-894e1d6864ed/element/0.17147959159921355-41/click:{}
2019-01-04 09:34:32 Response:{"sessionId":"01f13ab2-558c-4e9d-8a0e-894e1d6864ed","status":0,"value":null}
attempt to search the element for 0 times
2019-01-04 09:34:32 Request:http://localhost:3456/wd/hub/session/01f13ab2-558c-4e9d-8a0e-894e1d6864ed/element:{"using":"xpath","value":"(.//*[normalize-space(text()) and normalize-space(.)='清除条件'])[1]/preceding::button[1]"}
2019-01-04 09:34:32 Response:{"sessionId":"01f13ab2-558c-4e9d-8a0e-894e1d6864ed","status":0,"value":{"ELEMENT":"0.17147959159921355-7"}}
2019-01-04 09:34:32 Request:http://localhost:3456/wd/hub/session/01f13ab2-558c-4e9d-8a0e-894e1d6864ed/element:{"using":"xpath","value":"(.//*[normalize-space(text()) and normalize-space(.)='清除条件'])[1]/preceding::button[1]"}
2019-01-04 09:34:32 Response:{"sessionId":"01f13ab2-558c-4e9d-8a0e-894e1d6864ed","status":0,"value":{"ELEMENT":"0.17147959159921355-7"}}
2019-01-04 09:34:32 Request:http://localhost:3456/wd/hub/session/01f13ab2-558c-4e9d-8a0e-894e1d6864ed/element/0.17147959159921355-7/click:{}
2019-01-04 09:34:32 Response:{"sessionId":"01f13ab2-558c-4e9d-8a0e-894e1d6864ed","status":0,"value":null}
2019-01-04 09:34:35 Request:http://localhost:3456/wd/hub/session/01f13ab2-558c-4e9d-8a0e-894e1d6864ed/execute:{"args":[],"script":"var x = document.getElementsByClassName('clue-id-text');var arrayObj = new Array();for(var i=0;i<x.length;i++){arrayObj.push(x[i].innerText)};console.log(arrayObj);return arrayObj;"}
2019-01-04 09:34:35 Response:{"sessionId":"01f13ab2-558c-4e9d-8a0e-894e1d6864ed","status":0,"value":[]}
----->1. 进入 getConnection <----------
[]===============================["GF20181224822211752","GF20181224782011049","GF20181224425009948","GF20181224476607395","GF20181224105406969","GF20181224362406580","GF20181224685206426","GF20181224330603628","GF20181221450308948","GF20181221912108839"]===============================]]></system-out>
  </testcase>
  <testcase name="cluesearch_12" classname="com.javademo.cases.testClueSearch" time="12.91">
    <failure message="An element command could not be completed because the element is not visible on the page." type="java.lang.Exception">java.lang.Exception: An element command could not be completed because the element is not visible on the page.
	at com.javademo.cases.testClueSearch.cluesearch_12(testClueSearch.java:83)
</failure>
    <system-out><![CDATA[2019-01-04 09:34:35 Request:http://localhost:3456/wd/hub/session/01f13ab2-558c-4e9d-8a0e-894e1d6864ed/url:{"url":"https://baiyi.gaodun.com/#/cluesIndex"}
2019-01-04 09:34:35 Response:{"sessionId":"01f13ab2-558c-4e9d-8a0e-894e1d6864ed","status":0,"value":null}
attempt to search the element for 0 times
2019-01-04 09:34:42 Request:http://localhost:3456/wd/hub/session/01f13ab2-558c-4e9d-8a0e-894e1d6864ed/element:{"using":"xpath","value":"(.//*[normalize-space(text()) and normalize-space(.)='批量处理'])[1]/following::span[1]"}
2019-01-04 09:34:42 Response:{"sessionId":"01f13ab2-558c-4e9d-8a0e-894e1d6864ed","status":0,"value":{"ELEMENT":"0.17147959159921355-4"}}
2019-01-04 09:34:42 Request:http://localhost:3456/wd/hub/session/01f13ab2-558c-4e9d-8a0e-894e1d6864ed/element:{"using":"xpath","value":"(.//*[normalize-space(text()) and normalize-space(.)='批量处理'])[1]/following::span[1]"}
2019-01-04 09:34:42 Response:{"sessionId":"01f13ab2-558c-4e9d-8a0e-894e1d6864ed","status":0,"value":{"ELEMENT":"0.17147959159921355-4"}}
2019-01-04 09:34:42 Request:http://localhost:3456/wd/hub/session/01f13ab2-558c-4e9d-8a0e-894e1d6864ed/element/0.17147959159921355-4/click:{}
2019-01-04 09:34:42 Response:{"sessionId":"01f13ab2-558c-4e9d-8a0e-894e1d6864ed","status":0,"value":null}
attempt to search the element for 0 times
2019-01-04 09:34:48 Request:http://localhost:3456/wd/hub/session/01f13ab2-558c-4e9d-8a0e-894e1d6864ed/element:{"using":"xpath","value":"(.//*[normalize-space(text()) and normalize-space(.)='否'])[5]/following::i[1]"}
2019-01-04 09:34:48 Response:{"sessionId":"01f13ab2-558c-4e9d-8a0e-894e1d6864ed","status":0,"value":{"ELEMENT":"0.17147959159921355-34"}}
2019-01-04 09:34:48 Request:http://localhost:3456/wd/hub/session/01f13ab2-558c-4e9d-8a0e-894e1d6864ed/element:{"using":"xpath","value":"(.//*[normalize-space(text()) and normalize-space(.)='否'])[5]/following::i[1]"}
2019-01-04 09:34:48 Response:{"sessionId":"01f13ab2-558c-4e9d-8a0e-894e1d6864ed","status":0,"value":{"ELEMENT":"0.17147959159921355-34"}}
2019-01-04 09:34:48 Request:http://localhost:3456/wd/hub/session/01f13ab2-558c-4e9d-8a0e-894e1d6864ed/element/0.17147959159921355-34/click:{}
2019-01-04 09:34:48 Response:{"sessionId":"01f13ab2-558c-4e9d-8a0e-894e1d6864ed","status":11,"value":{"message":"element not interactable\n  (Session info: chrome=71.0.3578.98)\n  (Driver info: chromedriver=2.43.600210 (68dcf5eebde37173d4027fa8635e332711d2874a),platform=Windows NT 10.0.14393 x86_64)"}}
]]></system-out>
  </testcase>
  <testcase name="cluesearch_13" classname="com.javademo.cases.testClueSearch" time="14.972">
    <failure message="An element command could not be completed because the element is not visible on the page." type="java.lang.Exception">java.lang.Exception: An element command could not be completed because the element is not visible on the page.
	at com.javademo.cases.testClueSearch.cluesearch_13(testClueSearch.java:90)
</failure>
    <system-out><![CDATA[2019-01-04 09:34:48 Request:http://localhost:3456/wd/hub/session/01f13ab2-558c-4e9d-8a0e-894e1d6864ed/url:{"url":"https://baiyi.gaodun.com/#/cluesIndex"}
2019-01-04 09:34:48 Response:{"sessionId":"01f13ab2-558c-4e9d-8a0e-894e1d6864ed","status":0,"value":null}
attempt to search the element for 0 times
2019-01-04 09:34:54 Request:http://localhost:3456/wd/hub/session/01f13ab2-558c-4e9d-8a0e-894e1d6864ed/element:{"using":"xpath","value":"(.//*[normalize-space(text()) and normalize-space(.)='批量处理'])[1]/following::span[1]"}
2019-01-04 09:34:55 Response:{"sessionId":"01f13ab2-558c-4e9d-8a0e-894e1d6864ed","status":0,"value":{"ELEMENT":"0.17147959159921355-4"}}
2019-01-04 09:34:55 Request:http://localhost:3456/wd/hub/session/01f13ab2-558c-4e9d-8a0e-894e1d6864ed/element:{"using":"xpath","value":"(.//*[normalize-space(text()) and normalize-space(.)='批量处理'])[1]/following::span[1]"}
2019-01-04 09:34:55 Response:{"sessionId":"01f13ab2-558c-4e9d-8a0e-894e1d6864ed","status":0,"value":{"ELEMENT":"0.17147959159921355-4"}}
2019-01-04 09:34:55 Request:http://localhost:3456/wd/hub/session/01f13ab2-558c-4e9d-8a0e-894e1d6864ed/element/0.17147959159921355-4/click:{}
2019-01-04 09:34:55 Response:{"sessionId":"01f13ab2-558c-4e9d-8a0e-894e1d6864ed","status":0,"value":null}
attempt to search the element for 0 times
2019-01-04 09:35:01 Request:http://localhost:3456/wd/hub/session/01f13ab2-558c-4e9d-8a0e-894e1d6864ed/element:{"using":"xpath","value":"(.//*[normalize-space(text()) and normalize-space(.)='否'])[5]/following::i[1]"}
2019-01-04 09:35:01 Response:{"sessionId":"01f13ab2-558c-4e9d-8a0e-894e1d6864ed","status":0,"value":{"ELEMENT":"0.17147959159921355-34"}}
2019-01-04 09:35:01 Request:http://localhost:3456/wd/hub/session/01f13ab2-558c-4e9d-8a0e-894e1d6864ed/element:{"using":"xpath","value":"(.//*[normalize-space(text()) and normalize-space(.)='否'])[5]/following::i[1]"}
2019-01-04 09:35:01 Response:{"sessionId":"01f13ab2-558c-4e9d-8a0e-894e1d6864ed","status":0,"value":{"ELEMENT":"0.17147959159921355-34"}}
2019-01-04 09:35:01 Request:http://localhost:3456/wd/hub/session/01f13ab2-558c-4e9d-8a0e-894e1d6864ed/element/0.17147959159921355-34/click:{}
2019-01-04 09:35:01 Response:{"sessionId":"01f13ab2-558c-4e9d-8a0e-894e1d6864ed","status":0,"value":null}
attempt to search the element for 0 times
2019-01-04 09:35:01 Request:http://localhost:3456/wd/hub/session/01f13ab2-558c-4e9d-8a0e-894e1d6864ed/element:{"using":"xpath","value":"(.//*[normalize-space(text()) and normalize-space(.)='线索所属人:'])[1]/following::input[1]"}
2019-01-04 09:35:01 Response:{"sessionId":"01f13ab2-558c-4e9d-8a0e-894e1d6864ed","status":0,"value":{"ELEMENT":"0.17147959159921355-8"}}
2019-01-04 09:35:01 Request:http://localhost:3456/wd/hub/session/01f13ab2-558c-4e9d-8a0e-894e1d6864ed/element:{"using":"xpath","value":"(.//*[normalize-space(text()) and normalize-space(.)='线索所属人:'])[1]/following::input[1]"}
2019-01-04 09:35:01 Response:{"sessionId":"01f13ab2-558c-4e9d-8a0e-894e1d6864ed","status":0,"value":{"ELEMENT":"0.17147959159921355-8"}}
2019-01-04 09:35:01 Request:http://localhost:3456/wd/hub/session/01f13ab2-558c-4e9d-8a0e-894e1d6864ed/element/0.17147959159921355-8/click:{}
2019-01-04 09:35:02 Response:{"sessionId":"01f13ab2-558c-4e9d-8a0e-894e1d6864ed","status":0,"value":null}
attempt to search the element for 0 times
2019-01-04 09:35:02 Request:http://localhost:3456/wd/hub/session/01f13ab2-558c-4e9d-8a0e-894e1d6864ed/element:{"using":"xpath","value":"(.//*[normalize-space(text()) and normalize-space(.)='线索所属人:'])[1]/following::span[6]"}
2019-01-04 09:35:02 Response:{"sessionId":"01f13ab2-558c-4e9d-8a0e-894e1d6864ed","status":0,"value":{"ELEMENT":"0.17147959159921355-9"}}
2019-01-04 09:35:02 Request:http://localhost:3456/wd/hub/session/01f13ab2-558c-4e9d-8a0e-894e1d6864ed/element:{"using":"xpath","value":"(.//*[normalize-space(text()) and normalize-space(.)='线索所属人:'])[1]/following::span[6]"}
2019-01-04 09:35:02 Response:{"sessionId":"01f13ab2-558c-4e9d-8a0e-894e1d6864ed","status":0,"value":{"ELEMENT":"0.17147959159921355-9"}}
2019-01-04 09:35:02 Request:http://localhost:3456/wd/hub/session/01f13ab2-558c-4e9d-8a0e-894e1d6864ed/element/0.17147959159921355-9/click:{}
2019-01-04 09:35:02 Response:{"sessionId":"01f13ab2-558c-4e9d-8a0e-894e1d6864ed","status":0,"value":null}
attempt to search the element for 0 times
2019-01-04 09:35:02 Request:http://localhost:3456/wd/hub/session/01f13ab2-558c-4e9d-8a0e-894e1d6864ed/element:{"using":"xpath","value":"(.//*[normalize-space(text()) and normalize-space(.)='线索创建时间:'])[1]/following::input[1]"}
2019-01-04 09:35:02 Response:{"sessionId":"01f13ab2-558c-4e9d-8a0e-894e1d6864ed","status":0,"value":{"ELEMENT":"0.17147959159921355-5"}}
2019-01-04 09:35:02 Request:http://localhost:3456/wd/hub/session/01f13ab2-558c-4e9d-8a0e-894e1d6864ed/element:{"using":"xpath","value":"(.//*[normalize-space(text()) and normalize-space(.)='线索创建时间:'])[1]/following::input[1]"}
2019-01-04 09:35:02 Response:{"sessionId":"01f13ab2-558c-4e9d-8a0e-894e1d6864ed","status":0,"value":{"ELEMENT":"0.17147959159921355-5"}}
2019-01-04 09:35:02 Request:http://localhost:3456/wd/hub/session/01f13ab2-558c-4e9d-8a0e-894e1d6864ed/element/0.17147959159921355-5/click:{}
2019-01-04 09:35:02 Response:{"sessionId":"01f13ab2-558c-4e9d-8a0e-894e1d6864ed","status":0,"value":null}
attempt to search the element for 0 times
2019-01-04 09:35:03 Request:http://localhost:3456/wd/hub/session/01f13ab2-558c-4e9d-8a0e-894e1d6864ed/element:{"using":"xpath","value":"(.//*[normalize-space(text()) and normalize-space(.)='当月'])[1]/following::button[1]"}
2019-01-04 09:35:03 Response:{"sessionId":"01f13ab2-558c-4e9d-8a0e-894e1d6864ed","status":0,"value":{"ELEMENT":"0.17147959159921355-18"}}
2019-01-04 09:35:03 Request:http://localhost:3456/wd/hub/session/01f13ab2-558c-4e9d-8a0e-894e1d6864ed/element:{"using":"xpath","value":"(.//*[normalize-space(text()) and normalize-space(.)='当月'])[1]/following::button[1]"}
2019-01-04 09:35:03 Response:{"sessionId":"01f13ab2-558c-4e9d-8a0e-894e1d6864ed","status":0,"value":{"ELEMENT":"0.17147959159921355-18"}}
2019-01-04 09:35:03 Request:http://localhost:3456/wd/hub/session/01f13ab2-558c-4e9d-8a0e-894e1d6864ed/element/0.17147959159921355-18/click:{}
2019-01-04 09:35:03 Response:{"sessionId":"01f13ab2-558c-4e9d-8a0e-894e1d6864ed","status":11,"value":{"message":"element not interactable\n  (Session info: chrome=71.0.3578.98)\n  (Driver info: chromedriver=2.43.600210 (68dcf5eebde37173d4027fa8635e332711d2874a),platform=Windows NT 10.0.14393 x86_64)"}}
]]></system-out>
  </testcase>
  <testcase name="cluesearch_15" classname="com.javademo.cases.testClueSearch" time="21.494"/>
  <testcase name="cluesearch_16" classname="com.javademo.cases.testClueSearch" time="20.604"/>
  <testcase name="cluesearch_17" classname="com.javademo.cases.testClueSearch" time="9.281">
    <failure message="expected [true] but found [false]" type="java.lang.AssertionError">java.lang.AssertionError: expected [true] but found [false]
	at com.javademo.cases.testClueSearch.cluesearch_17(testClueSearch.java:112)
</failure>
    <system-out><![CDATA[2019-01-04 09:35:45 Request:http://localhost:3456/wd/hub/session/01f13ab2-558c-4e9d-8a0e-894e1d6864ed/url:{"url":"https://baiyi.gaodun.com/#/cluesIndex"}
2019-01-04 09:35:45 Response:{"sessionId":"01f13ab2-558c-4e9d-8a0e-894e1d6864ed","status":0,"value":null}
2019-01-04 09:35:50 Request:http://localhost:3456/wd/hub/session/01f13ab2-558c-4e9d-8a0e-894e1d6864ed/element:{"using":"xpath","value":"(//input[@type='text'])[2]"}
2019-01-04 09:35:50 Response:{"sessionId":"01f13ab2-558c-4e9d-8a0e-894e1d6864ed","status":0,"value":{"ELEMENT":"0.17147959159921355-45"}}
2019-01-04 09:35:50 Request:http://localhost:3456/wd/hub/session/01f13ab2-558c-4e9d-8a0e-894e1d6864ed/element/0.17147959159921355-45/value:{"value":["00119101357621"]}
2019-01-04 09:35:51 Response:{"sessionId":"01f13ab2-558c-4e9d-8a0e-894e1d6864ed","status":0,"value":null}
2019-01-04 09:35:51 Request:http://localhost:3456/wd/hub/session/01f13ab2-558c-4e9d-8a0e-894e1d6864ed/element:{"using":"xpath","value":"(.//*[normalize-space(text()) and normalize-space(.)='国际电话'])[1]/following::span[1]"}
2019-01-04 09:35:51 Response:{"sessionId":"01f13ab2-558c-4e9d-8a0e-894e1d6864ed","status":0,"value":{"ELEMENT":"0.17147959159921355-48"}}
2019-01-04 09:35:51 Request:http://localhost:3456/wd/hub/session/01f13ab2-558c-4e9d-8a0e-894e1d6864ed/element/0.17147959159921355-48/click:{}
2019-01-04 09:35:52 Response:{"sessionId":"01f13ab2-558c-4e9d-8a0e-894e1d6864ed","status":0,"value":null}
2019-01-04 09:35:55 Request:http://localhost:3456/wd/hub/session/01f13ab2-558c-4e9d-8a0e-894e1d6864ed/elements:{"using":"class name","value":"datagrid-cell-check"}
2019-01-04 09:35:55 Response:{"sessionId":"01f13ab2-558c-4e9d-8a0e-894e1d6864ed","status":0,"value":[]}
]]></system-out>
  </testcase>
</testsuite>